#
# There is insufficient memory for the Java Runtime Environment to continue.
# Native memory allocation (malloc) failed to allocate 1722896 bytes for Chunk::new
# Possible reasons:
#   The system is out of physical RAM or swap space
#   The process is running with CompressedOops enabled, and the Java Heap may be blocking the growth of the native heap
# Possible solutions:
#   Reduce memory load on the system
#   Increase physical memory or swap space
#   Check if swap backing store is full
#   Decrease Java heap size (-Xmx/-Xms)
#   Decrease number of Java threads
#   Decrease Java thread stack sizes (-Xss)
#   Set larger code cache with -XX:ReservedCodeCacheSize=
#   JVM is running with Unscaled Compressed Oops mode in which the Java heap is
#     placed in the first 4GB address space. The Java Heap base address is the
#     maximum limit for the native heap growth. Please use -XX:HeapBaseMinAddress
#     to set the Java Heap base and to place the Java Heap above 4GB virtual address.
# This output file may be truncated or incomplete.
#
#  Out of Memory Error (arena.cpp:184), pid=3236, tid=8728
#
# JRE version: OpenJDK Runtime Environment (19.0.2+7) (build 19.0.2+7-44)
# Java VM: OpenJDK 64-Bit Server VM (19.0.2+7-44, mixed mode, sharing, tiered, compressed oops, compressed class ptrs, g1 gc, windows-amd64)
# No core dump will be written. Minidumps are not enabled by default on client versions of Windows
#

---------------  S U M M A R Y ------------

Command Line: -ea -Didea.test.cyclic.buffer.size=1048576 -javaagent:C:\Users\tamar\AppData\Local\JetBrains\Toolbox\apps\IDEA-U\ch-0\223.8617.56\lib\idea_rt.jar=49957:C:\Users\tamar\AppData\Local\JetBrains\Toolbox\apps\IDEA-U\ch-0\223.8617.56\bin -Dfile.encoding=UTF-8 -Dsun.stdout.encoding=UTF-8 -Dsun.stderr.encoding=UTF-8 com.intellij.rt.junit.JUnitStarter -ideVersion5 -junit5 mk.ukim.finki.wp.september2021.SeleniumScenarioTest

Host: 11th Gen Intel(R) Core(TM) i5-1135G7 @ 2.40GHz, 8 cores, 7G,  Windows 10 , 64 bit Build 19041 (10.0.19041.4717)
Time: Wed Aug 21 22:55:13 2024 Central European Daylight Time elapsed time: 7.028891 seconds (0d 0h 0m 7s)

---------------  T H R E A D  ---------------

Current thread (0x0000022f178dade0):  JavaThread "C2 CompilerThread1" daemon [_thread_in_native, id=8728, stack(0x0000007f76f00000,0x0000007f77000000)]


Current CompileTask:
C2:   7028 6586       4       org.springframework.core.ResolvableType::forType (115 bytes)

Stack: [0x0000007f76f00000,0x0000007f77000000]
Native frames: (J=compiled Java code, j=interpreted, Vv=VM code, C=native code)
V  [jvm.dll+0x6ee21a]
V  [jvm.dll+0x85765e]
V  [jvm.dll+0x85904e]
V  [jvm.dll+0x859703]
V  [jvm.dll+0x28298f]
V  [jvm.dll+0xc9adf]
V  [jvm.dll+0xc9e65]
V  [jvm.dll+0x3bca12]
V  [jvm.dll+0x3860e1]
V  [jvm.dll+0x38555a]
V  [jvm.dll+0x24c3d9]
V  [jvm.dll+0x24b781]
V  [jvm.dll+0x1d6ce1]
V  [jvm.dll+0x25b25a]
V  [jvm.dll+0x2596e8]
V  [jvm.dll+0x807588]
V  [jvm.dll+0x80125a]
V  [jvm.dll+0x6ecf0b]
C  [ucrtbase.dll+0x21bb2]
C  [KERNEL32.DLL+0x17374]
C  [ntdll.dll+0x4cc91]


---------------  P R O C E S S  ---------------

Threads class SMR info:
_java_thread_list=0x0000022f18990cf0, length=35, elements={
0x0000022f735de5d0, 0x0000022f7ed14cb0, 0x0000022f7ed16550, 0x0000022f7ed1ab30,
0x0000022f7ed1b550, 0x0000022f7ed1c110, 0x0000022f7ed1ccd0, 0x0000022f7ed26f10,
0x0000022f7ed328c0, 0x0000022f7ed33640, 0x0000022f170f8690, 0x0000022f171a2e00,
0x0000022f171a9dc0, 0x0000022f178dade0, 0x0000022f1a840710, 0x0000022f1ae060d0,
0x0000022f1ae08600, 0x0000022f1ae07610, 0x0000022f1ae07b60, 0x0000022f179eb020,
0x0000022f1ae080b0, 0x0000022f1ae050e0, 0x0000022f1ae05630, 0x0000022f1c6f6b80,
0x0000022f1c6f7b70, 0x0000022f1c6f60e0, 0x0000022f1c6f70d0, 0x0000022f1c6f0140,
0x0000022f1c6f7620, 0x0000022f1c6f1680, 0x0000022f1c6f4100, 0x0000022f1c6f0690,
0x0000022f1c6f3660, 0x0000022f1c6f2120, 0x0000022f1c6f50f0
}

Java Threads: ( => current thread )
  0x0000022f735de5d0 JavaThread "main" [_thread_blocked, id=5276, stack(0x0000007f75b00000,0x0000007f75c00000)]
  0x0000022f7ed14cb0 JavaThread "Reference Handler" daemon [_thread_blocked, id=12292, stack(0x0000007f76200000,0x0000007f76300000)]
  0x0000022f7ed16550 JavaThread "Finalizer" daemon [_thread_blocked, id=7632, stack(0x0000007f76300000,0x0000007f76400000)]
  0x0000022f7ed1ab30 JavaThread "Signal Dispatcher" daemon [_thread_blocked, id=4728, stack(0x0000007f76400000,0x0000007f76500000)]
  0x0000022f7ed1b550 JavaThread "Attach Listener" daemon [_thread_blocked, id=10812, stack(0x0000007f76500000,0x0000007f76600000)]
  0x0000022f7ed1c110 JavaThread "Service Thread" daemon [_thread_blocked, id=15336, stack(0x0000007f76600000,0x0000007f76700000)]
  0x0000022f7ed1ccd0 JavaThread "Monitor Deflation Thread" daemon [_thread_blocked, id=10592, stack(0x0000007f76700000,0x0000007f76800000)]
  0x0000022f7ed26f10 JavaThread "C2 CompilerThread0" daemon [_thread_in_native, id=6856, stack(0x0000007f76800000,0x0000007f76900000)]
  0x0000022f7ed328c0 JavaThread "C1 CompilerThread0" daemon [_thread_blocked, id=15480, stack(0x0000007f76900000,0x0000007f76a00000)]
  0x0000022f7ed33640 JavaThread "Sweeper thread" daemon [_thread_blocked, id=15572, stack(0x0000007f76a00000,0x0000007f76b00000)]
  0x0000022f170f8690 JavaThread "Common-Cleaner" daemon [_thread_blocked, id=4452, stack(0x0000007f76b00000,0x0000007f76c00000)]
  0x0000022f171a2e00 JavaThread "Monitor Ctrl-Break" daemon [_thread_in_native, id=14616, stack(0x0000007f76c00000,0x0000007f76d00000)]
  0x0000022f171a9dc0 JavaThread "Notification Thread" daemon [_thread_blocked, id=13116, stack(0x0000007f76d00000,0x0000007f76e00000)]
=>0x0000022f178dade0 JavaThread "C2 CompilerThread1" daemon [_thread_in_native, id=8728, stack(0x0000007f76f00000,0x0000007f77000000)]
  0x0000022f1a840710 JavaThread "HikariPool-1 housekeeper" daemon [_thread_blocked, id=16912, stack(0x0000007f77900000,0x0000007f77a00000)]
  0x0000022f1ae060d0 JavaThread "HikariPool-1 connection adder" daemon [_thread_blocked, id=10220, stack(0x0000007f77a00000,0x0000007f77b00000)]
  0x0000022f1ae08600 JavaThread "Catalina-utility-1" [_thread_blocked, id=12064, stack(0x0000007f77b00000,0x0000007f77c00000)]
  0x0000022f1ae07610 JavaThread "Catalina-utility-2" [_thread_blocked, id=14368, stack(0x0000007f77c00000,0x0000007f77d00000)]
  0x0000022f1ae07b60 JavaThread "container-0" [_thread_blocked, id=17916, stack(0x0000007f77d00000,0x0000007f77e00000)]
  0x0000022f179eb020 JavaThread "C2 CompilerThread2" daemon [_thread_in_native, id=15524, stack(0x0000007f77800000,0x0000007f77900000)]
  0x0000022f1ae080b0 JavaThread "http-nio-9999-BlockPoller" daemon [_thread_in_native, id=2704, stack(0x0000007f77e00000,0x0000007f77f00000)]
  0x0000022f1ae050e0 JavaThread "http-nio-9999-exec-1" daemon [_thread_blocked, id=2196, stack(0x0000007f77f00000,0x0000007f78000000)]
  0x0000022f1ae05630 JavaThread "http-nio-9999-exec-2" daemon [_thread_in_native, id=9248, stack(0x0000007f78000000,0x0000007f78100000)]
  0x0000022f1c6f6b80 JavaThread "http-nio-9999-exec-3" daemon [_thread_blocked, id=4908, stack(0x0000007f78100000,0x0000007f78200000)]
  0x0000022f1c6f7b70 JavaThread "http-nio-9999-exec-4" daemon [_thread_blocked, id=12536, stack(0x0000007f78200000,0x0000007f78300000)]
  0x0000022f1c6f60e0 JavaThread "http-nio-9999-exec-5" daemon [_thread_blocked, id=9420, stack(0x0000007f78300000,0x0000007f78400000)]
  0x0000022f1c6f70d0 JavaThread "http-nio-9999-exec-6" daemon [_thread_blocked, id=9036, stack(0x0000007f78400000,0x0000007f78500000)]
  0x0000022f1c6f0140 JavaThread "http-nio-9999-exec-7" daemon [_thread_blocked, id=9852, stack(0x0000007f78500000,0x0000007f78600000)]
  0x0000022f1c6f7620 JavaThread "http-nio-9999-exec-8" daemon [_thread_blocked, id=16392, stack(0x0000007f78600000,0x0000007f78700000)]
  0x0000022f1c6f1680 JavaThread "http-nio-9999-exec-9" daemon [_thread_blocked, id=16720, stack(0x0000007f78700000,0x0000007f78800000)]
  0x0000022f1c6f4100 JavaThread "http-nio-9999-exec-10" daemon [_thread_blocked, id=16808, stack(0x0000007f78800000,0x0000007f78900000)]
  0x0000022f1c6f0690 JavaThread "http-nio-9999-ClientPoller" daemon [_thread_in_native, id=14056, stack(0x0000007f78900000,0x0000007f78a00000)]
  0x0000022f1c6f3660 JavaThread "http-nio-9999-Acceptor" daemon [_thread_in_native, id=12360, stack(0x0000007f78a00000,0x0000007f78b00000)]
  0x0000022f1c6f2120 JavaThread "JS executor for com.gargoylesoftware.htmlunit.WebClient@22ca5fe1" daemon [_thread_blocked, id=3060, stack(0x0000007f78b00000,0x0000007f78c00000)]
  0x0000022f1c6f50f0 JavaThread "pool-1-thread-1" [_thread_in_native, id=5392, stack(0x0000007f78c00000,0x0000007f78d00000)]

Other Threads:
  0x0000022f7ecf9080 VMThread "VM Thread" [stack: 0x0000007f76100000,0x0000007f76200000] [id=15920]
  0x0000022f735df5f0 WatcherThread "VM Periodic Task Thread" [stack: 0x0000007f76e00000,0x0000007f76f00000] [id=11240]
  0x0000022f7363c220 WorkerThread "GC Thread#0" [stack: 0x0000007f75c00000,0x0000007f75d00000] [id=2868]
  0x0000022f17a49bd0 WorkerThread "GC Thread#1" [stack: 0x0000007f77000000,0x0000007f77100000] [id=4932]
  0x0000022f17a49360 WorkerThread "GC Thread#2" [stack: 0x0000007f77100000,0x0000007f77200000] [id=18316]
  0x0000022f17a49ea0 WorkerThread "GC Thread#3" [stack: 0x0000007f77200000,0x0000007f77300000] [id=11320]
  0x0000022f17a48550 WorkerThread "GC Thread#4" [stack: 0x0000007f77300000,0x0000007f77400000] [id=15520]
  0x0000022f17a48af0 WorkerThread "GC Thread#5" [stack: 0x0000007f77400000,0x0000007f77500000] [id=3420]
  0x0000022f17a4a170 WorkerThread "GC Thread#6" [stack: 0x0000007f77500000,0x0000007f77600000] [id=3024]
  0x0000022f17a49900 WorkerThread "GC Thread#7" [stack: 0x0000007f77600000,0x0000007f77700000] [id=13648]
  0x0000022f7364dab0 ConcurrentGCThread "G1 Main Marker" [stack: 0x0000007f75d00000,0x0000007f75e00000] [id=3424]
  0x0000022f7364e4e0 WorkerThread "G1 Conc#0" [stack: 0x0000007f75e00000,0x0000007f75f00000] [id=9348]
  0x0000022f184b4860 WorkerThread "G1 Conc#1" [stack: 0x0000007f77700000,0x0000007f77800000] [id=12932]
  0x0000022f7368e980 ConcurrentGCThread "G1 Refine#0" [stack: 0x0000007f75f00000,0x0000007f76000000] [id=14436]
  0x0000022f7ebb66d0 ConcurrentGCThread "G1 Service" [stack: 0x0000007f76000000,0x0000007f76100000] [id=15716]

Threads with active compile tasks:
C2 CompilerThread0     7039 6551       4       org.springframework.core.ResolvableType::hasGenerics (14 bytes)
C1 CompilerThread0     7039 6673   !   3       java.io.StringReader::read (52 bytes)
C2 CompilerThread1     7039 6586       4       org.springframework.core.ResolvableType::forType (115 bytes)
C2 CompilerThread2     7039 6550       4       org.springframework.beans.factory.support.AbstractBeanFactory::isTypeMatch (607 bytes)

VM state: not at safepoint (normal execution)

VM Mutex/Monitor currently owned by a thread: None

Heap address: 0x0000000084400000, size: 1980 MB, Compressed Oops mode: 32-bit

CDS archive(s) mapped at: [0x0000000800000000-0x0000000800c40000-0x0000000800c40000), size 12845056, SharedBaseAddress: 0x0000000800000000, ArchiveRelocationMode: 0.
Compressed class space mapped at: 0x0000000801000000-0x0000000841000000, reserved size: 1073741824
Narrow klass base: 0x0000000800000000, Narrow klass shift: 0, Narrow klass range: 0x100000000

GC Precious Log:
 CardTable entry size: 512
 Card Set container configuration: InlinePtr #cards 5 size 8 Array Of Cards #cards 12 size 40 Howl #buckets 4 coarsen threshold 1843 Howl Bitmap #cards 512 size 80 coarsen threshold 460 Card regions per heap region 1 cards per card region 2048
 CPUs: 8 total, 8 available
 Memory: 7918M
 Large Page Support: Disabled
 NUMA Support: Disabled
 Compressed Oops: Enabled (32-bit)
 Heap Region Size: 1M
 Heap Min Capacity: 8M
 Heap Initial Capacity: 124M
 Heap Max Capacity: 1980M
 Pre-touch: Disabled
 Parallel Workers: 8
 Concurrent Workers: 2
 Concurrent Refinement Workers: 8
 Periodic GC: Disabled

Heap:
 garbage-first heap   total 147456K, used 66309K [0x0000000084400000, 0x0000000100000000)
  region size 1024K, 30 young (30720K), 3 survivors (3072K)
 Metaspace       used 76274K, committed 76736K, reserved 1179648K
  class space    used 11293K, committed 11520K, reserved 1048576K

Heap Regions: E=young(eden), S=young(survivor), O=old, HS=humongous(starts), HC=humongous(continues), CS=collection set, F=free, OA=open archive, CA=closed archive, TAMS=top-at-mark-start (previous, next)
|   0|0x0000000084400000, 0x0000000084500000, 0x0000000084500000|100%|HS|  |TAMS 0x0000000084500000, 0x0000000084400000| Complete 
|   1|0x0000000084500000, 0x0000000084600000, 0x0000000084600000|100%| O|  |TAMS 0x0000000084600000, 0x0000000084500000| Untracked 
|   2|0x0000000084600000, 0x0000000084700000, 0x0000000084700000|100%| O|  |TAMS 0x0000000084700000, 0x0000000084600000| Untracked 
|   3|0x0000000084700000, 0x0000000084800000, 0x0000000084800000|100%| O|  |TAMS 0x0000000084800000, 0x0000000084700000| Untracked 
|   4|0x0000000084800000, 0x0000000084900000, 0x0000000084900000|100%| O|  |TAMS 0x0000000084900000, 0x0000000084800000| Untracked 
|   5|0x0000000084900000, 0x0000000084a00000, 0x0000000084a00000|100%| O|  |TAMS 0x0000000084a00000, 0x0000000084900000| Untracked 
|   6|0x0000000084a00000, 0x0000000084b00000, 0x0000000084b00000|100%| O|  |TAMS 0x0000000084b00000, 0x0000000084a00000| Untracked 
|   7|0x0000000084b00000, 0x0000000084c00000, 0x0000000084c00000|100%| O|  |TAMS 0x0000000084c00000, 0x0000000084b00000| Untracked 
|   8|0x0000000084c00000, 0x0000000084d00000, 0x0000000084d00000|100%| O|  |TAMS 0x0000000084d00000, 0x0000000084c00000| Untracked 
|   9|0x0000000084d00000, 0x0000000084e00000, 0x0000000084e00000|100%| O|  |TAMS 0x0000000084e00000, 0x0000000084d00000| Untracked 
|  10|0x0000000084e00000, 0x0000000084f00000, 0x0000000084f00000|100%| O|  |TAMS 0x0000000084f00000, 0x0000000084e00000| Untracked 
|  11|0x0000000084f00000, 0x0000000085000000, 0x0000000085000000|100%| O|  |TAMS 0x0000000085000000, 0x0000000084f00000| Untracked 
|  12|0x0000000085000000, 0x0000000085100000, 0x0000000085100000|100%| O|  |TAMS 0x0000000085100000, 0x0000000085000000| Untracked 
|  13|0x0000000085100000, 0x0000000085200000, 0x0000000085200000|100%| O|  |TAMS 0x0000000085200000, 0x0000000085100000| Untracked 
|  14|0x0000000085200000, 0x0000000085300000, 0x0000000085300000|100%| O|  |TAMS 0x0000000085300000, 0x0000000085200000| Untracked 
|  15|0x0000000085300000, 0x0000000085400000, 0x0000000085400000|100%| O|  |TAMS 0x0000000085400000, 0x0000000085300000| Untracked 
|  16|0x0000000085400000, 0x0000000085500000, 0x0000000085500000|100%| O|  |TAMS 0x0000000085500000, 0x0000000085400000| Untracked 
|  17|0x0000000085500000, 0x0000000085600000, 0x0000000085600000|100%| O|  |TAMS 0x0000000085600000, 0x0000000085500000| Untracked 
|  18|0x0000000085600000, 0x0000000085700000, 0x0000000085700000|100%| O|  |TAMS 0x0000000085700000, 0x0000000085600000| Untracked 
|  19|0x0000000085700000, 0x0000000085800000, 0x0000000085800000|100%| O|  |TAMS 0x0000000085800000, 0x0000000085700000| Untracked 
|  20|0x0000000085800000, 0x0000000085800000, 0x0000000085900000|  0%| F|  |TAMS 0x0000000085800000, 0x0000000085800000| Untracked 
|  21|0x0000000085900000, 0x0000000085a00000, 0x0000000085a00000|100%| O|  |TAMS 0x0000000085a00000, 0x0000000085900000| Untracked 
|  22|0x0000000085a00000, 0x0000000085b00000, 0x0000000085b00000|100%| O|  |TAMS 0x0000000085b00000, 0x0000000085a00000| Untracked 
|  23|0x0000000085b00000, 0x0000000085c00000, 0x0000000085c00000|100%| O|  |TAMS 0x0000000085c00000, 0x0000000085b00000| Untracked 
|  24|0x0000000085c00000, 0x0000000085d00000, 0x0000000085d00000|100%| O|  |TAMS 0x0000000085d00000, 0x0000000085c00000| Untracked 
|  25|0x0000000085d00000, 0x0000000085e00000, 0x0000000085e00000|100%| O|  |TAMS 0x0000000085e00000, 0x0000000085d00000| Untracked 
|  26|0x0000000085e00000, 0x0000000085f00000, 0x0000000085f00000|100%| O|  |TAMS 0x0000000085f00000, 0x0000000085e00000| Untracked 
|  27|0x0000000085f00000, 0x0000000086000000, 0x0000000086000000|100%| O|  |TAMS 0x0000000086000000, 0x0000000085f00000| Untracked 
|  28|0x0000000086000000, 0x0000000086100000, 0x0000000086100000|100%| O|  |TAMS 0x0000000086100000, 0x0000000086000000| Complete 
|  29|0x0000000086100000, 0x0000000086200000, 0x0000000086200000|100%| O|  |TAMS 0x0000000086200000, 0x0000000086100000| Untracked 
|  30|0x0000000086200000, 0x0000000086300000, 0x0000000086300000|100%| O|  |TAMS 0x0000000086300000, 0x0000000086200000| Untracked 
|  31|0x0000000086300000, 0x0000000086400000, 0x0000000086400000|100%| O|  |TAMS 0x0000000086400000, 0x0000000086300000| Complete 
|  32|0x0000000086400000, 0x0000000086500000, 0x0000000086500000|100%| O|  |TAMS 0x0000000086500000, 0x0000000086400000| Complete 
|  33|0x0000000086500000, 0x0000000086600000, 0x0000000086600000|100%| O|  |TAMS 0x0000000086600000, 0x0000000086500000| Untracked 
|  34|0x0000000086600000, 0x0000000086700000, 0x0000000086700000|100%| O|  |TAMS 0x0000000086700000, 0x0000000086600000| Untracked 
|  35|0x0000000086700000, 0x0000000086800000, 0x0000000086800000|100%| O|  |TAMS 0x0000000086800000, 0x0000000086700000| Untracked 
|  36|0x0000000086800000, 0x0000000086900000, 0x0000000086900000|100%| O|  |TAMS 0x0000000086900000, 0x0000000086800000| Untracked 
|  37|0x0000000086900000, 0x00000000869f3800, 0x0000000086a00000| 95%| O|  |TAMS 0x00000000869f3800, 0x0000000086900000| Untracked 
|  38|0x0000000086a00000, 0x0000000086a00000, 0x0000000086b00000|  0%| F|  |TAMS 0x0000000086a00000, 0x0000000086a00000| Untracked 
|  39|0x0000000086b00000, 0x0000000086b00000, 0x0000000086c00000|  0%| F|  |TAMS 0x0000000086b00000, 0x0000000086b00000| Untracked 
|  40|0x0000000086c00000, 0x0000000086c00000, 0x0000000086d00000|  0%| F|  |TAMS 0x0000000086c00000, 0x0000000086c00000| Untracked 
|  41|0x0000000086d00000, 0x0000000086d00000, 0x0000000086e00000|  0%| F|  |TAMS 0x0000000086d00000, 0x0000000086d00000| Untracked 
|  42|0x0000000086e00000, 0x0000000086e00000, 0x0000000086f00000|  0%| F|  |TAMS 0x0000000086e00000, 0x0000000086e00000| Untracked 
|  43|0x0000000086f00000, 0x0000000086f00000, 0x0000000087000000|  0%| F|  |TAMS 0x0000000086f00000, 0x0000000086f00000| Untracked 
|  44|0x0000000087000000, 0x0000000087000000, 0x0000000087100000|  0%| F|  |TAMS 0x0000000087000000, 0x0000000087000000| Untracked 
|  45|0x0000000087100000, 0x0000000087100000, 0x0000000087200000|  0%| F|  |TAMS 0x0000000087100000, 0x0000000087100000| Untracked 
|  46|0x0000000087200000, 0x0000000087200000, 0x0000000087300000|  0%| F|  |TAMS 0x0000000087200000, 0x0000000087200000| Untracked 
|  47|0x0000000087300000, 0x0000000087300000, 0x0000000087400000|  0%| F|  |TAMS 0x0000000087300000, 0x0000000087300000| Untracked 
|  48|0x0000000087400000, 0x0000000087400000, 0x0000000087500000|  0%| F|  |TAMS 0x0000000087400000, 0x0000000087400000| Untracked 
|  49|0x0000000087500000, 0x0000000087500000, 0x0000000087600000|  0%| F|  |TAMS 0x0000000087500000, 0x0000000087500000| Untracked 
|  50|0x0000000087600000, 0x00000000876cdee0, 0x0000000087700000| 80%| S|CS|TAMS 0x0000000087600000, 0x0000000087600000| Complete 
|  51|0x0000000087700000, 0x0000000087800000, 0x0000000087800000|100%| S|CS|TAMS 0x0000000087700000, 0x0000000087700000| Complete 
|  52|0x0000000087800000, 0x0000000087900000, 0x0000000087900000|100%| S|CS|TAMS 0x0000000087800000, 0x0000000087800000| Complete 
|  53|0x0000000087900000, 0x0000000087900000, 0x0000000087a00000|  0%| F|  |TAMS 0x0000000087900000, 0x0000000087900000| Untracked 
|  54|0x0000000087a00000, 0x0000000087a00000, 0x0000000087b00000|  0%| F|  |TAMS 0x0000000087a00000, 0x0000000087a00000| Untracked 
|  55|0x0000000087b00000, 0x0000000087b00000, 0x0000000087c00000|  0%| F|  |TAMS 0x0000000087b00000, 0x0000000087b00000| Untracked 
|  56|0x0000000087c00000, 0x0000000087c00000, 0x0000000087d00000|  0%| F|  |TAMS 0x0000000087c00000, 0x0000000087c00000| Untracked 
|  57|0x0000000087d00000, 0x0000000087d00000, 0x0000000087e00000|  0%| F|  |TAMS 0x0000000087d00000, 0x0000000087d00000| Untracked 
|  58|0x0000000087e00000, 0x0000000087e00000, 0x0000000087f00000|  0%| F|  |TAMS 0x0000000087e00000, 0x0000000087e00000| Untracked 
|  59|0x0000000087f00000, 0x0000000087f00000, 0x0000000088000000|  0%| F|  |TAMS 0x0000000087f00000, 0x0000000087f00000| Untracked 
|  60|0x0000000088000000, 0x0000000088000000, 0x0000000088100000|  0%| F|  |TAMS 0x0000000088000000, 0x0000000088000000| Untracked 
|  61|0x0000000088100000, 0x0000000088100000, 0x0000000088200000|  0%| F|  |TAMS 0x0000000088100000, 0x0000000088100000| Untracked 
|  62|0x0000000088200000, 0x0000000088200000, 0x0000000088300000|  0%| F|  |TAMS 0x0000000088200000, 0x0000000088200000| Untracked 
|  63|0x0000000088300000, 0x0000000088300000, 0x0000000088400000|  0%| F|  |TAMS 0x0000000088300000, 0x0000000088300000| Untracked 
|  64|0x0000000088400000, 0x0000000088400000, 0x0000000088500000|  0%| F|  |TAMS 0x0000000088400000, 0x0000000088400000| Untracked 
|  65|0x0000000088500000, 0x0000000088500000, 0x0000000088600000|  0%| F|  |TAMS 0x0000000088500000, 0x0000000088500000| Untracked 
|  66|0x0000000088600000, 0x0000000088600000, 0x0000000088700000|  0%| F|  |TAMS 0x0000000088600000, 0x0000000088600000| Untracked 
|  67|0x0000000088700000, 0x0000000088700000, 0x0000000088800000|  0%| F|  |TAMS 0x0000000088700000, 0x0000000088700000| Untracked 
|  68|0x0000000088800000, 0x0000000088800000, 0x0000000088900000|  0%| F|  |TAMS 0x0000000088800000, 0x0000000088800000| Untracked 
|  69|0x0000000088900000, 0x0000000088900000, 0x0000000088a00000|  0%| F|  |TAMS 0x0000000088900000, 0x0000000088900000| Untracked 
|  70|0x0000000088a00000, 0x0000000088a00000, 0x0000000088b00000|  0%| F|  |TAMS 0x0000000088a00000, 0x0000000088a00000| Untracked 
|  71|0x0000000088b00000, 0x0000000088b00000, 0x0000000088c00000|  0%| F|  |TAMS 0x0000000088b00000, 0x0000000088b00000| Untracked 
|  72|0x0000000088c00000, 0x0000000088c00000, 0x0000000088d00000|  0%| F|  |TAMS 0x0000000088c00000, 0x0000000088c00000| Untracked 
|  73|0x0000000088d00000, 0x0000000088d00000, 0x0000000088e00000|  0%| F|  |TAMS 0x0000000088d00000, 0x0000000088d00000| Untracked 
|  74|0x0000000088e00000, 0x0000000088e00000, 0x0000000088f00000|  0%| F|  |TAMS 0x0000000088e00000, 0x0000000088e00000| Untracked 
|  75|0x0000000088f00000, 0x0000000088f00000, 0x0000000089000000|  0%| F|  |TAMS 0x0000000088f00000, 0x0000000088f00000| Untracked 
|  76|0x0000000089000000, 0x0000000089000000, 0x0000000089100000|  0%| F|  |TAMS 0x0000000089000000, 0x0000000089000000| Untracked 
|  77|0x0000000089100000, 0x0000000089100000, 0x0000000089200000|  0%| F|  |TAMS 0x0000000089100000, 0x0000000089100000| Untracked 
|  78|0x0000000089200000, 0x0000000089200000, 0x0000000089300000|  0%| F|  |TAMS 0x0000000089200000, 0x0000000089200000| Untracked 
|  79|0x0000000089300000, 0x0000000089300000, 0x0000000089400000|  0%| F|  |TAMS 0x0000000089300000, 0x0000000089300000| Untracked 
|  80|0x0000000089400000, 0x0000000089400000, 0x0000000089500000|  0%| F|  |TAMS 0x0000000089400000, 0x0000000089400000| Untracked 
|  81|0x0000000089500000, 0x0000000089500000, 0x0000000089600000|  0%| F|  |TAMS 0x0000000089500000, 0x0000000089500000| Untracked 
|  82|0x0000000089600000, 0x0000000089600000, 0x0000000089700000|  0%| F|  |TAMS 0x0000000089600000, 0x0000000089600000| Untracked 
|  83|0x0000000089700000, 0x0000000089700000, 0x0000000089800000|  0%| F|  |TAMS 0x0000000089700000, 0x0000000089700000| Untracked 
|  84|0x0000000089800000, 0x0000000089800000, 0x0000000089900000|  0%| F|  |TAMS 0x0000000089800000, 0x0000000089800000| Untracked 
|  85|0x0000000089900000, 0x0000000089900000, 0x0000000089a00000|  0%| F|  |TAMS 0x0000000089900000, 0x0000000089900000| Untracked 
|  86|0x0000000089a00000, 0x0000000089a00000, 0x0000000089b00000|  0%| F|  |TAMS 0x0000000089a00000, 0x0000000089a00000| Untracked 
|  87|0x0000000089b00000, 0x0000000089b00000, 0x0000000089c00000|  0%| F|  |TAMS 0x0000000089b00000, 0x0000000089b00000| Untracked 
|  88|0x0000000089c00000, 0x0000000089c00000, 0x0000000089d00000|  0%| F|  |TAMS 0x0000000089c00000, 0x0000000089c00000| Untracked 
|  89|0x0000000089d00000, 0x0000000089d00000, 0x0000000089e00000|  0%| F|  |TAMS 0x0000000089d00000, 0x0000000089d00000| Untracked 
|  90|0x0000000089e00000, 0x0000000089e00000, 0x0000000089f00000|  0%| F|  |TAMS 0x0000000089e00000, 0x0000000089e00000| Untracked 
|  91|0x0000000089f00000, 0x0000000089f00000, 0x000000008a000000|  0%| F|  |TAMS 0x0000000089f00000, 0x0000000089f00000| Untracked 
|  92|0x000000008a000000, 0x000000008a000000, 0x000000008a100000|  0%| F|  |TAMS 0x000000008a000000, 0x000000008a000000| Untracked 
|  93|0x000000008a100000, 0x000000008a100000, 0x000000008a200000|  0%| F|  |TAMS 0x000000008a100000, 0x000000008a100000| Untracked 
|  94|0x000000008a200000, 0x000000008a200000, 0x000000008a300000|  0%| F|  |TAMS 0x000000008a200000, 0x000000008a200000| Untracked 
|  95|0x000000008a300000, 0x000000008a300000, 0x000000008a400000|  0%| F|  |TAMS 0x000000008a300000, 0x000000008a300000| Untracked 
|  96|0x000000008a400000, 0x000000008a400000, 0x000000008a500000|  0%| F|  |TAMS 0x000000008a400000, 0x000000008a400000| Untracked 
|  97|0x000000008a500000, 0x000000008a500000, 0x000000008a600000|  0%| F|  |TAMS 0x000000008a500000, 0x000000008a500000| Untracked 
|  98|0x000000008a600000, 0x000000008a600000, 0x000000008a700000|  0%| F|  |TAMS 0x000000008a600000, 0x000000008a600000| Untracked 
|  99|0x000000008a700000, 0x000000008a700000, 0x000000008a800000|  0%| F|  |TAMS 0x000000008a700000, 0x000000008a700000| Untracked 
| 100|0x000000008a800000, 0x000000008a800000, 0x000000008a900000|  0%| F|  |TAMS 0x000000008a800000, 0x000000008a800000| Untracked 
| 101|0x000000008a900000, 0x000000008a900000, 0x000000008aa00000|  0%| F|  |TAMS 0x000000008a900000, 0x000000008a900000| Untracked 
| 102|0x000000008aa00000, 0x000000008aa00000, 0x000000008ab00000|  0%| F|  |TAMS 0x000000008aa00000, 0x000000008aa00000| Untracked 
| 103|0x000000008ab00000, 0x000000008ab00000, 0x000000008ac00000|  0%| F|  |TAMS 0x000000008ab00000, 0x000000008ab00000| Untracked 
| 104|0x000000008ac00000, 0x000000008ac00000, 0x000000008ad00000|  0%| F|  |TAMS 0x000000008ac00000, 0x000000008ac00000| Untracked 
| 105|0x000000008ad00000, 0x000000008ad00000, 0x000000008ae00000|  0%| F|  |TAMS 0x000000008ad00000, 0x000000008ad00000| Untracked 
| 106|0x000000008ae00000, 0x000000008ae00000, 0x000000008af00000|  0%| F|  |TAMS 0x000000008ae00000, 0x000000008ae00000| Untracked 
| 107|0x000000008af00000, 0x000000008af00000, 0x000000008b000000|  0%| F|  |TAMS 0x000000008af00000, 0x000000008af00000| Untracked 
| 108|0x000000008b000000, 0x000000008b000000, 0x000000008b100000|  0%| F|  |TAMS 0x000000008b000000, 0x000000008b000000| Untracked 
| 109|0x000000008b100000, 0x000000008b100000, 0x000000008b200000|  0%| F|  |TAMS 0x000000008b100000, 0x000000008b100000| Untracked 
| 110|0x000000008b200000, 0x000000008b200000, 0x000000008b300000|  0%| F|  |TAMS 0x000000008b200000, 0x000000008b200000| Untracked 
| 111|0x000000008b300000, 0x000000008b300000, 0x000000008b400000|  0%| F|  |TAMS 0x000000008b300000, 0x000000008b300000| Untracked 
| 112|0x000000008b400000, 0x000000008b400000, 0x000000008b500000|  0%| F|  |TAMS 0x000000008b400000, 0x000000008b400000| Untracked 
| 113|0x000000008b500000, 0x000000008b500000, 0x000000008b600000|  0%| F|  |TAMS 0x000000008b500000, 0x000000008b500000| Untracked 
| 114|0x000000008b600000, 0x000000008b600000, 0x000000008b700000|  0%| F|  |TAMS 0x000000008b600000, 0x000000008b600000| Untracked 
| 115|0x000000008b700000, 0x000000008b700000, 0x000000008b800000|  0%| F|  |TAMS 0x000000008b700000, 0x000000008b700000| Untracked 
| 116|0x000000008b800000, 0x000000008b800000, 0x000000008b900000|  0%| F|  |TAMS 0x000000008b800000, 0x000000008b800000| Untracked 
| 117|0x000000008b900000, 0x000000008b9d81d0, 0x000000008ba00000| 84%| E|  |TAMS 0x000000008b900000, 0x000000008b900000| Complete 
| 118|0x000000008ba00000, 0x000000008bb00000, 0x000000008bb00000|100%| E|CS|TAMS 0x000000008ba00000, 0x000000008ba00000| Complete 
| 119|0x000000008bb00000, 0x000000008bc00000, 0x000000008bc00000|100%| E|CS|TAMS 0x000000008bb00000, 0x000000008bb00000| Complete 
| 120|0x000000008bc00000, 0x000000008bd00000, 0x000000008bd00000|100%| E|CS|TAMS 0x000000008bc00000, 0x000000008bc00000| Complete 
| 121|0x000000008bd00000, 0x000000008be00000, 0x000000008be00000|100%| E|CS|TAMS 0x000000008bd00000, 0x000000008bd00000| Complete 
| 122|0x000000008be00000, 0x000000008bf00000, 0x000000008bf00000|100%| E|CS|TAMS 0x000000008be00000, 0x000000008be00000| Complete 
| 123|0x000000008bf00000, 0x000000008c000000, 0x000000008c000000|100%| E|CS|TAMS 0x000000008bf00000, 0x000000008bf00000| Complete 
| 124|0x000000008c000000, 0x000000008c100000, 0x000000008c100000|100%| E|CS|TAMS 0x000000008c000000, 0x000000008c000000| Complete 
| 125|0x000000008c100000, 0x000000008c200000, 0x000000008c200000|100%| E|CS|TAMS 0x000000008c100000, 0x000000008c100000| Complete 
| 126|0x000000008c200000, 0x000000008c300000, 0x000000008c300000|100%| E|  |TAMS 0x000000008c200000, 0x000000008c200000| Complete 
| 127|0x000000008c300000, 0x000000008c400000, 0x000000008c400000|100%| E|CS|TAMS 0x000000008c300000, 0x000000008c300000| Complete 
| 128|0x000000008c400000, 0x000000008c500000, 0x000000008c500000|100%| E|CS|TAMS 0x000000008c400000, 0x000000008c400000| Complete 
| 129|0x000000008c500000, 0x000000008c600000, 0x000000008c600000|100%| E|CS|TAMS 0x000000008c500000, 0x000000008c500000| Complete 
| 130|0x000000008c600000, 0x000000008c700000, 0x000000008c700000|100%| E|CS|TAMS 0x000000008c600000, 0x000000008c600000| Complete 
| 131|0x000000008c700000, 0x000000008c800000, 0x000000008c800000|100%| E|CS|TAMS 0x000000008c700000, 0x000000008c700000| Complete 
| 132|0x000000008c800000, 0x000000008c900000, 0x000000008c900000|100%| E|CS|TAMS 0x000000008c800000, 0x000000008c800000| Complete 
| 133|0x000000008c900000, 0x000000008ca00000, 0x000000008ca00000|100%| E|CS|TAMS 0x000000008c900000, 0x000000008c900000| Complete 
| 134|0x000000008ca00000, 0x000000008cb00000, 0x000000008cb00000|100%| E|CS|TAMS 0x000000008ca00000, 0x000000008ca00000| Complete 
| 135|0x000000008cb00000, 0x000000008cc00000, 0x000000008cc00000|100%| E|CS|TAMS 0x000000008cb00000, 0x000000008cb00000| Complete 
| 136|0x000000008cc00000, 0x000000008cd00000, 0x000000008cd00000|100%| E|CS|TAMS 0x000000008cc00000, 0x000000008cc00000| Complete 
| 137|0x000000008cd00000, 0x000000008ce00000, 0x000000008ce00000|100%| E|CS|TAMS 0x000000008cd00000, 0x000000008cd00000| Complete 
| 138|0x000000008ce00000, 0x000000008cf00000, 0x000000008cf00000|100%| E|CS|TAMS 0x000000008ce00000, 0x000000008ce00000| Complete 
| 139|0x000000008cf00000, 0x000000008d000000, 0x000000008d000000|100%| E|CS|TAMS 0x000000008cf00000, 0x000000008cf00000| Complete 
| 140|0x000000008d000000, 0x000000008d100000, 0x000000008d100000|100%| E|CS|TAMS 0x000000008d000000, 0x000000008d000000| Complete 
| 151|0x000000008db00000, 0x000000008dc00000, 0x000000008dc00000|100%| E|CS|TAMS 0x000000008db00000, 0x000000008db00000| Complete 
| 152|0x000000008dc00000, 0x000000008dd00000, 0x000000008dd00000|100%| E|CS|TAMS 0x000000008dc00000, 0x000000008dc00000| Complete 
| 153|0x000000008dd00000, 0x000000008de00000, 0x000000008de00000|100%| E|CS|TAMS 0x000000008dd00000, 0x000000008dd00000| Complete 

Card table byte_map: [0x0000022f7bc30000,0x0000022f7c010000] _byte_map_base: 0x0000022f7b80e000

Marking Bits (Prev, Next): (CMBitMap*) 0x0000022f7363d860, (CMBitMap*) 0x0000022f7363d8a0
 Prev Bits: [0x0000022f7c3f0000, 0x0000022f7e2e0000)
 Next Bits: [0x0000022f0f000000, 0x0000022f10ef0000)

Polling page: 0x0000022f714e0000

Metaspace:

Usage:
  Non-class:     63.48 MB used.
      Class:     11.03 MB used.
       Both:     74.51 MB used.

Virtual space:
  Non-class space:      128.00 MB reserved,      63.75 MB ( 50%) committed,  2 nodes.
      Class space:        1.00 GB reserved,      11.25 MB (  1%) committed,  1 nodes.
             Both:        1.12 GB reserved,      75.00 MB (  7%) committed. 

Chunk freelists:
   Non-Class:  3.91 MB
       Class:  704.00 KB
        Both:  4.59 MB

MaxMetaspaceSize: unlimited
CompressedClassSpaceSize: 1.00 GB
Initial GC threshold: 21.00 MB
Current GC threshold: 116.50 MB
CDS: on
MetaspaceReclaimPolicy: balanced
 - commit_granule_bytes: 65536.
 - commit_granule_words: 8192.
 - virtual_space_node_default_size: 8388608.
 - enlarge_chunks_in_place: 1.
 - new_chunks_are_fully_committed: 0.
 - uncommit_free_chunks: 1.
 - use_allocation_guard: 0.


Internal statistics:

num_allocs_failed_limit: 12.
num_arena_births: 608.
num_arena_deaths: 0.
num_vsnodes_births: 3.
num_vsnodes_deaths: 0.
num_space_committed: 1198.
num_space_uncommitted: 0.
num_chunks_returned_to_freelist: 12.
num_chunks_taken_from_freelist: 3211.
num_chunk_merges: 9.
num_chunk_splits: 2438.
num_chunks_enlarged: 2090.
num_inconsistent_stats: 0.

CodeHeap 'non-profiled nmethods': size=120000Kb used=4137Kb max_used=4137Kb free=115862Kb
 bounds [0x0000022f07ad0000, 0x0000022f07ee0000, 0x0000022f0f000000]
CodeHeap 'profiled nmethods': size=120000Kb used=12445Kb max_used=12445Kb free=107554Kb
 bounds [0x0000022f00000000, 0x0000022f00c30000, 0x0000022f07530000]
CodeHeap 'non-nmethods': size=5760Kb used=1458Kb max_used=1545Kb free=4301Kb
 bounds [0x0000022f07530000, 0x0000022f077a0000, 0x0000022f07ad0000]
 total_blobs=6609 nmethods=5908 adapters=610
 compilation: enabled
              stopped_count=0, restarted_count=0
 full_count=0

Compilation events (20 events):
Event: 7.002 Thread 0x0000022f7ed328c0 nmethod 6646 0x0000022f07ed9a10 code [0x0000022f07ed9ba0, 0x0000022f07ed9c78]
Event: 7.002 Thread 0x0000022f7ed328c0 6650       1       org.thymeleaf.processor.element.MatchingElementName::getTemplateMode (5 bytes)
Event: 7.002 Thread 0x0000022f7ed328c0 nmethod 6650 0x0000022f07ed9d10 code [0x0000022f07ed9ea0, 0x0000022f07ed9f58]
Event: 7.003 Thread 0x0000022f7ed328c0 6654       3       java.util.Arrays::sort (37 bytes)
Event: 7.004 Thread 0x0000022f7ed328c0 nmethod 6654 0x0000022f00c17490 code [0x0000022f00c17660, 0x0000022f00c17858]
Event: 7.006 Thread 0x0000022f7ed328c0 6655       3       org.thymeleaf.engine.ElementDefinitions::buildHTMLElementDefinition (208 bytes)
Event: 7.007 Thread 0x0000022f7ed328c0 nmethod 6655 0x0000022f00c17910 code [0x0000022f00c17cc0, 0x0000022f00c193c8]
Event: 7.010 Thread 0x0000022f7ed328c0 6656       3       org.thymeleaf.processor.element.MatchingAttributeName::matches (135 bytes)
Event: 7.011 Thread 0x0000022f7ed328c0 nmethod 6656 0x0000022f00c19b90 code [0x0000022f00c19de0, 0x0000022f00c1a9e8]
Event: 7.011 Thread 0x0000022f7ed328c0 6657       3       org.thymeleaf.engine.AttributeName::equals (69 bytes)
Event: 7.011 Thread 0x0000022f7ed328c0 nmethod 6657 0x0000022f00c1ac10 code [0x0000022f00c1ae20, 0x0000022f00c1b418]
Event: 7.011 Thread 0x0000022f7ed328c0 6658       1       org.thymeleaf.standard.processor.StandardDefaultAttributesTagProcessor::getMatchingElementName (2 bytes)
Event: 7.011 Thread 0x0000022f7ed328c0 nmethod 6658 0x0000022f07eda010 code [0x0000022f07eda1a0, 0x0000022f07eda278]
Event: 7.011 Thread 0x0000022f7ed328c0 6659       1       org.thymeleaf.standard.processor.StandardDefaultAttributesTagProcessor::getMatchingAttributeName (5 bytes)
Event: 7.011 Thread 0x0000022f7ed328c0 nmethod 6659 0x0000022f07eda310 code [0x0000022f07eda4a0, 0x0000022f07eda558]
Event: 7.012 Thread 0x0000022f7ed328c0 6660       3       org.thymeleaf.engine.HTMLAttributeName::forName (159 bytes)
Event: 7.013 Thread 0x0000022f7ed328c0 nmethod 6660 0x0000022f00c1b610 code [0x0000022f00c1ba00, 0x0000022f00c1d5b8]
Event: 7.013 Thread 0x0000022f7ed328c0 6661       3       org.thymeleaf.engine.HTMLAttributeName::<init> (20 bytes)
Event: 7.013 Thread 0x0000022f7ed328c0 nmethod 6661 0x0000022f00c1df10 code [0x0000022f00c1e0c0, 0x0000022f00c1e2e8]
Event: 7.016 Thread 0x0000022f7ed328c0 6664       3       org.thymeleaf.engine.AttributeDefinitions::buildHTMLAttributeDefinition (251 bytes)

GC Heap History (20 events):
Event: 3.377 GC heap before
{Heap before GC invocations=7 (full 0):
 garbage-first heap   total 111616K, used 53198K [0x0000000084400000, 0x0000000100000000)
  region size 1024K, 37 young (37888K), 3 survivors (3072K)
 Metaspace       used 35630K, committed 35968K, reserved 1114112K
  class space    used 4317K, committed 4480K, reserved 1048576K
}
Event: 3.382 GC heap after
{Heap after GC invocations=8 (full 0):
 garbage-first heap   total 111616K, used 22112K [0x0000000084400000, 0x0000000100000000)
  region size 1024K, 5 young (5120K), 5 survivors (5120K)
 Metaspace       used 35630K, committed 35968K, reserved 1114112K
  class space    used 4317K, committed 4480K, reserved 1048576K
}
Event: 4.174 GC heap before
{Heap before GC invocations=9 (full 0):
 garbage-first heap   total 78848K, used 64096K [0x0000000084400000, 0x0000000100000000)
  region size 1024K, 46 young (47104K), 5 survivors (5120K)
 Metaspace       used 47764K, committed 48192K, reserved 1114112K
  class space    used 6228K, committed 6400K, reserved 1048576K
}
Event: 4.179 GC heap after
{Heap after GC invocations=10 (full 0):
 garbage-first heap   total 78848K, used 24293K [0x0000000084400000, 0x0000000100000000)
  region size 1024K, 5 young (5120K), 5 survivors (5120K)
 Metaspace       used 47764K, committed 48192K, reserved 1114112K
  class space    used 6228K, committed 6400K, reserved 1048576K
}
Event: 4.193 GC heap before
{Heap before GC invocations=10 (full 0):
 garbage-first heap   total 78848K, used 25317K [0x0000000084400000, 0x0000000100000000)
  region size 1024K, 6 young (6144K), 5 survivors (5120K)
 Metaspace       used 48044K, committed 48448K, reserved 1114112K
  class space    used 6266K, committed 6464K, reserved 1048576K
}
Event: 4.197 GC heap after
{Heap after GC invocations=11 (full 0):
 garbage-first heap   total 78848K, used 24901K [0x0000000084400000, 0x0000000100000000)
  region size 1024K, 1 young (1024K), 1 survivors (1024K)
 Metaspace       used 48044K, committed 48448K, reserved 1114112K
  class space    used 6266K, committed 6464K, reserved 1048576K
}
Event: 4.675 GC heap before
{Heap before GC invocations=11 (full 0):
 garbage-first heap   total 78848K, used 58693K [0x0000000084400000, 0x0000000100000000)
  region size 1024K, 34 young (34816K), 1 survivors (1024K)
 Metaspace       used 52996K, committed 53376K, reserved 1114112K
  class space    used 6909K, committed 7104K, reserved 1048576K
}
Event: 4.677 GC heap after
{Heap after GC invocations=12 (full 0):
 garbage-first heap   total 78848K, used 26875K [0x0000000084400000, 0x0000000100000000)
  region size 1024K, 3 young (3072K), 3 survivors (3072K)
 Metaspace       used 52996K, committed 53376K, reserved 1114112K
  class space    used 6909K, committed 7104K, reserved 1048576K
}
Event: 5.315 GC heap before
{Heap before GC invocations=12 (full 0):
 garbage-first heap   total 78848K, used 59643K [0x0000000084400000, 0x0000000100000000)
  region size 1024K, 35 young (35840K), 3 survivors (3072K)
 Metaspace       used 57159K, committed 57664K, reserved 1114112K
  class space    used 7436K, committed 7680K, reserved 1048576K
}
Event: 5.320 GC heap after
{Heap after GC invocations=13 (full 0):
 garbage-first heap   total 78848K, used 29876K [0x0000000084400000, 0x0000000100000000)
  region size 1024K, 3 young (3072K), 3 survivors (3072K)
 Metaspace       used 57159K, committed 57664K, reserved 1114112K
  class space    used 7436K, committed 7680K, reserved 1048576K
}
Event: 5.656 GC heap before
{Heap before GC invocations=13 (full 0):
 garbage-first heap   total 78848K, used 60596K [0x0000000084400000, 0x0000000100000000)
  region size 1024K, 33 young (33792K), 3 survivors (3072K)
 Metaspace       used 59495K, committed 59968K, reserved 1114112K
  class space    used 7758K, committed 8000K, reserved 1048576K
}
Event: 5.661 GC heap after
{Heap after GC invocations=14 (full 0):
 garbage-first heap   total 78848K, used 33328K [0x0000000084400000, 0x0000000100000000)
  region size 1024K, 4 young (4096K), 4 survivors (4096K)
 Metaspace       used 59495K, committed 59968K, reserved 1114112K
  class space    used 7758K, committed 8000K, reserved 1048576K
}
Event: 5.808 GC heap before
{Heap before GC invocations=14 (full 0):
 garbage-first heap   total 78848K, used 43568K [0x0000000084400000, 0x0000000100000000)
  region size 1024K, 15 young (15360K), 4 survivors (4096K)
 Metaspace       used 60006K, committed 60416K, reserved 1114112K
  class space    used 7823K, committed 8064K, reserved 1048576K
}
Event: 5.813 GC heap after
{Heap after GC invocations=15 (full 0):
 garbage-first heap   total 78848K, used 35883K [0x0000000084400000, 0x0000000100000000)
  region size 1024K, 3 young (3072K), 3 survivors (3072K)
 Metaspace       used 60006K, committed 60416K, reserved 1114112K
  class space    used 7823K, committed 8064K, reserved 1048576K
}
Event: 6.223 GC heap before
{Heap before GC invocations=16 (full 0):
 garbage-first heap   total 78848K, used 60459K [0x0000000084400000, 0x0000000100000000)
  region size 1024K, 27 young (27648K), 3 survivors (3072K)
 Metaspace       used 65652K, committed 66112K, reserved 1114112K
  class space    used 8830K, committed 9024K, reserved 1048576K
}
Event: 6.227 GC heap after
{Heap after GC invocations=17 (full 0):
 garbage-first heap   total 78848K, used 37988K [0x0000000084400000, 0x0000000100000000)
  region size 1024K, 3 young (3072K), 3 survivors (3072K)
 Metaspace       used 65652K, committed 66112K, reserved 1114112K
  class space    used 8830K, committed 9024K, reserved 1048576K
}
Event: 6.236 GC heap before
{Heap before GC invocations=17 (full 0):
 garbage-first heap   total 78848K, used 39012K [0x0000000084400000, 0x0000000100000000)
  region size 1024K, 4 young (4096K), 3 survivors (3072K)
 Metaspace       used 65937K, committed 66432K, reserved 1114112K
  class space    used 8990K, committed 9216K, reserved 1048576K
}
Event: 6.239 GC heap after
{Heap after GC invocations=18 (full 0):
 garbage-first heap   total 78848K, used 38297K [0x0000000084400000, 0x0000000100000000)
  region size 1024K, 1 young (1024K), 1 survivors (1024K)
 Metaspace       used 65937K, committed 66432K, reserved 1114112K
  class space    used 8990K, committed 9216K, reserved 1048576K
}
Event: 6.478 GC heap before
{Heap before GC invocations=18 (full 0):
 garbage-first heap   total 78848K, used 60825K [0x0000000084400000, 0x0000000100000000)
  region size 1024K, 24 young (24576K), 1 survivors (1024K)
 Metaspace       used 70946K, committed 71424K, reserved 1114112K
  class space    used 10634K, committed 10880K, reserved 1048576K
}
Event: 6.481 GC heap after
{Heap after GC invocations=19 (full 0):
 garbage-first heap   total 157696K, used 40709K [0x0000000084400000, 0x0000000100000000)
  region size 1024K, 3 young (3072K), 3 survivors (3072K)
 Metaspace       used 70946K, committed 71424K, reserved 1114112K
  class space    used 10634K, committed 10880K, reserved 1048576K
}

Dll operation events (14 events):
Event: 0.005 Loaded shared library C:\Users\tamar\.jdks\openjdk-19.0.2\bin\java.dll
Event: 0.013 Loaded shared library C:\Users\tamar\.jdks\openjdk-19.0.2\bin\jsvml.dll
Event: 0.108 Loaded shared library C:\Users\tamar\.jdks\openjdk-19.0.2\bin\zip.dll
Event: 0.111 Loaded shared library C:\Users\tamar\.jdks\openjdk-19.0.2\bin\instrument.dll
Event: 0.115 Loaded shared library C:\Users\tamar\.jdks\openjdk-19.0.2\bin\net.dll
Event: 0.117 Loaded shared library C:\Users\tamar\.jdks\openjdk-19.0.2\bin\nio.dll
Event: 0.119 Loaded shared library C:\Users\tamar\.jdks\openjdk-19.0.2\bin\zip.dll
Event: 0.129 Loaded shared library C:\Users\tamar\AppData\Local\JetBrains\Toolbox\apps\IDEA-U\ch-0\223.8617.56\bin\breakgen64.dll
Event: 0.135 Loaded shared library C:\Users\tamar\.jdks\openjdk-19.0.2\bin\extnet.dll
Event: 0.215 Loaded shared library C:\Users\tamar\.jdks\openjdk-19.0.2\bin\jimage.dll
Event: 0.269 Loaded shared library C:\Users\tamar\.jdks\openjdk-19.0.2\bin\verify.dll
Event: 1.208 Loaded shared library C:\Users\tamar\.jdks\openjdk-19.0.2\bin\management.dll
Event: 1.210 Loaded shared library C:\Users\tamar\.jdks\openjdk-19.0.2\bin\management_ext.dll
Event: 6.005 Loaded shared library C:\Users\tamar\.jdks\openjdk-19.0.2\bin\sunmscapi.dll

Deoptimization events (20 events):
Event: 6.722 Thread 0x0000022f1c6f50f0 Uncommon trap: trap_request=0xffffff45 fr.pc=0x0000022f07ba21f8 relative=0x0000000000000058
Event: 6.722 Thread 0x0000022f1c6f50f0 Uncommon trap: reason=unstable_if action=reinterpret pc=0x0000022f07ba21f8 method=sun.net.util.IPAddressUtil.scan(Ljava/lang/String;JJ[C)I @ 14 c2
Event: 6.722 Thread 0x0000022f1c6f50f0 DEOPT PACKING pc=0x0000022f07ba21f8 sp=0x0000007f78cfe700
Event: 6.722 Thread 0x0000022f1c6f50f0 DEOPT UNPACKING pc=0x0000022f0759a5a3 sp=0x0000007f78cfe688 mode 2
Event: 6.725 Thread 0x0000022f1c6f50f0 Uncommon trap: trap_request=0xffffffde fr.pc=0x0000022f07db9e58 relative=0x0000000000000498
Event: 6.725 Thread 0x0000022f1c6f50f0 Uncommon trap: reason=class_check action=maybe_recompile pc=0x0000022f07db9e58 method=java.lang.AbstractStringBuilder.<init>(Ljava/lang/String;)V @ 58 c2
Event: 6.725 Thread 0x0000022f1c6f50f0 DEOPT PACKING pc=0x0000022f07db9e58 sp=0x0000007f78cfeb30
Event: 6.725 Thread 0x0000022f1c6f50f0 DEOPT UNPACKING pc=0x0000022f0759a5a3 sp=0x0000007f78cfeaf0 mode 2
Event: 6.739 Thread 0x0000022f1c6f50f0 Uncommon trap: trap_request=0xffffffc6 fr.pc=0x0000022f07e3420c relative=0x000000000000006c
Event: 6.739 Thread 0x0000022f1c6f50f0 Uncommon trap: reason=bimorphic_or_optimized_type_check action=maybe_recompile pc=0x0000022f07e3420c method=java.net.URL.getDefaultPort()I @ 4 c2
Event: 6.739 Thread 0x0000022f1c6f50f0 DEOPT PACKING pc=0x0000022f07e3420c sp=0x0000007f78cfeb00
Event: 6.739 Thread 0x0000022f1c6f50f0 DEOPT UNPACKING pc=0x0000022f0759a5a3 sp=0x0000007f78cfea90 mode 2
Event: 6.896 Thread 0x0000022f1ae05630 Uncommon trap: trap_request=0xffffff76 fr.pc=0x0000022f07ea58ec relative=0x0000000000004ecc
Event: 6.896 Thread 0x0000022f1ae05630 Uncommon trap: reason=predicate action=maybe_recompile pc=0x0000022f07ea58ec method=sun.reflect.annotation.AnnotationParser.parseArrayElements([Ljava/lang/Object;Ljava/nio/ByteBuffer;ILjava/util/function/Supplier;)Ljava/lang/Object; @ 10 c2
Event: 6.896 Thread 0x0000022f1ae05630 DEOPT PACKING pc=0x0000022f07ea58ec sp=0x0000007f780fb5f0
Event: 6.896 Thread 0x0000022f1ae05630 DEOPT UNPACKING pc=0x0000022f0759a5a3 sp=0x0000007f780fb3a8 mode 2
Event: 6.898 Thread 0x0000022f1ae05630 Uncommon trap: trap_request=0xffffffc6 fr.pc=0x0000022f07e037c4 relative=0x00000000000012e4
Event: 6.898 Thread 0x0000022f1ae05630 Uncommon trap: reason=bimorphic_or_optimized_type_check action=maybe_recompile pc=0x0000022f07e037c4 method=java.util.concurrent.ConcurrentHashMap.putVal(Ljava/lang/Object;Ljava/lang/Object;Z)Ljava/lang/Object; @ 242 c2
Event: 6.898 Thread 0x0000022f1ae05630 DEOPT PACKING pc=0x0000022f07e037c4 sp=0x0000007f780fc080
Event: 6.898 Thread 0x0000022f1ae05630 DEOPT UNPACKING pc=0x0000022f0759a5a3 sp=0x0000007f780fc000 mode 2

Classes loaded (20 events):
Event: 6.785 Loading class sun/nio/ch/SocketAdaptor
Event: 6.785 Loading class sun/nio/ch/SocketAdaptor done
Event: 6.785 Loading class sun/nio/ch/SocketChannelImpl$DefaultOptionsHolder
Event: 6.785 Loading class sun/nio/ch/SocketChannelImpl$DefaultOptionsHolder done
Event: 6.786 Loading class sun/nio/ch/SelectionKeyImpl
Event: 6.786 Loading class java/nio/channels/spi/AbstractSelectionKey
Event: 6.786 Loading class java/nio/channels/SelectionKey
Event: 6.786 Loading class java/nio/channels/SelectionKey done
Event: 6.786 Loading class java/nio/channels/spi/AbstractSelectionKey done
Event: 6.786 Loading class sun/nio/ch/SelectionKeyImpl done
Event: 6.787 Loading class java/lang/invoke/ConstantBootstraps
Event: 6.787 Loading class java/lang/invoke/ConstantBootstraps done
Event: 6.918 Loading class java/lang/ObjectCustomizer
Event: 6.918 Loading class java/lang/ObjectCustomizer done
Event: 6.919 Loading class java/lang/ObjectCustomizer
Event: 6.919 Loading class java/lang/ObjectCustomizer done
Event: 6.943 Loading class java/util/concurrent/locks/ReentrantReadWriteLock$FairSync
Event: 6.943 Loading class java/util/concurrent/locks/ReentrantReadWriteLock$FairSync done
Event: 6.997 Loading class java/util/EnumMap$EntryIterator$Entry
Event: 6.998 Loading class java/util/EnumMap$EntryIterator$Entry done

Classes unloaded (0 events):
No events

Classes redefined (0 events):
No events

Internal exceptions (20 events):
Event: 6.088 Thread 0x0000022f735de5d0 Exception <a 'java/lang/NoSuchMethodError'{0x00000000880bf560}: 'java.lang.Class[] java.lang.Class.getNestMembers(java.lang.Class)'> (0x00000000880bf560) 
thrown [s\open\src\hotspot\share\interpreter\linkResolver.cpp, line 774]
Event: 6.137 Thread 0x0000022f735de5d0 Exception <a 'java/lang/IncompatibleClassChangeError'{0x0000000087dd7ea8}: Found class java.lang.Object, but interface was expected> (0x0000000087dd7ea8) 
thrown [s\open\src\hotspot\share\interpreter\linkResolver.cpp, line 841]
Event: 6.470 Thread 0x0000022f735de5d0 Exception <a 'java/lang/NoSuchMethodError'{0x000000008794b830}: 'long java.lang.invoke.Invokers$Holder.invokeExact_MT(java.lang.Object, java.lang.Object)'> (0x000000008794b830) 
thrown [s\open\src\hotspot\share\interpreter\linkResolver.cpp, line 774]
Event: 6.699 Thread 0x0000022f735de5d0 Implicit null exception at 0x0000022f07bfd154 to 0x0000022f07bfd468
Event: 6.735 Thread 0x0000022f1c6f50f0 Exception <a 'java/lang/NoSuchMethodError'{0x000000008c576188}: 'int java.lang.invoke.Invokers$Holder.invokeExact_MT(java.lang.Object, java.lang.Object, java.lang.Object)'> (0x000000008c576188) 
thrown [s\open\src\hotspot\share\interpreter\linkResolver.cpp, line 774]
Event: 6.736 Thread 0x0000022f1c6f50f0 Exception <a 'java/lang/NoSuchMethodError'{0x000000008c57d5d0}: 'long java.lang.invoke.DelegatingMethodHandle$Holder.reinvoke_L(java.lang.Object, java.lang.Object)'> (0x000000008c57d5d0) 
thrown [s\open\src\hotspot\share\interpreter\linkResolver.cpp, line 774]
Event: 6.737 Thread 0x0000022f1c6f50f0 Exception <a 'java/lang/NoSuchMethodError'{0x000000008c587b38}: 'void java.lang.invoke.DelegatingMethodHandle$Holder.reinvoke_L(java.lang.Object, java.lang.Object, long)'> (0x000000008c587b38) 
thrown [s\open\src\hotspot\share\interpreter\linkResolver.cpp, line 774]
Event: 6.737 Thread 0x0000022f1c6f50f0 Exception <a 'java/lang/NoSuchMethodError'{0x000000008c58e818}: 'long java.lang.invoke.Invokers$Holder.invokeExact_MT(java.lang.Object, java.lang.Object, java.lang.Object)'> (0x000000008c58e818) 
thrown [s\open\src\hotspot\share\interpreter\linkResolver.cpp, line 774]
Event: 6.919 Thread 0x0000022f1ae05630 Exception <a 'java/lang/ClassNotFoundException'{0x000000008bff31f8}: java/lang/ObjectCustomizer> (0x000000008bff31f8) 
thrown [s\open\src\hotspot\share\classfile\systemDictionary.cpp, line 255]
Event: 6.920 Thread 0x0000022f1ae05630 Exception <a 'java/lang/ClassNotFoundException'{0x000000008bffd120}: org/springframework/context/support/ApplicationObjectSupportCustomizer> (0x000000008bffd120) 
thrown [s\open\src\hotspot\share\classfile\systemDictionary.cpp, line 255]
Event: 6.921 Thread 0x0000022f1ae05630 Exception <a 'java/lang/ClassNotFoundException'{0x000000008be06d90}: org/springframework/web/context/support/WebApplicationObjectSupportCustomizer> (0x000000008be06d90) 
thrown [s\open\src\hotspot\share\classfile\systemDictionary.cpp, line 255]
Event: 6.922 Thread 0x0000022f1ae05630 Exception <a 'java/lang/ClassNotFoundException'{0x000000008be0ed88}: org/thymeleaf/spring5/view/AbstractThymeleafViewCustomizer> (0x000000008be0ed88) 
thrown [s\open\src\hotspot\share\classfile\systemDictionary.cpp, line 255]
Event: 6.923 Thread 0x0000022f1ae05630 Exception <a 'java/lang/ClassNotFoundException'{0x000000008be21770}: org/thymeleaf/spring5/view/ThymeleafViewCustomizer> (0x000000008be21770) 
thrown [s\open\src\hotspot\share\classfile\systemDictionary.cpp, line 255]
Event: 6.924 Thread 0x0000022f1ae05630 Exception <a 'java/lang/ClassNotFoundException'{0x000000008be31930}: org/springframework/web/servlet/ViewCustomizer> (0x000000008be31930) 
thrown [s\open\src\hotspot\share\classfile\systemDictionary.cpp, line 255]
Event: 6.925 Thread 0x0000022f1ae05630 Exception <a 'java/lang/ClassNotFoundException'{0x000000008be39a90}: org/springframework/beans/factory/BeanNameAwareCustomizer> (0x000000008be39a90) 
thrown [s\open\src\hotspot\share\classfile\systemDictionary.cpp, line 255]
Event: 6.926 Thread 0x0000022f1ae05630 Exception <a 'java/lang/ClassNotFoundException'{0x000000008be40ba0}: org/springframework/beans/factory/AwareCustomizer> (0x000000008be40ba0) 
thrown [s\open\src\hotspot\share\classfile\systemDictionary.cpp, line 255]
Event: 6.927 Thread 0x0000022f1ae05630 Exception <a 'java/lang/ClassNotFoundException'{0x000000008be471b8}: org/springframework/web/context/ServletContextAwareCustomizer> (0x000000008be471b8) 
thrown [s\open\src\hotspot\share\classfile\systemDictionary.cpp, line 255]
Event: 6.927 Thread 0x0000022f1ae05630 Exception <a 'java/lang/ClassNotFoundException'{0x000000008be4e590}: org/springframework/beans/factory/AwareCustomizer> (0x000000008be4e590) 
thrown [s\open\src\hotspot\share\classfile\systemDictionary.cpp, line 255]
Event: 6.928 Thread 0x0000022f1ae05630 Exception <a 'java/lang/ClassNotFoundException'{0x000000008be54ba8}: org/springframework/context/ApplicationContextAwareCustomizer> (0x000000008be54ba8) 
thrown [s\open\src\hotspot\share\classfile\systemDictionary.cpp, line 255]
Event: 6.928 Thread 0x0000022f1ae05630 Exception <a 'java/lang/ClassNotFoundException'{0x000000008be5c630}: org/springframework/beans/factory/AwareCustomizer> (0x000000008be5c630) 
thrown [s\open\src\hotspot\share\classfile\systemDictionary.cpp, line 255]

VM Operations (20 events):
Event: 6.159 Executing VM operation: HandshakeAllThreads
Event: 6.159 Executing VM operation: HandshakeAllThreads done
Event: 6.159 Executing VM operation: HandshakeAllThreads
Event: 6.159 Executing VM operation: HandshakeAllThreads done
Event: 6.222 Executing VM operation: G1CollectForAllocation
Event: 6.227 Executing VM operation: G1CollectForAllocation done
Event: 6.236 Executing VM operation: G1CollectForAllocation
Event: 6.239 Executing VM operation: G1CollectForAllocation done
Event: 6.478 Executing VM operation: G1CollectForAllocation
Event: 6.481 Executing VM operation: G1CollectForAllocation done
Event: 6.506 Executing VM operation: G1PauseRemark
Event: 6.510 Executing VM operation: G1PauseRemark done
Event: 6.525 Executing VM operation: G1PauseCleanup
Event: 6.526 Executing VM operation: G1PauseCleanup done
Event: 6.636 Executing VM operation: HandshakeAllThreads
Event: 6.636 Executing VM operation: HandshakeAllThreads done
Event: 6.830 Executing VM operation: HandshakeAllThreads
Event: 6.830 Executing VM operation: HandshakeAllThreads done
Event: 6.910 Executing VM operation: HandshakeAllThreads
Event: 6.911 Executing VM operation: HandshakeAllThreads done

Events (20 events):
Event: 4.071 Thread 0x0000022f19e56600 Thread exited: 0x0000022f19e56600
Event: 4.278 Thread 0x0000022f19e56600 Thread added: 0x0000022f19e56600
Event: 5.145 Thread 0x0000022f19e56600 Thread exited: 0x0000022f19e56600
Event: 5.610 Thread 0x0000022f179eb020 Thread added: 0x0000022f179eb020
Event: 5.870 Thread 0x0000022f7ed33640 flushing nmethod 0x0000022f000e9310
Event: 6.015 Thread 0x0000022f1ae080b0 Thread added: 0x0000022f1ae080b0
Event: 6.017 Thread 0x0000022f1ae050e0 Thread added: 0x0000022f1ae050e0
Event: 6.017 Thread 0x0000022f1ae05630 Thread added: 0x0000022f1ae05630
Event: 6.017 Thread 0x0000022f1c6f6b80 Thread added: 0x0000022f1c6f6b80
Event: 6.017 Thread 0x0000022f1c6f7b70 Thread added: 0x0000022f1c6f7b70
Event: 6.017 Thread 0x0000022f1c6f60e0 Thread added: 0x0000022f1c6f60e0
Event: 6.018 Thread 0x0000022f1c6f70d0 Thread added: 0x0000022f1c6f70d0
Event: 6.018 Thread 0x0000022f1c6f0140 Thread added: 0x0000022f1c6f0140
Event: 6.018 Thread 0x0000022f1c6f7620 Thread added: 0x0000022f1c6f7620
Event: 6.018 Thread 0x0000022f1c6f1680 Thread added: 0x0000022f1c6f1680
Event: 6.018 Thread 0x0000022f1c6f4100 Thread added: 0x0000022f1c6f4100
Event: 6.021 Thread 0x0000022f1c6f0690 Thread added: 0x0000022f1c6f0690
Event: 6.022 Thread 0x0000022f1c6f3660 Thread added: 0x0000022f1c6f3660
Event: 6.702 Thread 0x0000022f1c6f2120 Thread added: 0x0000022f1c6f2120
Event: 6.721 Thread 0x0000022f1c6f50f0 Thread added: 0x0000022f1c6f50f0


Dynamic libraries:
0x00007ff6f3f20000 - 0x00007ff6f3f2e000 	C:\Users\tamar\.jdks\openjdk-19.0.2\bin\java.exe
0x00007ffd31170000 - 0x00007ffd31368000 	C:\Windows\SYSTEM32\ntdll.dll
0x00007ffd2f770000 - 0x00007ffd2f831000 	C:\Windows\System32\KERNEL32.DLL
0x00007ffd2ec90000 - 0x00007ffd2ef8d000 	C:\Windows\System32\KERNELBASE.dll
0x00007ffd2ef90000 - 0x00007ffd2f090000 	C:\Windows\System32\ucrtbase.dll
0x00007ffd1c4c0000 - 0x00007ffd1c4d7000 	C:\Users\tamar\.jdks\openjdk-19.0.2\bin\jli.dll
0x00007ffd1c460000 - 0x00007ffd1c47b000 	C:\Users\tamar\.jdks\openjdk-19.0.2\bin\VCRUNTIME140.dll
0x00007ffd2f970000 - 0x00007ffd2fb0d000 	C:\Windows\System32\USER32.dll
0x00007ffd0f870000 - 0x00007ffd0fb0a000 	C:\Windows\WinSxS\amd64_microsoft.windows.common-controls_6595b64144ccf1df_6.0.19041.4355_none_60b8b9eb71f62e16\COMCTL32.dll
0x00007ffd2f170000 - 0x00007ffd2f192000 	C:\Windows\System32\win32u.dll
0x00007ffd2f5c0000 - 0x00007ffd2f65e000 	C:\Windows\System32\msvcrt.dll
0x00007ffd2f930000 - 0x00007ffd2f95b000 	C:\Windows\System32\GDI32.dll
0x00007ffd2ea10000 - 0x00007ffd2eb27000 	C:\Windows\System32\gdi32full.dll
0x00007ffd2e8e0000 - 0x00007ffd2e97d000 	C:\Windows\System32\msvcp_win.dll
0x00007ffd2f660000 - 0x00007ffd2f68f000 	C:\Windows\System32\IMM32.DLL
0x00007ffd1c6b0000 - 0x00007ffd1c6bc000 	C:\Users\tamar\.jdks\openjdk-19.0.2\bin\vcruntime140_1.dll
0x00007ffd08d40000 - 0x00007ffd08dce000 	C:\Users\tamar\.jdks\openjdk-19.0.2\bin\msvcp140.dll
0x00007ffce1700000 - 0x00007ffce23c0000 	C:\Users\tamar\.jdks\openjdk-19.0.2\bin\server\jvm.dll
0x00007ffd30c00000 - 0x00007ffd30cb0000 	C:\Windows\System32\ADVAPI32.dll
0x00007ffd2fcb0000 - 0x00007ffd2fd50000 	C:\Windows\System32\sechost.dll
0x00007ffd2fb80000 - 0x00007ffd2fca3000 	C:\Windows\System32\RPCRT4.dll
0x00007ffd2f090000 - 0x00007ffd2f0b7000 	C:\Windows\System32\bcrypt.dll
0x00007ffcffdb0000 - 0x00007ffcffdb9000 	C:\Windows\SYSTEM32\WSOCK32.dll
0x00007ffd1fcd0000 - 0x00007ffd1fcf7000 	C:\Windows\SYSTEM32\WINMM.dll
0x00007ffd2fb10000 - 0x00007ffd2fb7b000 	C:\Windows\System32\WS2_32.dll
0x00007ffd28080000 - 0x00007ffd2808a000 	C:\Windows\SYSTEM32\VERSION.dll
0x00007ffd2cff0000 - 0x00007ffd2d002000 	C:\Windows\SYSTEM32\kernel.appcore.dll
0x00007ffd1c4a0000 - 0x00007ffd1c4aa000 	C:\Users\tamar\.jdks\openjdk-19.0.2\bin\jimage.dll
0x00007ffd2c3d0000 - 0x00007ffd2c5b4000 	C:\Windows\SYSTEM32\DBGHELP.DLL
0x00007ffd265c0000 - 0x00007ffd265f4000 	C:\Windows\SYSTEM32\dbgcore.DLL
0x00007ffd2e980000 - 0x00007ffd2ea02000 	C:\Windows\System32\bcryptPrimitives.dll
0x00007ffd28eb0000 - 0x00007ffd28ebe000 	C:\Users\tamar\.jdks\openjdk-19.0.2\bin\instrument.dll
0x00007ffd16ed0000 - 0x00007ffd16ef6000 	C:\Users\tamar\.jdks\openjdk-19.0.2\bin\java.dll
0x00007ffd07ec0000 - 0x00007ffd07f97000 	C:\Users\tamar\.jdks\openjdk-19.0.2\bin\jsvml.dll
0x00007ffd2fdf0000 - 0x00007ffd3055f000 	C:\Windows\System32\SHELL32.dll
0x00007ffd2c840000 - 0x00007ffd2cfdf000 	C:\Windows\SYSTEM32\windows.storage.dll
0x00007ffd30cb0000 - 0x00007ffd31003000 	C:\Windows\System32\combase.dll
0x00007ffd2e160000 - 0x00007ffd2e18e000 	C:\Windows\SYSTEM32\Wldp.dll
0x00007ffd2f840000 - 0x00007ffd2f90d000 	C:\Windows\System32\OLEAUT32.dll
0x00007ffd31010000 - 0x00007ffd310bd000 	C:\Windows\System32\SHCORE.dll
0x00007ffd30730000 - 0x00007ffd30785000 	C:\Windows\System32\shlwapi.dll
0x00007ffd2e750000 - 0x00007ffd2e774000 	C:\Windows\SYSTEM32\profapi.dll
0x00007ffd16d30000 - 0x00007ffd16d48000 	C:\Users\tamar\.jdks\openjdk-19.0.2\bin\zip.dll
0x00007ffd1b9e0000 - 0x00007ffd1b9f3000 	C:\Users\tamar\.jdks\openjdk-19.0.2\bin\net.dll
0x00007ffd2acc0000 - 0x00007ffd2adcd000 	C:\Windows\SYSTEM32\WINHTTP.dll
0x00007ffd2df40000 - 0x00007ffd2dfaa000 	C:\Windows\system32\mswsock.dll
0x00007ffd183d0000 - 0x00007ffd183e6000 	C:\Users\tamar\.jdks\openjdk-19.0.2\bin\nio.dll
0x00007ffd24f50000 - 0x00007ffd24f6a000 	C:\Users\tamar\AppData\Local\JetBrains\Toolbox\apps\IDEA-U\ch-0\223.8617.56\bin\breakgen64.dll
0x00007ffd1ba20000 - 0x00007ffd1ba28000 	C:\Users\tamar\.jdks\openjdk-19.0.2\bin\extnet.dll
0x00007ffd16cb0000 - 0x00007ffd16cc0000 	C:\Users\tamar\.jdks\openjdk-19.0.2\bin\verify.dll
0x00007ffd28e30000 - 0x00007ffd28e3a000 	C:\Users\tamar\.jdks\openjdk-19.0.2\bin\management.dll
0x00007ffd255e0000 - 0x00007ffd255eb000 	C:\Users\tamar\.jdks\openjdk-19.0.2\bin\management_ext.dll
0x00007ffd2fde0000 - 0x00007ffd2fde8000 	C:\Windows\System32\PSAPI.DLL
0x00007ffd28ec0000 - 0x00007ffd28ed7000 	C:\Windows\system32\napinsp.dll
0x00007ffd26ad0000 - 0x00007ffd26aeb000 	C:\Windows\system32\pnrpnsp.dll
0x00007ffd2a640000 - 0x00007ffd2a655000 	C:\Windows\system32\wshbth.dll
0x00007ffd2ac50000 - 0x00007ffd2ac6d000 	C:\Windows\system32\NLAapi.dll
0x00007ffd2dbf0000 - 0x00007ffd2dc2b000 	C:\Windows\SYSTEM32\IPHLPAPI.DLL
0x00007ffd2dc30000 - 0x00007ffd2dcfa000 	C:\Windows\SYSTEM32\DNSAPI.dll
0x00007ffd31120000 - 0x00007ffd31128000 	C:\Windows\System32\NSI.dll
0x00007ffd25700000 - 0x00007ffd25712000 	C:\Windows\System32\winrnr.dll
0x000000005f7d0000 - 0x000000005f7f6000 	C:\Program Files\Bonjour\mdnsNSP.dll
0x00007ffd27db0000 - 0x00007ffd27dba000 	C:\Windows\System32\rasadhlp.dll
0x00007ffd26b90000 - 0x00007ffd26c10000 	C:\Windows\System32\fwpuclnt.dll
0x00007ffd2e1a0000 - 0x00007ffd2e1b8000 	C:\Windows\SYSTEM32\CRYPTSP.dll
0x00007ffd2d810000 - 0x00007ffd2d844000 	C:\Windows\system32\rsaenh.dll
0x00007ffd2e700000 - 0x00007ffd2e72e000 	C:\Windows\SYSTEM32\USERENV.dll
0x00007ffd2e0d0000 - 0x00007ffd2e0dc000 	C:\Windows\SYSTEM32\CRYPTBASE.dll
0x00007ffd27e00000 - 0x00007ffd27e17000 	C:\Windows\SYSTEM32\dhcpcsvc6.DLL
0x00007ffd280a0000 - 0x00007ffd280bd000 	C:\Windows\SYSTEM32\dhcpcsvc.DLL
0x00007ffd25580000 - 0x00007ffd2558e000 	C:\Users\tamar\.jdks\openjdk-19.0.2\bin\sunmscapi.dll
0x00007ffd2eb30000 - 0x00007ffd2ec8e000 	C:\Windows\System32\CRYPT32.dll
0x00007ffd2e2b0000 - 0x00007ffd2e2d9000 	C:\Windows\SYSTEM32\ncrypt.dll
0x00007ffd2e270000 - 0x00007ffd2e2ab000 	C:\Windows\SYSTEM32\NTASN1.dll
0x00007ffd1caf0000 - 0x00007ffd1caf7000 	C:\Windows\system32\wshunix.dll

dbghelp: loaded successfully - version: 4.0.5 - missing functions: none
symbol engine: initialized successfully - sym options: 0x614 - pdb path: .;C:\Users\tamar\.jdks\openjdk-19.0.2\bin;C:\Windows\SYSTEM32;C:\Windows\WinSxS\amd64_microsoft.windows.common-controls_6595b64144ccf1df_6.0.19041.4355_none_60b8b9eb71f62e16;C:\Users\tamar\.jdks\openjdk-19.0.2\bin\server;C:\Users\tamar\AppData\Local\JetBrains\Toolbox\apps\IDEA-U\ch-0\223.8617.56\bin;C:\Program Files\Bonjour

VM Arguments:
jvm_args: -ea -Didea.test.cyclic.buffer.size=1048576 -javaagent:C:\Users\tamar\AppData\Local\JetBrains\Toolbox\apps\IDEA-U\ch-0\223.8617.56\lib\idea_rt.jar=49957:C:\Users\tamar\AppData\Local\JetBrains\Toolbox\apps\IDEA-U\ch-0\223.8617.56\bin -Dfile.encoding=UTF-8 -Dsun.stdout.encoding=UTF-8 -Dsun.stderr.encoding=UTF-8 
java_command: com.intellij.rt.junit.JUnitStarter -ideVersion5 -junit5 mk.ukim.finki.wp.september2021.SeleniumScenarioTest
java_class_path (initial): C:\Users\tamar\.m2\repository\org\junit\platform\junit-platform-launcher\1.7.0\junit-platform-launcher-1.7.0.jar;C:\Users\tamar\.m2\repository\org\junit\vintage\junit-vintage-engine\5.7.0\junit-vintage-engine-5.7.0.jar;C:\Users\tamar\AppData\Local\JetBrains\Toolbox\apps\IDEA-U\ch-0\223.8617.56\lib\idea_rt.jar;C:\Users\tamar\AppData\Local\JetBrains\Toolbox\apps\IDEA-U\ch-0\223.8617.56\plugins\junit\lib\junit5-rt.jar;C:\Users\tamar\AppData\Local\JetBrains\Toolbox\apps\IDEA-U\ch-0\223.8617.56\plugins\junit\lib\junit-rt.jar;C:\Users\tamar\Desktop\vezbanje VP pred ispit\2021-sept\exam-sept-2021-master\target\test-classes;C:\Users\tamar\Desktop\vezbanje VP pred ispit\2021-sept\exam-sept-2021-master\target\classes;C:\Users\tamar\.m2\repository\org\springframework\boot\spring-boot-starter-thymeleaf\2.4.1\spring-boot-starter-thymeleaf-2.4.1.jar;C:\Users\tamar\.m2\repository\org\springframework\boot\spring-boot-starter\2.4.1\spring-boot-starter-2.4.1.jar;C:\Users\tamar\.m2\repository\org\springframework\boot\spring-boot\2.4.1\spring-boot-2.4.1.jar;C:\Users\tamar\.m2\repository\org\springframework\boot\spring-boot-autoconfigure\2.4.1\spring-boot-autoconfigure-2.4.1.jar;C:\Users\tamar\.m2\repository\org\springframework\boot\spring-boot-starter-logging\2.4.1\spring-boot-starter-logging-2.4.1.jar;C:\Users\tamar\.m2\repository\ch\qos\logback\logback-classic\1.2.3\logback-classic-1.2.3.jar;C:\Users\tamar\.m2\repository\ch\qos\logback\logback-core\1.2.3\logback-core-1.2.3.jar;C:\Users\tamar\.m2\repository\org\apache\logging\log4j\log4j-to-slf4j\2.13.3\log4j-to-slf4j-2.13.3.jar;C:\Users\tamar\.m2\repository\org\apache\logging\log4j\log4j-api\2.13.3\log4j-api-2.13.3.jar;C:\Users\tamar\.m2\repository\org\slf4j\jul-to-slf4j\1.7.30\jul-to-slf4j-1.7.30.jar;C:\Users\tamar\.m2\repository\jakarta\annotation\jakarta.annotation-api\1.3.5\jakarta.annotation-api-1.3.5.jar;C:\Users\tamar\.m2\repository\org\yaml\snakeyaml\1.27\snakeyaml-1.27.jar;C:\Users\tamar\.m2\repository\org\thymeleaf\thymeleaf-spring5\3.0.11.RELEASE\thymeleaf-spring5-3.0.11.RELEASE.jar;C:\Users\tamar\.m2\repository\org\thymeleaf\thymeleaf\3.0.11.RELEASE\thymeleaf-3.0.11.RELEASE.jar;C:\Users\tamar\.m2\repository\org\attoparser\attoparser\2.0.5.RELEASE\attoparser-2.0.5.RELEASE.jar;C:\Users\tamar\.m2\repository\org\unbescape\unbescape\1.1.6.RELEASE\unbescape-1.1.6.RELEASE.jar;C:\Users\tamar\.m2\repository\org\thymeleaf\extras\thymeleaf-extras-java8time\3.0.4.RELEASE\thymeleaf-extras-java8time-3.0.4.RELEASE.jar;C:\Users\tamar\.m2\repository\org\springframework\boot\spring-boot-starter-web\2.4.1\spring-boot-starter-web-2.4.1.jar;C:\Users\tamar\.m2\repository\org\springframework\boot\spring-boot-starter-json\2.4.1\spring-boot-starter-json-2.4.1.jar;C:\Users\tamar\.m2\repository\com\fasterxml\jackson\core\jackson-databind\2.11.3\jackson-databind-2.11.3.jar;C:\Users\tamar\.m2\repository\com\fasterxml\jackson\core\jackson-annotations\2.11.3\jackson-annotations-2.11.3.jar;C:\Users\tamar\.m2\repository\com\fasterxml\jackson\core\jackson-core\2.11.3\jackson-core-2.11.3.jar;C:\Users\tamar\.m2\repository\com\fasterxml\jackson\datatype\jackson-datatype-jdk8\2.11.3\jackson-datatype-jdk8-2.11.3.jar;C:\Users\tamar\.m2\repository\com\fasterxml\jackson\datatype\jackson-datatype-jsr310\2.11.3\jackson-datatype-jsr310-2.11.3.jar;C:\Users\tamar\.m2\repository\com\fasterxml\jackson\module\jackson-module-parameter-names\2.11.3\jackson-module-parameter-names-2.11.3.jar;C:\Users\tamar\.m2\repository\org\springframework\boot\spring-boot-starter-tomcat\2.4.1\spring-boot-starter-tomcat-2.4.1.jar;C:\Users\tamar\.m2\repository\org\apache\tomcat\embed\tomcat-embed-core\9.0.41\tomcat-embed-core-9.0.41.jar;C:\Users\tamar\.m2\repository\org\glassfish\jakarta.el\3.0.3\jakarta.el-3.0.3.jar;C:\Users\tamar\.m2\repository\org\apache\tomcat\embed\tomcat-embed-websocket\9.0.41\tomcat-embed-websocket-9.0.41.jar;C:\Users\tamar\.m2\repository\org\springframework\spring-web\5.3.2\spring-web-5.3.2.jar;C:\Users\tamar\.m2\repository\org\springframework\spring-beans\5.3.2\spring-beans-5.3.2.jar;C:\Users\tamar\.m2\repository\org\springframework\spring-webmvc\5.3.2\spring-webmvc-5.3.2.jar;C:\Users\tamar\.m2\repository\org\springframework\spring-context\5.3.2\spring-context-5.3.2.jar;C:\Users\tamar\.m2\repository\org\springframework\spring-expression\5.3.2\spring-expression-5.3.2.jar;C:\Users\tamar\.m2\repository\org\springframework\boot\spring-boot-starter-data-jpa\2.4.1\spring-boot-starter-data-jpa-2.4.1.jar;C:\Users\tamar\.m2\repository\org\springframework\boot\spring-boot-starter-aop\2.4.1\spring-boot-starter-aop-2.4.1.jar;C:\Users\tamar\.m2\repository\org\aspectj\aspectjweaver\1.9.6\aspectjweaver-1.9.6.jar;C:\Users\tamar\.m2\repository\org\springframework\boot\spring-boot-starter-jdbc\2.4.1\spring-boot-starter-jdbc-2.4.1.jar;C:\Users\tamar\.m2\repository\com\zaxxer\HikariCP\3.4.5\HikariCP-3.4.5.jar;C:\Users\tamar\.m2\repository\org\springframework\spring-jdbc\5.3.2\spring-jdbc-5.3.2.jar;C:\Users\tamar\.m2\repository\jakarta\transaction\jakarta.transaction-api\1.3.3\jakarta.transaction-api-1.3.3.jar;C:\Users\tamar\.m2\repository\jakarta\persistence\jakarta.persistence-api\2.2.3\jakarta.persistence-api-2.2.3.jar;C:\Users\tamar\.m2\repository\org\hibernate\hibernate-core\5.4.25.Final\hibernate-core-5.4.25.Final.jar;C:\Users\tamar\.m2\repository\org\jboss\logging\jboss-logging\3.4.1.Final\jboss-logging-3.4.1.Final.jar;C:\Users\tamar\.m2\repository\org\javassist\javassist\3.27.0-GA\javassist-3.27.0-GA.jar;C:\Users\tamar\.m2\repository\antlr\antlr\2.7.7\antlr-2.7.7.jar;C:\Users\tamar\.m2\repository\org\jboss\jandex\2.1.3.Final\jandex-2.1.3.Final.jar;C:\Users\tamar\.m2\repository\com\fasterxml\classmate\1.5.1\classmate-1.5.1.jar;C:\Users\tamar\.m2\repository\org\dom4j\dom4j\2.1.3\dom4j-2.1.3.jar;C:\Users\tamar\.m2\repository\org\hibernate\common\hibernate-commons-annotations\5.1.2.Final\hibernate-commons-annotations-5.1.2.Final.jar;C:\Users\tamar\.m2\repository\org\glassfish\jaxb\jaxb-runtime\2.3.3\jaxb-runtime-2.3.3.jar;C:\Users\tamar\.m2\repository\org\glassfish\jaxb\txw2\2.3.3\txw2-2.3.3.jar;C:\Users\tamar\.m2\repository\com\sun\istack\istack-commons-runtime\3.0.11\istack-commons-runtime-3.0.11.jar;C:\Users\tamar\.m2\repository\com\sun\activation\jakarta.activation\1.2.2\jakarta.activation-1.2.2.jar;C:\Users\tamar\.m2\repository\org\springframework\data\spring-data-jpa\2.4.2\spring-data-jpa-2.4.2.jar;C:\Users\tamar\.m2\repository\org\springframework\data\spring-data-commons\2.4.2\spring-data-commons-2.4.2.jar;C:\Users\tamar\.m2\repository\org\springframework\spring-orm\5.3.2\spring-orm-5.3.2.jar;C:\Users\tamar\.m2\repository\org\springframework\spring-tx\5.3.2\spring-tx-5.3.2.jar;C:\Users\tamar\.m2\repository\org\springframework\spring-aspects\5.3.2\spring-aspects-5.3.2.jar;C:\Users\tamar\.m2\repository\org\springframework\boot\spring-boot-starter-security\2.4.1\spring-boot-starter-security-2.4.1.jar;C:\Users\tamar\.m2\repository\org\springframework\spring-aop\5.3.2\spring-aop-5.3.2.jar;C:\Users\tamar\.m2\repository\org\springframework\security\spring-security-config\5.4.2\spring-security-config-5.4.2.jar;C:\Users\tamar\.m2\repository\org\springframework\security\spring-security-core\5.4.2\spring-security-core-5.4.2.jar;C:\Users\tamar\.m2\repository\org\springframework\security\spring-security-web\5.4.2\spring-security-web-5.4.2.jar;C:\Users\tamar\.m2\repository\org\thymeleaf\extras\thymeleaf-extras-springsecurity5\3.0.4.RELEASE\thymeleaf-extras-springsecurity5-3.0.4.RELEASE.jar;C:\Users\tamar\.m2\repository\org\slf4j\slf4j-api\1.7.30\slf4j-api-1.7.30.jar;C:\Users\tamar\.m2\repository\com\h2database\h2\1.4.200\h2-1.4.200.jar;C:\Users\tamar\.m2\repository\org\postgresql\postgresql\42.2.18\postgresql-42.2.18.jar;C:\Users\tamar\.m2\repository\org\checkerframework\checker-qual\3.5.0\checker-qual-3.5.0.jar;C:\Users\tamar\.m2\repository\org\projectlombok\lombok\1.18.16\lombok-1.18.16.jar;C:\Users\tamar\.m2\repository\org\springframework\boot\spring-boot-starter-test\2.4.1\spring-boot-starter-test-2.4.1.jar;C:\Users\tamar\.m2\repository\org\springframework\boot\spring-boot-test\2.4.1\spring-boot-test-2.4.1.jar;C:\Users\tamar\.m2\repository\org\springframework\boot\spring-boot-test-autoconfigure\2.4.1\spring-boot-test-autoconfigure-2.4.1.jar;C:\Users\tamar\.m2\repository\com\jayway\jsonpath\json-path\2.4.0\json-path-2.4.0.jar;C:\Users\tamar\.m2\repository\net\minidev\json-smart\2.3\json-smart-2.3.jar;C:\Users\tamar\.m2\repository\net\minidev\accessors-smart\1.2\accessors-smart-1.2.jar;C:\Users\tamar\.m2\repository\org\ow2\asm\asm\5.0.4\asm-5.0.4.jar;C:\Users\tamar\.m2\repository\jakarta\xml\bind\jakarta.xml.bind-api\2.3.3\jakarta.xml.bind-api-2.3.3.jar;C:\Users\tamar\.m2\repository\jakarta\activation\jakarta.activation-api\1.2.2\jakarta.activation-api-1.2.2.jar;C:\Users\tamar\.m2\repository\org\assertj\assertj-core\3.18.1\assertj-core-3.18.1.jar;C:\Users\tamar\.m2\repository\org\hamcrest\hamcrest\2.2\hamcrest-2.2.jar;C:\Users\tamar\.m2\repository\org\junit\jupiter\junit-jupiter\5.7.0\junit-jupiter-5.7.0.jar;C:\Users\tamar\.m2\repository\org\junit\jupiter\junit-jupiter-api\5.7.0\junit-jupiter-api-5.7.0.jar;C:\Users\tamar\.m2\repository\org\apiguardian\apiguardian-api\1.1.0\apiguardian-api-1.1.0.jar;C:\Users\tamar\.m2\repository\org\opentest4j\opentest4j\1.2.0\opentest4j-1.2.0.jar;C:\Users\tamar\.m2\repository\org\junit\platform\junit-platform-commons\1.7.0\junit-platform-commons-1.7.0.jar;C:\Users\tamar\.m2\repository\org\junit\jupiter\junit-jupiter-params\5.7.0\junit-jupiter-params-5.7.0.jar;C:\Users\tamar\.m2\repository\org\junit\jupiter\junit-jupiter-engine\5.7.0\junit-jupiter-engine-5.7.0.jar;C:\Users\tamar\.m2\repository\org\junit\platform\junit-platform-engine\1.7.0\junit-platform-engine-1.7.0.jar;C:\Users\tamar\.m2\repository\org\mockito\mockito-core\3.6.28\mockito-core-3.6.28.jar;C:\Users\tamar\.m2\repository\net\bytebuddy\byte-buddy-agent\1.10.18\byte-buddy-agent-1.10.18.jar;C:\Users\tamar\.m2\repository\org\objenesis\objenesis\3.1\objenesis-3.1.jar;C:\Users\tamar\.m2\repository\org\mockito\mockito-junit-jupiter\3.6.28\mockito-junit-jupiter-3.6.28.jar;C:\Users\tamar\.m2\repository\org\skyscreamer\jsonassert\1.5.0\jsonassert-1.5.0.jar;C:\Users\tamar\.m2\repository\com\vaadin\external\google\android-json\0.0.20131108.vaadin1\android-json-0.0.20131108.vaadin1.jar;C:\Users\tamar\.m2\repository\org\springframework\spring-core\5.3.2\spring-core-5.3.2.jar;C:\Users\tamar\.m2\repository\org\springframework\spring-jcl\5.3.2\spring-jcl-5.3.2.jar;C:\Users\tamar\.m2\repository\org\springframework\spring-test\5.3.2\spring-test-5.3.2.jar;C:\Users\tamar\.m2\repository\org\xmlunit\xmlunit-core\2.7.0\xmlunit-core-2.7.0.jar;C:\Users\tamar\.m2\repository\junit\junit\4.13.1\junit-4.13.1.jar;C:\Users\tamar\.m2\repository\org\hamcrest\hamcrest-core\2.2\hamcrest-core-2.2.jar;C:\Users\tamar\.m2\repository\org\seleniumhq\selenium\selenium-java\3.141.59\selenium-java-3.141.59.jar;C:\Users\tamar\.m2\repository\org\seleniumhq\selenium\selenium-api\3.141.59\selenium-api-3.141.59.jar;C:\Users\tamar\.m2\repository\org\seleniumhq\selenium\selenium-chrome-driver\3.141.59\selenium-chrome-driver-3.141.59.jar;C:\Users\tamar\.m2\repository\org\seleniumhq\selenium\selenium-edge-driver\3.141.59\selenium-edge-driver-3.141.59.jar;C:\Users\tamar\.m2\repository\org\seleniumhq\selenium\selenium-firefox-driver\3.141.59\selenium-firefox-driver-3.141.59.jar;C:\Users\tamar\.m2\repository\org\seleniumhq\selenium\selenium-ie-driver\3.141.59\selenium-ie-driver-3.141.59.jar;C:\Users\tamar\.m2\repository\org\seleniumhq\selenium\selenium-opera-driver\3.141.59\selenium-opera-driver-3.141.59.jar;C:\Users\tamar\.m2\repository\org\seleniumhq\selenium\selenium-remote-driver\3.141.59\selenium-remote-driver-3.141.59.jar;C:\Users\tamar\.m2\repository\org\seleniumhq\selenium\selenium-safari-driver\3.141.59\selenium-safari-driver-3.141.59.jar;C:\Users\tamar\.m2\repository\org\seleniumhq\selenium\selenium-support\3.141.59\selenium-support-3.141.59.jar;C:\Users\tamar\.m2\repository\net\bytebuddy\byte-buddy\1.10.18\byte-buddy-1.10.18.jar;C:\Users\tamar\.m2\repository\org\apache\commons\commons-exec\1.3\commons-exec-1.3.jar;C:\Users\tamar\.m2\repository\com\google\guava\guava\25.0-jre\guava-25.0-jre.jar;C:\Users\tamar\.m2\repository\com\google\code\findbugs\jsr305\1.3.9\jsr305-1.3.9.jar;C:\Users\tamar\.m2\repository\org\checkerframework\checker-compat-qual\2.0.0\checker-compat-qual-2.0.0.jar;C:\Users\tamar\.m2\repository\com\google\errorprone\error_prone_annotations\2.1.3\error_prone_annotations-2.1.3.jar;C:\Users\tamar\.m2\repository\com\google\j2objc\j2objc-annotations\1.1\j2objc-annotations-1.1.jar;C:\Users\tamar\.m2\repository\org\codehaus\mojo\animal-sniffer-annotations\1.14\animal-sniffer-annotations-1.14.jar;C:\Users\tamar\.m2\repository\com\squareup\okhttp3\okhttp\3.14.9\okhttp-3.14.9.jar;C:\Users\tamar\.m2\repository\com\squareup\okio\okio\1.14.0\okio-1.14.0.jar;C:\Users\tamar\.m2\repository\org\seleniumhq\selenium\htmlunit-driver\2.44.0\htmlunit-driver-2.44.0.jar;C:\Users\tamar\.m2\repository\net\sourceforge\htmlunit\htmlunit\2.44.0\htmlunit-2.44.0.jar;C:\Users\tamar\.m2\repository\xalan\xalan\2.7.2\xalan-2.7.2.jar;C:\Users\tamar\.m2\repository\xalan\serializer\2.7.2\serializer-2.7.2.jar;C:\Users\tamar\.m2\repository\org\apache\commons\commons-lang3\3.11\commons-lang3-3.11.jar;C:\Users\tamar\.m2\repository\org\apache\commons\commons-text\1.9\commons-text-1.9.jar;C:\Users\tamar\.m2\repository\org\apache\httpcomponents\httpmime\4.5.13\httpmime-4.5.13.jar;C:\Users\tamar\.m2\repository\org\apache\httpcomponents\httpclient\4.5.13\httpclient-4.5.13.jar;C:\Users\tamar\.m2\repository\org\apache\httpcomponents\httpcore\4.4.14\httpcore-4.4.14.jar;C:\Users\tamar\.m2\repository\commons-codec\commons-codec\1.15\commons-codec-1.15.jar;C:\Users\tamar\.m2\repository\net\sourceforge\htmlunit\htmlunit-core-js\2.44.0\htmlunit-core-js-2.44.0.jar;C:\Users\tamar\.m2\repository\net\sourceforge\htmlunit\neko-htmlunit\2.44.0\neko-htmlunit-2.44.0.jar;C:\Users\tamar\.m2\repository\xerces\xercesImpl\2.12.0\xercesImpl-2.12.0.jar;C:\Users\tamar\.m2\repository\xml-apis\xml-apis\1.4.01\xml-apis-1.4.01.jar;C:\Users\tamar\.m2\repository\net\sourceforge\htmlunit\htmlunit-cssparser\1.6.0\htmlunit-cssparser-1.6.0.jar;C:\Users\tamar\.m2\repository\commons-io\commons-io\2.8.0\commons-io-2.8.0.jar;C:\Users\tamar\.m2\repository\commons-net\commons-net\3.7.1\commons-net-3.7.1.jar;C:\Users\tamar\.m2\repository\org\brotli\dec\0.1.2\dec-0.1.2.jar;C:\Users\tamar\.m2\repository\com\shapesecurity\salvation2\3.0.0\salvation2-3.0.0.jar;C:\Users\tamar\.m2\repository\org\eclipse\jetty\websocket\websocket-client\9.4.35.v20201120\websocket-client-9.4.35.v20201120.jar;C:\Users\tamar\.m2\repository\org\eclipse\jetty\jetty-client\9.4.35.v20201120\jetty-client-9.4.35.v20201120.jar;C:\Users\tamar\.m2\repository\org\eclipse\jetty\jetty-http\9.4.35.v20201120\jetty-http-9.4.35.v20201120.jar;C:\Users\tamar\.m2\repository\org\eclipse\jetty\jetty-util\9.4.35.v20201120\jetty-util-9.4.35.v20201120.jar;C:\Users\tamar\.m2\repository\org\eclipse\jetty\jetty-io\9.4.35.v20201120\jetty-io-9.4.35.v20201120.jar;C:\Users\tamar\.m2\repository\org\eclipse\jetty\websocket\websocket-common\9.4.35.v20201120\websocket-common-9.4.35.v20201120.jar;C:\Users\tamar\.m2\repository\org\eclipse\jetty\websocket\websocket-api\9.4.35.v20201120\websocket-api-9.4.35.v20201120.jar
Launcher Type: SUN_STANDARD

[Global flags]
     intx CICompilerCount                          = 4                                         {product} {ergonomic}
     uint ConcGCThreads                            = 2                                         {product} {ergonomic}
     uint G1ConcRefinementThreads                  = 8                                         {product} {ergonomic}
   size_t G1HeapRegionSize                         = 1048576                                   {product} {ergonomic}
    uintx GCDrainStackTargetSize                   = 64                                        {product} {ergonomic}
   size_t InitialHeapSize                          = 130023424                                 {product} {ergonomic}
   size_t MarkStackSize                            = 4194304                                   {product} {ergonomic}
   size_t MaxHeapSize                              = 2076180480                                {product} {ergonomic}
   size_t MaxNewSize                               = 1245708288                                {product} {ergonomic}
   size_t MinHeapDeltaBytes                        = 1048576                                   {product} {ergonomic}
   size_t MinHeapSize                              = 8388608                                   {product} {ergonomic}
    uintx NonNMethodCodeHeapSize                   = 5839372                                {pd product} {ergonomic}
    uintx NonProfiledCodeHeapSize                  = 122909434                              {pd product} {ergonomic}
    uintx ProfiledCodeHeapSize                     = 122909434                              {pd product} {ergonomic}
    uintx ReservedCodeCacheSize                    = 251658240                              {pd product} {ergonomic}
     bool SegmentedCodeCache                       = true                                      {product} {ergonomic}
   size_t SoftMaxHeapSize                          = 2076180480                             {manageable} {ergonomic}
     bool UseCompressedClassPointers               = true                           {product lp64_product} {ergonomic}
     bool UseCompressedOops                        = true                           {product lp64_product} {ergonomic}
     bool UseG1GC                                  = true                                      {product} {ergonomic}
     bool UseLargePagesIndividualAllocation        = false                                  {pd product} {ergonomic}

Logging:
Log output configuration:
 #0: stdout all=warning uptime,level,tags foldmultilines=false
 #1: stderr all=off uptime,level,tags foldmultilines=false

Environment Variables:
PATH=C:\Program Files\ImageMagick-7.1.1-Q16-HDRI;C:\ffmpeg\bin;C:\Windows\system32;C:\Windows;C:\Windows\System32\Wbem;C:\Windows\System32\WindowsPowerShell\v1.0\;C:\Windows\System32\OpenSSH\;C:\Program Files (x86)\NVIDIA Corporation\PhysX\Common;C:\Program Files\PuTTY\;C:\Program Files\Git\cmd;C:\Users\tamar\AppData\Local\Microsoft\WindowsApps;C:\Users\tamar\AppData\Local\JetBrains\Toolbox\scripts;C:\Program Files\Docker\Docker\resources\bin;C:\Users\tamar\AppData\Local\Programs\Python\Python312\Scripts\;C:\Users\tamar\AppData\Local\Programs\Python\Python312\;C:\Users\tamar\AppData\Local\Programs\Python\Launcher\;C:\Users\tamar\AppData\Local\JetBrains\Toolbox\scripts;C:\Users\tamar\AppData\Local\Microsoft\WindowsApps;
USERNAME=tamar
OS=Windows_NT
PROCESSOR_IDENTIFIER=Intel64 Family 6 Model 140 Stepping 1, GenuineIntel
TMP=C:\Users\tamar\AppData\Local\Temp
TEMP=C:\Users\tamar\AppData\Local\Temp



---------------  S Y S T E M  ---------------

OS:
 Windows 10 , 64 bit Build 19041 (10.0.19041.4717)
OS uptime: 2 days 22:51 hours
Hyper-V role detected

CPU: total 8 (initial active 8) (4 cores per cpu, 2 threads per core) family 6 model 140 stepping 1 microcode 0xb4, cx8, cmov, fxsr, ht, mmx, 3dnowpref, sse, sse2, sse3, ssse3, sse4.1, sse4.2, popcnt, lzcnt, tsc, tscinvbit, avx, avx2, aes, erms, clmul, bmi1, bmi2, adx, avx512f, avx512dq, avx512cd, avx512bw, avx512vl, sha, fma, vzeroupper, avx512_vpopcntdq, avx512_vpclmulqdq, avx512_vaes, avx512_vnni, clflush, clflushopt, clwb, avx512_vbmi2, avx512_vbmi, hv, rdtscp, rdpid, fsrm, gfni, avx512_bitalg

Memory: 4k page, system-wide physical 7918M (668M free)
TotalPageFile size 23615M (AvailPageFile size 4M)
current process WorkingSet (physical memory assigned to process): 327M, peak: 327M
current process commit charge ("private bytes"): 409M, peak: 411M

vm_info: OpenJDK 64-Bit Server VM (19.0.2+7-44) for windows-amd64 JRE (19.0.2+7-44), built on 2022-11-30T18:02:09Z by "mach5one" with MS VC++ 17.1 (VS2022)

END.
