#
# There is insufficient memory for the Java Runtime Environment to continue.
# Native memory allocation (mmap) failed to map 36700160 bytes for G1 virtual space
# Possible reasons:
#   The system is out of physical RAM or swap space
#   The process is running with CompressedOops enabled, and the Java Heap may be blocking the growth of the native heap
# Possible solutions:
#   Reduce memory load on the system
#   Increase physical memory or swap space
#   Check if swap backing store is full
#   Decrease Java heap size (-Xmx/-Xms)
#   Decrease number of Java threads
#   Decrease Java thread stack sizes (-Xss)
#   Set larger code cache with -XX:ReservedCodeCacheSize=
#   JVM is running with Unscaled Compressed Oops mode in which the Java heap is
#     placed in the first 4GB address space. The Java Heap base address is the
#     maximum limit for the native heap growth. Please use -XX:HeapBaseMinAddress
#     to set the Java Heap base and to place the Java Heap above 4GB virtual address.
# This output file may be truncated or incomplete.
#
#  Out of Memory Error (os_windows.cpp:3536), pid=9888, tid=13184
#
# JRE version: OpenJDK Runtime Environment (19.0.2+7) (build 19.0.2+7-44)
# Java VM: OpenJDK 64-Bit Server VM (19.0.2+7-44, mixed mode, sharing, tiered, compressed oops, compressed class ptrs, g1 gc, windows-amd64)
# No core dump will be written. Minidumps are not enabled by default on client versions of Windows
#

---------------  S U M M A R Y ------------

Command Line: -ea -Didea.test.cyclic.buffer.size=1048576 -javaagent:C:\Users\tamar\AppData\Local\JetBrains\Toolbox\apps\IDEA-U\ch-0\223.8617.56\lib\idea_rt.jar=49951:C:\Users\tamar\AppData\Local\JetBrains\Toolbox\apps\IDEA-U\ch-0\223.8617.56\bin -Dfile.encoding=UTF-8 -Dsun.stdout.encoding=UTF-8 -Dsun.stderr.encoding=UTF-8 com.intellij.rt.junit.JUnitStarter -ideVersion5 -junit5 mk.ukim.finki.wp.september2021.SeleniumScenarioTest

Host: 11th Gen Intel(R) Core(TM) i5-1135G7 @ 2.40GHz, 8 cores, 7G,  Windows 10 , 64 bit Build 19041 (10.0.19041.4717)
Time: Wed Aug 21 22:54:56 2024 Central European Daylight Time elapsed time: 7.632994 seconds (0d 0h 0m 7s)

---------------  T H R E A D  ---------------

Current thread (0x000001d1d60ac100):  VMThread "VM Thread" [stack: 0x000000cd4ea00000,0x000000cd4eb00000] [id=13184]

Stack: [0x000000cd4ea00000,0x000000cd4eb00000]
Native frames: (J=compiled Java code, j=interpreted, Vv=VM code, C=native code)
V  [jvm.dll+0x6ee21a]
V  [jvm.dll+0x85765e]
V  [jvm.dll+0x85904e]
V  [jvm.dll+0x859703]
V  [jvm.dll+0x28298f]
V  [jvm.dll+0x6eb009]
V  [jvm.dll+0x6dfbaa]
V  [jvm.dll+0x3573f6]
V  [jvm.dll+0x35ee56]
V  [jvm.dll+0x3b541e]
V  [jvm.dll+0x3b564f]
V  [jvm.dll+0x32c9ea]
V  [jvm.dll+0x32ca97]
V  [jvm.dll+0x374cd2]
V  [jvm.dll+0x37340f]
V  [jvm.dll+0x32c210]
V  [jvm.dll+0x3729ab]
V  [jvm.dll+0x85ebc3]
V  [jvm.dll+0x85f989]
V  [jvm.dll+0x85febd]
V  [jvm.dll+0x86034b]
V  [jvm.dll+0x860407]
V  [jvm.dll+0x80125a]
V  [jvm.dll+0x6ecf0b]
C  [ucrtbase.dll+0x21bb2]
C  [KERNEL32.DLL+0x17374]
C  [ntdll.dll+0x4cc91]

VM_Operation (0x000000cd4e4fb900): G1CollectForAllocation, mode: safepoint, requested by thread 0x000001d1b5acfde0


---------------  P R O C E S S  ---------------

Threads class SMR info:
_java_thread_list=0x000001d1dc82b4c0, length=33, elements={
0x000001d1b5acfde0, 0x000001d1d60c6b10, 0x000001d1d60c77f0, 0x000001d1d60c8b90,
0x000001d1d60ca980, 0x000001d1d60cb540, 0x000001d1d60cc2a0, 0x000001d1d60deeb0,
0x000001d1d60e3ad0, 0x000001d1d60e4440, 0x000001d1d6099e00, 0x000001d1da5c11c0,
0x000001d1da5c7880, 0x000001d1dd7b7f80, 0x000001d1dd054cb0, 0x000001d1dd765ab0,
0x000001d1de04f810, 0x000001d1de04d830, 0x000001d1da5b0290, 0x000001d1de04ed70,
0x000001d1de0502b0, 0x000001d1de04fd60, 0x000001d1de050d50, 0x000001d1de050800,
0x000001d1de04e820, 0x000001d1de04dd80, 0x000001d1dfaca4b0, 0x000001d1dfacbf40,
0x000001d1dfac84d0, 0x000001d1dfac9a10, 0x000001d1dfac8a20, 0x000001d1dfacaa00,
0x000001d1ddfd9740
}

Java Threads: ( => current thread )
  0x000001d1b5acfde0 JavaThread "main" [_thread_blocked, id=6872, stack(0x000000cd4e400000,0x000000cd4e500000)]
  0x000001d1d60c6b10 JavaThread "Reference Handler" daemon [_thread_blocked, id=13888, stack(0x000000cd4eb00000,0x000000cd4ec00000)]
  0x000001d1d60c77f0 JavaThread "Finalizer" daemon [_thread_blocked, id=5172, stack(0x000000cd4ec00000,0x000000cd4ed00000)]
  0x000001d1d60c8b90 JavaThread "Signal Dispatcher" daemon [_thread_blocked, id=14052, stack(0x000000cd4ed00000,0x000000cd4ee00000)]
  0x000001d1d60ca980 JavaThread "Attach Listener" daemon [_thread_blocked, id=14428, stack(0x000000cd4ee00000,0x000000cd4ef00000)]
  0x000001d1d60cb540 JavaThread "Service Thread" daemon [_thread_blocked, id=7276, stack(0x000000cd4ef00000,0x000000cd4f000000)]
  0x000001d1d60cc2a0 JavaThread "Monitor Deflation Thread" daemon [_thread_blocked, id=1304, stack(0x000000cd4f000000,0x000000cd4f100000)]
  0x000001d1d60deeb0 JavaThread "C2 CompilerThread0" daemon [_thread_blocked, id=14824, stack(0x000000cd4f100000,0x000000cd4f200000)]
  0x000001d1d60e3ad0 JavaThread "C1 CompilerThread0" daemon [_thread_blocked, id=13620, stack(0x000000cd4f200000,0x000000cd4f300000)]
  0x000001d1d60e4440 JavaThread "Sweeper thread" daemon [_thread_blocked, id=15196, stack(0x000000cd4f300000,0x000000cd4f400000)]
  0x000001d1d6099e00 JavaThread "Common-Cleaner" daemon [_thread_blocked, id=15036, stack(0x000000cd4f400000,0x000000cd4f500000)]
  0x000001d1da5c11c0 JavaThread "Monitor Ctrl-Break" daemon [_thread_in_native, id=15660, stack(0x000000cd4f500000,0x000000cd4f600000)]
  0x000001d1da5c7880 JavaThread "Notification Thread" daemon [_thread_blocked, id=8180, stack(0x000000cd4f600000,0x000000cd4f700000)]
  0x000001d1dd7b7f80 JavaThread "HikariPool-1 housekeeper" daemon [_thread_blocked, id=6928, stack(0x000000cd50200000,0x000000cd50300000)]
  0x000001d1dd054cb0 JavaThread "HikariPool-1 connection adder" daemon [_thread_blocked, id=12576, stack(0x000000cd50300000,0x000000cd50400000)]
  0x000001d1dd765ab0 JavaThread "Catalina-utility-1" [_thread_blocked, id=14700, stack(0x000000cd50400000,0x000000cd50500000)]
  0x000001d1de04f810 JavaThread "Catalina-utility-2" [_thread_blocked, id=14280, stack(0x000000cd50500000,0x000000cd50600000)]
  0x000001d1de04d830 JavaThread "container-0" [_thread_blocked, id=15532, stack(0x000000cd50600000,0x000000cd50700000)]
  0x000001d1da5b0290 JavaThread "C2 CompilerThread1" daemon [_thread_blocked, id=11612, stack(0x000000cd4f800000,0x000000cd4f900000)]
  0x000001d1de04ed70 JavaThread "http-nio-9999-BlockPoller" daemon [_thread_in_native, id=16324, stack(0x000000cd50700000,0x000000cd50800000)]
  0x000001d1de0502b0 JavaThread "http-nio-9999-exec-1" daemon [_thread_blocked, id=5428, stack(0x000000cd50800000,0x000000cd50900000)]
  0x000001d1de04fd60 JavaThread "http-nio-9999-exec-2" daemon [_thread_blocked, id=7768, stack(0x000000cd50900000,0x000000cd50a00000)]
  0x000001d1de050d50 JavaThread "http-nio-9999-exec-3" daemon [_thread_blocked, id=14036, stack(0x000000cd50a00000,0x000000cd50b00000)]
  0x000001d1de050800 JavaThread "http-nio-9999-exec-4" daemon [_thread_blocked, id=9460, stack(0x000000cd50b00000,0x000000cd50c00000)]
  0x000001d1de04e820 JavaThread "http-nio-9999-exec-5" daemon [_thread_blocked, id=15212, stack(0x000000cd50c00000,0x000000cd50d00000)]
  0x000001d1de04dd80 JavaThread "http-nio-9999-exec-6" daemon [_thread_blocked, id=12476, stack(0x000000cd50d00000,0x000000cd50e00000)]
  0x000001d1dfaca4b0 JavaThread "http-nio-9999-exec-7" daemon [_thread_blocked, id=3560, stack(0x000000cd50e00000,0x000000cd50f00000)]
  0x000001d1dfacbf40 JavaThread "http-nio-9999-exec-8" daemon [_thread_blocked, id=6988, stack(0x000000cd50f00000,0x000000cd51000000)]
  0x000001d1dfac84d0 JavaThread "http-nio-9999-exec-9" daemon [_thread_blocked, id=5348, stack(0x000000cd51000000,0x000000cd51100000)]
  0x000001d1dfac9a10 JavaThread "http-nio-9999-exec-10" daemon [_thread_blocked, id=14684, stack(0x000000cd51100000,0x000000cd51200000)]
  0x000001d1dfac8a20 JavaThread "http-nio-9999-ClientPoller" daemon [_thread_in_native, id=17228, stack(0x000000cd51200000,0x000000cd51300000)]
  0x000001d1dfacaa00 JavaThread "http-nio-9999-Acceptor" daemon [_thread_in_native, id=13036, stack(0x000000cd51300000,0x000000cd51400000)]
  0x000001d1ddfd9740 JavaThread "C2 CompilerThread2" daemon [_thread_blocked, id=4028, stack(0x000000cd50100000,0x000000cd50200000)]

Other Threads:
=>0x000001d1d60ac100 VMThread "VM Thread" [stack: 0x000000cd4ea00000,0x000000cd4eb00000] [id=13184]
  0x000001d1da5c1700 WatcherThread "VM Periodic Task Thread" [stack: 0x000000cd4f700000,0x000000cd4f800000] [id=16944]
  0x000001d1b5b2df60 WorkerThread "GC Thread#0" [stack: 0x000000cd4e500000,0x000000cd4e600000] [id=8920]
  0x000001d1daaa6600 WorkerThread "GC Thread#1" [stack: 0x000000cd4f900000,0x000000cd4fa00000] [id=13264]
  0x000001d1daaa7410 WorkerThread "GC Thread#2" [stack: 0x000000cd4fa00000,0x000000cd4fb00000] [id=1116]
  0x000001d1daaa6e70 WorkerThread "GC Thread#3" [stack: 0x000000cd4fb00000,0x000000cd4fc00000] [id=4904]
  0x000001d1daaa6ba0 WorkerThread "GC Thread#4" [stack: 0x000000cd4fc00000,0x000000cd4fd00000] [id=18128]
  0x000001d1daaa76e0 WorkerThread "GC Thread#5" [stack: 0x000000cd4fd00000,0x000000cd4fe00000] [id=11588]
  0x000001d1daaa7c80 WorkerThread "GC Thread#6" [stack: 0x000000cd4fe00000,0x000000cd4ff00000] [id=16004]
  0x000001d1db828230 WorkerThread "GC Thread#7" [stack: 0x000000cd4ff00000,0x000000cd50000000] [id=10256]
  0x000001d1b5b3e640 ConcurrentGCThread "G1 Main Marker" [stack: 0x000000cd4e600000,0x000000cd4e700000] [id=18328]
  0x000001d1b5b3f070 WorkerThread "G1 Conc#0" [stack: 0x000000cd4e700000,0x000000cd4e800000] [id=18232]
  0x000001d1db827c90 WorkerThread "G1 Conc#1" [stack: 0x000000cd50000000,0x000000cd50100000] [id=616]
  0x000001d1d5f65570 ConcurrentGCThread "G1 Refine#0" [stack: 0x000000cd4e800000,0x000000cd4e900000] [id=12376]
  0x000001d1d5f65ec0 ConcurrentGCThread "G1 Service" [stack: 0x000000cd4e900000,0x000000cd4ea00000] [id=6320]

Threads with active compile tasks:
C2 CompilerThread0     7642 7711       4       com.gargoylesoftware.htmlunit.javascript.JavaScriptEngine::configureClass (31 bytes)

VM state: at safepoint (normal execution)

VM Mutex/Monitor currently owned by a thread:  ([mutex/lock_event])
[0x000001d1b5acd1d0] Threads_lock - owner thread: 0x000001d1d60ac100
[0x000001d1b5acd2f0] Heap_lock - owner thread: 0x000001d1b5acfde0

Heap address: 0x0000000084400000, size: 1980 MB, Compressed Oops mode: 32-bit

CDS archive(s) mapped at: [0x0000000800000000-0x0000000800c40000-0x0000000800c40000), size 12845056, SharedBaseAddress: 0x0000000800000000, ArchiveRelocationMode: 0.
Compressed class space mapped at: 0x0000000801000000-0x0000000841000000, reserved size: 1073741824
Narrow klass base: 0x0000000800000000, Narrow klass shift: 0, Narrow klass range: 0x100000000

GC Precious Log:
 CardTable entry size: 512
 Card Set container configuration: InlinePtr #cards 5 size 8 Array Of Cards #cards 12 size 40 Howl #buckets 4 coarsen threshold 1843 Howl Bitmap #cards 512 size 80 coarsen threshold 460 Card regions per heap region 1 cards per card region 2048
 CPUs: 8 total, 8 available
 Memory: 7918M
 Large Page Support: Disabled
 NUMA Support: Disabled
 Compressed Oops: Enabled (32-bit)
 Heap Region Size: 1M
 Heap Min Capacity: 8M
 Heap Initial Capacity: 124M
 Heap Max Capacity: 1980M
 Pre-touch: Disabled
 Parallel Workers: 8
 Concurrent Workers: 2
 Concurrent Refinement Workers: 8
 Periodic GC: Disabled

Heap:
 garbage-first heap   total 126976K, used 54669K [0x0000000084400000, 0x0000000100000000)
  region size 1024K, 2 young (2048K), 2 survivors (2048K)
 Metaspace       used 81288K, committed 81792K, reserved 1179648K
  class space    used 11868K, committed 12096K, reserved 1048576K

Heap Regions: E=young(eden), S=young(survivor), O=old, HS=humongous(starts), HC=humongous(continues), CS=collection set, F=free, OA=open archive, CA=closed archive, TAMS=top-at-mark-start (previous, next)
|   0|0x0000000084400000, 0x0000000084500000, 0x0000000084500000|100%|HS|  |TAMS 0x0000000084500000, 0x0000000084400000| Complete 
|   1|0x0000000084500000, 0x0000000084600000, 0x0000000084600000|100%| O|  |TAMS 0x0000000084600000, 0x0000000084500000| Untracked 
|   2|0x0000000084600000, 0x0000000084700000, 0x0000000084700000|100%| O|  |TAMS 0x0000000084700000, 0x0000000084600000| Untracked 
|   3|0x0000000084700000, 0x0000000084800000, 0x0000000084800000|100%| O|  |TAMS 0x0000000084800000, 0x0000000084700000| Untracked 
|   4|0x0000000084800000, 0x0000000084900000, 0x0000000084900000|100%| O|  |TAMS 0x0000000084900000, 0x0000000084800000| Untracked 
|   5|0x0000000084900000, 0x0000000084a00000, 0x0000000084a00000|100%| O|  |TAMS 0x0000000084a00000, 0x0000000084900000| Untracked 
|   6|0x0000000084a00000, 0x0000000084b00000, 0x0000000084b00000|100%| O|  |TAMS 0x0000000084b00000, 0x0000000084a00000| Untracked 
|   7|0x0000000084b00000, 0x0000000084c00000, 0x0000000084c00000|100%| O|  |TAMS 0x0000000084c00000, 0x0000000084b00000| Untracked 
|   8|0x0000000084c00000, 0x0000000084d00000, 0x0000000084d00000|100%| O|  |TAMS 0x0000000084d00000, 0x0000000084c00000| Untracked 
|   9|0x0000000084d00000, 0x0000000084e00000, 0x0000000084e00000|100%| O|  |TAMS 0x0000000084e00000, 0x0000000084d00000| Untracked 
|  10|0x0000000084e00000, 0x0000000084f00000, 0x0000000084f00000|100%| O|  |TAMS 0x0000000084f00000, 0x0000000084e00000| Untracked 
|  11|0x0000000084f00000, 0x0000000085000000, 0x0000000085000000|100%| O|  |TAMS 0x0000000085000000, 0x0000000084f00000| Untracked 
|  12|0x0000000085000000, 0x0000000085100000, 0x0000000085100000|100%| O|  |TAMS 0x0000000085100000, 0x0000000085000000| Untracked 
|  13|0x0000000085100000, 0x0000000085200000, 0x0000000085200000|100%| O|  |TAMS 0x0000000085200000, 0x0000000085100000| Untracked 
|  14|0x0000000085200000, 0x0000000085300000, 0x0000000085300000|100%| O|  |TAMS 0x0000000085300000, 0x0000000085200000| Untracked 
|  15|0x0000000085300000, 0x0000000085400000, 0x0000000085400000|100%| O|  |TAMS 0x0000000085400000, 0x0000000085300000| Untracked 
|  16|0x0000000085400000, 0x0000000085500000, 0x0000000085500000|100%| O|  |TAMS 0x0000000085500000, 0x0000000085400000| Untracked 
|  17|0x0000000085500000, 0x0000000085600000, 0x0000000085600000|100%| O|  |TAMS 0x0000000085600000, 0x0000000085500000| Untracked 
|  18|0x0000000085600000, 0x0000000085700000, 0x0000000085700000|100%| O|  |TAMS 0x0000000085700000, 0x0000000085600000| Untracked 
|  19|0x0000000085700000, 0x0000000085800000, 0x0000000085800000|100%| O|  |TAMS 0x0000000085800000, 0x0000000085700000| Untracked 
|  20|0x0000000085800000, 0x0000000085900000, 0x0000000085900000|100%| O|  |TAMS 0x0000000085800000, 0x0000000085800000| Untracked 
|  21|0x0000000085900000, 0x0000000085a00000, 0x0000000085a00000|100%| O|  |TAMS 0x0000000085a00000, 0x0000000085900000| Untracked 
|  22|0x0000000085a00000, 0x0000000085b00000, 0x0000000085b00000|100%| O|  |TAMS 0x0000000085b00000, 0x0000000085a00000| Untracked 
|  23|0x0000000085b00000, 0x0000000085c00000, 0x0000000085c00000|100%| O|  |TAMS 0x0000000085c00000, 0x0000000085b00000| Untracked 
|  24|0x0000000085c00000, 0x0000000085d00000, 0x0000000085d00000|100%| O|  |TAMS 0x0000000085d00000, 0x0000000085c00000| Untracked 
|  25|0x0000000085d00000, 0x0000000085e00000, 0x0000000085e00000|100%| O|  |TAMS 0x0000000085e00000, 0x0000000085d00000| Untracked 
|  26|0x0000000085e00000, 0x0000000085f00000, 0x0000000085f00000|100%| O|  |TAMS 0x0000000085f00000, 0x0000000085e00000| Untracked 
|  27|0x0000000085f00000, 0x0000000086000000, 0x0000000086000000|100%| O|  |TAMS 0x0000000086000000, 0x0000000085f00000| Untracked 
|  28|0x0000000086000000, 0x0000000086100000, 0x0000000086100000|100%| O|  |TAMS 0x0000000086100000, 0x0000000086000000| Untracked 
|  29|0x0000000086100000, 0x0000000086200000, 0x0000000086200000|100%| O|  |TAMS 0x0000000086157200, 0x0000000086100000| Untracked 
|  30|0x0000000086200000, 0x0000000086300000, 0x0000000086300000|100%| O|  |TAMS 0x0000000086200000, 0x0000000086200000| Untracked 
|  31|0x0000000086300000, 0x0000000086400000, 0x0000000086400000|100%| O|  |TAMS 0x0000000086300000, 0x0000000086300000| Untracked 
|  32|0x0000000086400000, 0x0000000086500000, 0x0000000086500000|100%| O|  |TAMS 0x0000000086400000, 0x0000000086400000| Untracked 
|  33|0x0000000086500000, 0x0000000086600000, 0x0000000086600000|100%| O|  |TAMS 0x0000000086500000, 0x0000000086500000| Untracked 
|  34|0x0000000086600000, 0x0000000086700000, 0x0000000086700000|100%| O|  |TAMS 0x0000000086600000, 0x0000000086600000| Untracked 
|  35|0x0000000086700000, 0x0000000086800000, 0x0000000086800000|100%| O|  |TAMS 0x0000000086700000, 0x0000000086700000| Untracked 
|  36|0x0000000086800000, 0x0000000086900000, 0x0000000086900000|100%| O|  |TAMS 0x0000000086800000, 0x0000000086800000| Untracked 
|  37|0x0000000086900000, 0x0000000086a00000, 0x0000000086a00000|100%| O|  |TAMS 0x0000000086900000, 0x0000000086900000| Untracked 
|  38|0x0000000086a00000, 0x0000000086b00000, 0x0000000086b00000|100%| O|  |TAMS 0x0000000086a00000, 0x0000000086a00000| Untracked 
|  39|0x0000000086b00000, 0x0000000086c00000, 0x0000000086c00000|100%| O|  |TAMS 0x0000000086b00000, 0x0000000086b00000| Untracked 
|  40|0x0000000086c00000, 0x0000000086d00000, 0x0000000086d00000|100%| O|  |TAMS 0x0000000086c00000, 0x0000000086c00000| Untracked 
|  41|0x0000000086d00000, 0x0000000086e00000, 0x0000000086e00000|100%| O|  |TAMS 0x0000000086d00000, 0x0000000086d00000| Untracked 
|  42|0x0000000086e00000, 0x0000000086f00000, 0x0000000086f00000|100%| O|  |TAMS 0x0000000086e00000, 0x0000000086e00000| Untracked 
|  43|0x0000000086f00000, 0x0000000087000000, 0x0000000087000000|100%| O|  |TAMS 0x0000000086f00000, 0x0000000086f00000| Untracked 
|  44|0x0000000087000000, 0x0000000087100000, 0x0000000087100000|100%| O|  |TAMS 0x0000000087000000, 0x0000000087000000| Untracked 
|  45|0x0000000087100000, 0x0000000087200000, 0x0000000087200000|100%| O|  |TAMS 0x0000000087100000, 0x0000000087100000| Untracked 
|  46|0x0000000087200000, 0x0000000087300000, 0x0000000087300000|100%| O|  |TAMS 0x0000000087200000, 0x0000000087200000| Untracked 
|  47|0x0000000087300000, 0x0000000087400000, 0x0000000087400000|100%| O|  |TAMS 0x0000000087300000, 0x0000000087300000| Untracked 
|  48|0x0000000087400000, 0x0000000087500000, 0x0000000087500000|100%| O|  |TAMS 0x0000000087400000, 0x0000000087400000| Untracked 
|  49|0x0000000087500000, 0x0000000087600000, 0x0000000087600000|100%| O|  |TAMS 0x0000000087500000, 0x0000000087500000| Untracked 
|  50|0x0000000087600000, 0x0000000087700000, 0x0000000087700000|100%| O|  |TAMS 0x0000000087600000, 0x0000000087600000| Untracked 
|  51|0x0000000087700000, 0x0000000087800000, 0x0000000087800000|100%| O|  |TAMS 0x0000000087700000, 0x0000000087700000| Untracked 
|  52|0x0000000087800000, 0x0000000087817200, 0x0000000087900000|  9%| O|  |TAMS 0x0000000087800000, 0x0000000087800000| Untracked 
|  53|0x0000000087900000, 0x0000000087900000, 0x0000000087a00000|  0%| F|  |TAMS 0x0000000087900000, 0x0000000087900000| Untracked 
|  54|0x0000000087a00000, 0x0000000087a00000, 0x0000000087b00000|  0%| F|  |TAMS 0x0000000087a00000, 0x0000000087a00000| Untracked 
|  55|0x0000000087b00000, 0x0000000087b00000, 0x0000000087c00000|  0%| F|  |TAMS 0x0000000087b00000, 0x0000000087b00000| Untracked 
|  56|0x0000000087c00000, 0x0000000087c00000, 0x0000000087d00000|  0%| F|  |TAMS 0x0000000087c00000, 0x0000000087c00000| Untracked 
|  57|0x0000000087d00000, 0x0000000087d00000, 0x0000000087e00000|  0%| F|  |TAMS 0x0000000087d00000, 0x0000000087d00000| Untracked 
|  58|0x0000000087e00000, 0x0000000087e00000, 0x0000000087f00000|  0%| F|  |TAMS 0x0000000087e00000, 0x0000000087e00000| Untracked 
|  59|0x0000000087f00000, 0x0000000087f00000, 0x0000000088000000|  0%| F|  |TAMS 0x0000000087f00000, 0x0000000087f00000| Untracked 
|  60|0x0000000088000000, 0x0000000088000000, 0x0000000088100000|  0%| F|  |TAMS 0x0000000088000000, 0x0000000088000000| Untracked 
|  61|0x0000000088100000, 0x0000000088100000, 0x0000000088200000|  0%| F|  |TAMS 0x0000000088100000, 0x0000000088100000| Untracked 
|  62|0x0000000088200000, 0x0000000088200000, 0x0000000088300000|  0%| F|  |TAMS 0x0000000088200000, 0x0000000088200000| Untracked 
|  63|0x0000000088300000, 0x0000000088300000, 0x0000000088400000|  0%| F|  |TAMS 0x0000000088300000, 0x0000000088300000| Untracked 
|  64|0x0000000088400000, 0x0000000088400000, 0x0000000088500000|  0%| F|  |TAMS 0x0000000088400000, 0x0000000088400000| Untracked 
|  65|0x0000000088500000, 0x0000000088500000, 0x0000000088600000|  0%| F|  |TAMS 0x0000000088500000, 0x0000000088500000| Untracked 
|  66|0x0000000088600000, 0x0000000088600000, 0x0000000088700000|  0%| F|  |TAMS 0x0000000088600000, 0x0000000088600000| Untracked 
|  67|0x0000000088700000, 0x0000000088700000, 0x0000000088800000|  0%| F|  |TAMS 0x0000000088700000, 0x0000000088700000| Untracked 
|  68|0x0000000088800000, 0x0000000088800000, 0x0000000088900000|  0%| F|  |TAMS 0x0000000088800000, 0x0000000088800000| Untracked 
|  69|0x0000000088900000, 0x000000008894c4a0, 0x0000000088a00000| 29%| S|CS|TAMS 0x0000000088900000, 0x0000000088900000| Complete 
|  70|0x0000000088a00000, 0x0000000088b00000, 0x0000000088b00000|100%| S|CS|TAMS 0x0000000088a00000, 0x0000000088a00000| Complete 
|  71|0x0000000088b00000, 0x0000000088b00000, 0x0000000088c00000|  0%| F|  |TAMS 0x0000000088b00000, 0x0000000088b00000| Untracked 
|  72|0x0000000088c00000, 0x0000000088c00000, 0x0000000088d00000|  0%| F|  |TAMS 0x0000000088c00000, 0x0000000088c00000| Untracked 
|  73|0x0000000088d00000, 0x0000000088d00000, 0x0000000088e00000|  0%| F|  |TAMS 0x0000000088d00000, 0x0000000088d00000| Untracked 
|  74|0x0000000088e00000, 0x0000000088e00000, 0x0000000088f00000|  0%| F|  |TAMS 0x0000000088e00000, 0x0000000088e00000| Untracked 
|  75|0x0000000088f00000, 0x0000000088f00000, 0x0000000089000000|  0%| F|  |TAMS 0x0000000088f00000, 0x0000000088f00000| Untracked 
|  76|0x0000000089000000, 0x0000000089000000, 0x0000000089100000|  0%| F|  |TAMS 0x0000000089000000, 0x0000000089000000| Untracked 
|  77|0x0000000089100000, 0x0000000089100000, 0x0000000089200000|  0%| F|  |TAMS 0x0000000089100000, 0x0000000089100000| Untracked 
|  78|0x0000000089200000, 0x0000000089200000, 0x0000000089300000|  0%| F|  |TAMS 0x0000000089200000, 0x0000000089200000| Untracked 
|  79|0x0000000089300000, 0x0000000089300000, 0x0000000089400000|  0%| F|  |TAMS 0x0000000089300000, 0x0000000089300000| Untracked 
|  80|0x0000000089400000, 0x0000000089400000, 0x0000000089500000|  0%| F|  |TAMS 0x0000000089400000, 0x0000000089400000| Untracked 
|  81|0x0000000089500000, 0x0000000089500000, 0x0000000089600000|  0%| F|  |TAMS 0x0000000089500000, 0x0000000089500000| Untracked 
|  82|0x0000000089600000, 0x0000000089600000, 0x0000000089700000|  0%| F|  |TAMS 0x0000000089600000, 0x0000000089600000| Untracked 
|  83|0x0000000089700000, 0x0000000089700000, 0x0000000089800000|  0%| F|  |TAMS 0x0000000089700000, 0x0000000089700000| Untracked 
|  84|0x0000000089800000, 0x0000000089800000, 0x0000000089900000|  0%| F|  |TAMS 0x0000000089800000, 0x0000000089800000| Untracked 
|  85|0x0000000089900000, 0x0000000089900000, 0x0000000089a00000|  0%| F|  |TAMS 0x0000000089900000, 0x0000000089900000| Untracked 
|  86|0x0000000089a00000, 0x0000000089a00000, 0x0000000089b00000|  0%| F|  |TAMS 0x0000000089a00000, 0x0000000089a00000| Untracked 
|  87|0x0000000089b00000, 0x0000000089b00000, 0x0000000089c00000|  0%| F|  |TAMS 0x0000000089b00000, 0x0000000089b00000| Untracked 
|  88|0x0000000089c00000, 0x0000000089c00000, 0x0000000089d00000|  0%| F|  |TAMS 0x0000000089c00000, 0x0000000089c00000| Untracked 
|  89|0x0000000089d00000, 0x0000000089d00000, 0x0000000089e00000|  0%| F|  |TAMS 0x0000000089d00000, 0x0000000089d00000| Untracked 
|  90|0x0000000089e00000, 0x0000000089e00000, 0x0000000089f00000|  0%| F|  |TAMS 0x0000000089e00000, 0x0000000089e00000| Untracked 
|  91|0x0000000089f00000, 0x0000000089f00000, 0x000000008a000000|  0%| F|  |TAMS 0x0000000089f00000, 0x0000000089f00000| Untracked 
|  92|0x000000008a000000, 0x000000008a000000, 0x000000008a100000|  0%| F|  |TAMS 0x000000008a000000, 0x000000008a000000| Untracked 
|  93|0x000000008a100000, 0x000000008a100000, 0x000000008a200000|  0%| F|  |TAMS 0x000000008a100000, 0x000000008a100000| Untracked 
|  94|0x000000008a200000, 0x000000008a200000, 0x000000008a300000|  0%| F|  |TAMS 0x000000008a200000, 0x000000008a200000| Untracked 
|  95|0x000000008a300000, 0x000000008a300000, 0x000000008a400000|  0%| F|  |TAMS 0x000000008a300000, 0x000000008a300000| Untracked 
|  96|0x000000008a400000, 0x000000008a400000, 0x000000008a500000|  0%| F|  |TAMS 0x000000008a400000, 0x000000008a400000| Untracked 
|  97|0x000000008a500000, 0x000000008a500000, 0x000000008a600000|  0%| F|  |TAMS 0x000000008a500000, 0x000000008a500000| Untracked 
|  98|0x000000008a600000, 0x000000008a600000, 0x000000008a700000|  0%| F|  |TAMS 0x000000008a600000, 0x000000008a600000| Untracked 
|  99|0x000000008a700000, 0x000000008a700000, 0x000000008a800000|  0%| F|  |TAMS 0x000000008a700000, 0x000000008a700000| Untracked 
| 100|0x000000008a800000, 0x000000008a800000, 0x000000008a900000|  0%| F|  |TAMS 0x000000008a800000, 0x000000008a800000| Untracked 
| 101|0x000000008a900000, 0x000000008a900000, 0x000000008aa00000|  0%| F|  |TAMS 0x000000008a900000, 0x000000008a900000| Untracked 
| 102|0x000000008aa00000, 0x000000008aa00000, 0x000000008ab00000|  0%| F|  |TAMS 0x000000008aa00000, 0x000000008aa00000| Untracked 
| 103|0x000000008ab00000, 0x000000008ab00000, 0x000000008ac00000|  0%| F|  |TAMS 0x000000008ab00000, 0x000000008ab00000| Untracked 
| 104|0x000000008ac00000, 0x000000008ac00000, 0x000000008ad00000|  0%| F|  |TAMS 0x000000008ac00000, 0x000000008ac00000| Untracked 
| 105|0x000000008ad00000, 0x000000008ad00000, 0x000000008ae00000|  0%| F|  |TAMS 0x000000008ad00000, 0x000000008ad00000| Untracked 
| 106|0x000000008ae00000, 0x000000008ae00000, 0x000000008af00000|  0%| F|  |TAMS 0x000000008ae00000, 0x000000008ae00000| Untracked 
| 107|0x000000008af00000, 0x000000008af00000, 0x000000008b000000|  0%| F|  |TAMS 0x000000008af00000, 0x000000008af00000| Untracked 
| 108|0x000000008b000000, 0x000000008b000000, 0x000000008b100000|  0%| F|  |TAMS 0x000000008b000000, 0x000000008b000000| Untracked 
| 109|0x000000008b100000, 0x000000008b100000, 0x000000008b200000|  0%| F|  |TAMS 0x000000008b100000, 0x000000008b100000| Untracked 
| 110|0x000000008b200000, 0x000000008b200000, 0x000000008b300000|  0%| F|  |TAMS 0x000000008b200000, 0x000000008b200000| Untracked 
| 111|0x000000008b300000, 0x000000008b300000, 0x000000008b400000|  0%| F|  |TAMS 0x000000008b300000, 0x000000008b300000| Untracked 
| 112|0x000000008b400000, 0x000000008b400000, 0x000000008b500000|  0%| F|  |TAMS 0x000000008b400000, 0x000000008b400000| Untracked 
| 113|0x000000008b500000, 0x000000008b500000, 0x000000008b600000|  0%| F|  |TAMS 0x000000008b500000, 0x000000008b500000| Untracked 
| 114|0x000000008b600000, 0x000000008b600000, 0x000000008b700000|  0%| F|  |TAMS 0x000000008b600000, 0x000000008b600000| Untracked 
| 115|0x000000008b700000, 0x000000008b700000, 0x000000008b800000|  0%| F|  |TAMS 0x000000008b700000, 0x000000008b700000| Untracked 
| 116|0x000000008b800000, 0x000000008b800000, 0x000000008b900000|  0%| F|  |TAMS 0x000000008b800000, 0x000000008b800000| Untracked 
| 117|0x000000008b900000, 0x000000008b900000, 0x000000008ba00000|  0%| F|  |TAMS 0x000000008b900000, 0x000000008b900000| Untracked 
| 118|0x000000008ba00000, 0x000000008ba00000, 0x000000008bb00000|  0%| F|  |TAMS 0x000000008ba00000, 0x000000008ba00000| Untracked 
| 119|0x000000008bb00000, 0x000000008bb00000, 0x000000008bc00000|  0%| F|  |TAMS 0x000000008bb00000, 0x000000008bb00000| Untracked 
| 120|0x000000008bc00000, 0x000000008bc00000, 0x000000008bd00000|  0%| F|  |TAMS 0x000000008bc00000, 0x000000008bc00000| Untracked 
| 121|0x000000008bd00000, 0x000000008bd00000, 0x000000008be00000|  0%| F|  |TAMS 0x000000008bd00000, 0x000000008bd00000| Untracked 
| 122|0x000000008be00000, 0x000000008be00000, 0x000000008bf00000|  0%| F|  |TAMS 0x000000008be00000, 0x000000008be00000| Untracked 
| 123|0x000000008bf00000, 0x000000008bf00000, 0x000000008c000000|  0%| F|  |TAMS 0x000000008bf00000, 0x000000008bf00000| Untracked 

Card table byte_map: [0x000001d1cf050000,0x000001d1cf430000] _byte_map_base: 0x000001d1cec2e000

Marking Bits (Prev, Next): (CMBitMap*) 0x000001d1b5b2e5d0, (CMBitMap*) 0x000001d1b5b2e590
 Prev Bits: [0x000001d1d1700000, 0x000001d1d35f0000)
 Next Bits: [0x000001d1cf810000, 0x000001d1d1700000)

Polling page: 0x000001d1b5940000

Metaspace:

Usage:
  Non-class:     67.79 MB used.
      Class:     11.59 MB used.
       Both:     79.38 MB used.

Virtual space:
  Non-class space:      128.00 MB reserved,      68.06 MB ( 53%) committed,  2 nodes.
      Class space:        1.00 GB reserved,      11.81 MB (  1%) committed,  1 nodes.
             Both:        1.12 GB reserved,      79.88 MB (  7%) committed. 

Chunk freelists:
   Non-Class:  3.77 MB
       Class:  130.00 KB
        Both:  3.89 MB

MaxMetaspaceSize: unlimited
CompressedClassSpaceSize: 1.00 GB
Initial GC threshold: 21.00 MB
Current GC threshold: 99.00 MB
CDS: on
MetaspaceReclaimPolicy: balanced
 - commit_granule_bytes: 65536.
 - commit_granule_words: 8192.
 - virtual_space_node_default_size: 8388608.
 - enlarge_chunks_in_place: 1.
 - new_chunks_are_fully_committed: 0.
 - uncommit_free_chunks: 1.
 - use_allocation_guard: 0.


Internal statistics:

num_allocs_failed_limit: 12.
num_arena_births: 656.
num_arena_deaths: 0.
num_vsnodes_births: 3.
num_vsnodes_deaths: 0.
num_space_committed: 1275.
num_space_uncommitted: 0.
num_chunks_returned_to_freelist: 12.
num_chunks_taken_from_freelist: 3447.
num_chunk_merges: 9.
num_chunk_splits: 2623.
num_chunks_enlarged: 2239.
num_inconsistent_stats: 0.

CodeHeap 'non-profiled nmethods': size=120000Kb used=4022Kb max_used=4743Kb free=115977Kb
 bounds [0x000001d1c6ce0000, 0x000001d1c7190000, 0x000001d1ce210000]
CodeHeap 'profiled nmethods': size=120000Kb used=13011Kb max_used=13488Kb free=106988Kb
 bounds [0x000001d1bf210000, 0x000001d1bff50000, 0x000001d1c6740000]
CodeHeap 'non-nmethods': size=5760Kb used=1473Kb max_used=1527Kb free=4286Kb
 bounds [0x000001d1c6740000, 0x000001d1c69b0000, 0x000001d1c6ce0000]
 total_blobs=7217 nmethods=6496 adapters=630
 compilation: enabled
              stopped_count=0, restarted_count=0
 full_count=0

Compilation events (20 events):
Event: 7.623 Thread 0x000001d1d60e3ad0 nmethod 7852 0x000001d1bf7d6690 code [0x000001d1bf7d6860, 0x000001d1bf7d6c58]
Event: 7.623 Thread 0x000001d1d60e3ad0 7853       3       org.springframework.boot.web.server.WebServerFactoryCustomizerBeanPostProcessor::postProcessBeforeInitialization (17 bytes)
Event: 7.624 Thread 0x000001d1d60e3ad0 nmethod 7853 0x000001d1bf342190 code [0x000001d1bf3424c0, 0x000001d1bf343b38]
Event: 7.624 Thread 0x000001d1d60e3ad0 7857   !   3       jdk.proxy2.$Proxy2::annotationType (29 bytes)
Event: 7.624 Thread 0x000001d1d60e3ad0 nmethod 7857 0x000001d1bf7d5f10 code [0x000001d1bf7d60e0, 0x000001d1bf7d64d8]
Event: 7.624 Thread 0x000001d1d60e3ad0 7856       3       java.lang.reflect.AccessibleObject::getDeclaredAnnotation (6 bytes)
Event: 7.624 Thread 0x000001d1d60e3ad0 nmethod 7856 0x000001d1bf7d5a10 code [0x000001d1bf7d5bc0, 0x000001d1bf7d5d88]
Event: 7.624 Thread 0x000001d1d60e3ad0 7854       3       org.springframework.boot.web.server.ErrorPageRegistrarBeanPostProcessor::postProcessBeforeInitialization (17 bytes)
Event: 7.624 Thread 0x000001d1d60e3ad0 nmethod 7854 0x000001d1bfb95290 code [0x000001d1bfb95440, 0x000001d1bfb957e8]
Event: 7.624 Thread 0x000001d1d60e3ad0 7855       3       org.springframework.boot.test.autoconfigure.properties.PropertyMappingContextCustomizer$PropertyMappingCheckBeanPostProcessor$$Lambda$768/0x000000080132c6a0::<init> (10 bytes)
Event: 7.624 Thread 0x000001d1d60e3ad0 nmethod 7855 0x000001d1bfb94e90 code [0x000001d1bfb95040, 0x000001d1bfb951f8]
Event: 7.624 Thread 0x000001d1da5b0290 nmethod 7843 0x000001d1c6e3a390 code [0x000001d1c6e3a520, 0x000001d1c6e3a958]
Event: 7.626 Thread 0x000001d1d60e3ad0 7858       3       java.lang.StackTraceElement::of (39 bytes)
Event: 7.627 Thread 0x000001d1d60e3ad0 nmethod 7858 0x000001d1bfb94510 code [0x000001d1bfb94700, 0x000001d1bfb94c78]
Event: 7.627 Thread 0x000001d1d60e3ad0 7859       3       java.lang.StackTraceElement::of (30 bytes)
Event: 7.627 Thread 0x000001d1d60e3ad0 nmethod 7859 0x000001d1bfb94010 code [0x000001d1bfb941c0, 0x000001d1bfb943c8]
Event: 7.627 Thread 0x000001d1d60e3ad0 7860       3       java.lang.Throwable::<init> (29 bytes)
Event: 7.627 Thread 0x000001d1d60e3ad0 nmethod 7860 0x000001d1bfcf6890 code [0x000001d1bfcf6a60, 0x000001d1bfcf6dc8]
Event: 7.627 Thread 0x000001d1d60e3ad0 7861       3       net.sourceforge.htmlunit.corejs.javascript.IdScriptableObject::initPrototypeMethod (11 bytes)
Event: 7.627 Thread 0x000001d1d60e3ad0 nmethod 7861 0x000001d1bfcf6490 code [0x000001d1bfcf6640, 0x000001d1bfcf6788]

GC Heap History (20 events):
Event: 4.681 GC heap after
{Heap after GC invocations=13 (full 0):
 garbage-first heap   total 70656K, used 27678K [0x0000000084400000, 0x0000000100000000)
  region size 1024K, 4 young (4096K), 4 survivors (4096K)
 Metaspace       used 54992K, committed 55360K, reserved 1114112K
  class space    used 7138K, committed 7296K, reserved 1048576K
}
Event: 5.185 GC heap before
{Heap before GC invocations=13 (full 0):
 garbage-first heap   total 70656K, used 53278K [0x0000000084400000, 0x0000000100000000)
  region size 1024K, 30 young (30720K), 4 survivors (4096K)
 Metaspace       used 57279K, committed 57728K, reserved 1114112K
  class space    used 7451K, committed 7680K, reserved 1048576K
}
Event: 5.189 GC heap after
{Heap after GC invocations=14 (full 0):
 garbage-first heap   total 70656K, used 29997K [0x0000000084400000, 0x0000000100000000)
  region size 1024K, 4 young (4096K), 4 survivors (4096K)
 Metaspace       used 57279K, committed 57728K, reserved 1114112K
  class space    used 7451K, committed 7680K, reserved 1048576K
}
Event: 5.476 GC heap before
{Heap before GC invocations=14 (full 0):
 garbage-first heap   total 70656K, used 54573K [0x0000000084400000, 0x0000000100000000)
  region size 1024K, 28 young (28672K), 4 survivors (4096K)
 Metaspace       used 59224K, committed 59648K, reserved 1114112K
  class space    used 7725K, committed 7936K, reserved 1048576K
}
Event: 5.482 GC heap after
{Heap after GC invocations=15 (full 0):
 garbage-first heap   total 70656K, used 32886K [0x0000000084400000, 0x0000000100000000)
  region size 1024K, 3 young (3072K), 3 survivors (3072K)
 Metaspace       used 59224K, committed 59648K, reserved 1114112K
  class space    used 7725K, committed 7936K, reserved 1048576K
}
Event: 5.704 GC heap before
{Heap before GC invocations=15 (full 0):
 garbage-first heap   total 70656K, used 47222K [0x0000000084400000, 0x0000000100000000)
  region size 1024K, 18 young (18432K), 3 survivors (3072K)
 Metaspace       used 59981K, committed 60416K, reserved 1114112K
  class space    used 7823K, committed 8064K, reserved 1048576K
}
Event: 5.709 GC heap after
{Heap after GC invocations=16 (full 0):
 garbage-first heap   total 70656K, used 35911K [0x0000000084400000, 0x0000000100000000)
  region size 1024K, 3 young (3072K), 3 survivors (3072K)
 Metaspace       used 59981K, committed 60416K, reserved 1114112K
  class space    used 7823K, committed 8064K, reserved 1048576K
}
Event: 6.037 GC heap before
{Heap before GC invocations=17 (full 0):
 garbage-first heap   total 70656K, used 54343K [0x0000000084400000, 0x0000000100000000)
  region size 1024K, 22 young (22528K), 3 survivors (3072K)
 Metaspace       used 64122K, committed 64576K, reserved 1114112K
  class space    used 8406K, committed 8640K, reserved 1048576K
}
Event: 6.040 GC heap after
{Heap after GC invocations=18 (full 0):
 garbage-first heap   total 70656K, used 37702K [0x0000000084400000, 0x0000000100000000)
  region size 1024K, 3 young (3072K), 3 survivors (3072K)
 Metaspace       used 64122K, committed 64576K, reserved 1114112K
  class space    used 8406K, committed 8640K, reserved 1048576K
}
Event: 6.045 GC heap before
{Heap before GC invocations=18 (full 0):
 garbage-first heap   total 70656K, used 38726K [0x0000000084400000, 0x0000000100000000)
  region size 1024K, 4 young (4096K), 3 survivors (3072K)
 Metaspace       used 64130K, committed 64576K, reserved 1114112K
  class space    used 8407K, committed 8640K, reserved 1048576K
}
Event: 6.047 GC heap after
{Heap after GC invocations=19 (full 0):
 garbage-first heap   total 84992K, used 37710K [0x0000000084400000, 0x0000000100000000)
  region size 1024K, 1 young (1024K), 1 survivors (1024K)
 Metaspace       used 64130K, committed 64576K, reserved 1114112K
  class space    used 8407K, committed 8640K, reserved 1048576K
}
Event: 6.319 GC heap before
{Heap before GC invocations=19 (full 0):
 garbage-first heap   total 84992K, used 62286K [0x0000000084400000, 0x0000000100000000)
  region size 1024K, 26 young (26624K), 1 survivors (1024K)
 Metaspace       used 70770K, committed 71232K, reserved 1114112K
  class space    used 10618K, committed 10880K, reserved 1048576K
}
Event: 6.321 GC heap after
{Heap after GC invocations=20 (full 0):
 garbage-first heap   total 84992K, used 39823K [0x0000000084400000, 0x0000000100000000)
  region size 1024K, 3 young (3072K), 3 survivors (3072K)
 Metaspace       used 70770K, committed 71232K, reserved 1114112K
  class space    used 10618K, committed 10880K, reserved 1048576K
}
Event: 6.704 GC heap before
{Heap before GC invocations=20 (full 0):
 garbage-first heap   total 84992K, used 63375K [0x0000000084400000, 0x0000000100000000)
  region size 1024K, 27 young (27648K), 3 survivors (3072K)
 Metaspace       used 75122K, committed 75520K, reserved 1114112K
  class space    used 11143K, committed 11328K, reserved 1048576K
}
Event: 6.711 GC heap after
{Heap after GC invocations=21 (full 0):
 garbage-first heap   total 84992K, used 45140K [0x0000000084400000, 0x0000000100000000)
  region size 1024K, 4 young (4096K), 4 survivors (4096K)
 Metaspace       used 75122K, committed 75520K, reserved 1114112K
  class space    used 11143K, committed 11328K, reserved 1048576K
}
Event: 7.116 GC heap before
{Heap before GC invocations=21 (full 0):
 garbage-first heap   total 84992K, used 63572K [0x0000000084400000, 0x0000000100000000)
  region size 1024K, 23 young (23552K), 4 survivors (4096K)
 Metaspace       used 78356K, committed 78848K, reserved 1179648K
  class space    used 11519K, committed 11776K, reserved 1048576K
}
Event: 7.122 GC heap after
{Heap after GC invocations=22 (full 0):
 garbage-first heap   total 84992K, used 50112K [0x0000000084400000, 0x0000000100000000)
  region size 1024K, 3 young (3072K), 3 survivors (3072K)
 Metaspace       used 78356K, committed 78848K, reserved 1179648K
  class space    used 11519K, committed 11776K, reserved 1048576K
}
Event: 7.372 GC heap before
{Heap before GC invocations=22 (full 0):
 garbage-first heap   total 84992K, used 65472K [0x0000000084400000, 0x0000000100000000)
  region size 1024K, 18 young (18432K), 3 survivors (3072K)
 Metaspace       used 79986K, committed 80448K, reserved 1179648K
  class space    used 11742K, committed 11968K, reserved 1048576K
}
Event: 7.376 GC heap after
{Heap after GC invocations=23 (full 0):
 garbage-first heap   total 84992K, used 53851K [0x0000000084400000, 0x0000000100000000)
  region size 1024K, 3 young (3072K), 3 survivors (3072K)
 Metaspace       used 79986K, committed 80448K, reserved 1179648K
  class space    used 11742K, committed 11968K, reserved 1048576K
}
Event: 7.629 GC heap before
{Heap before GC invocations=23 (full 0):
 garbage-first heap   total 84992K, used 66139K [0x0000000084400000, 0x0000000100000000)
  region size 1024K, 15 young (15360K), 3 survivors (3072K)
 Metaspace       used 81288K, committed 81792K, reserved 1179648K
  class space    used 11868K, committed 12096K, reserved 1048576K
}

Dll operation events (14 events):
Event: 0.007 Loaded shared library C:\Users\tamar\.jdks\openjdk-19.0.2\bin\java.dll
Event: 0.014 Loaded shared library C:\Users\tamar\.jdks\openjdk-19.0.2\bin\jsvml.dll
Event: 0.109 Loaded shared library C:\Users\tamar\.jdks\openjdk-19.0.2\bin\zip.dll
Event: 0.110 Loaded shared library C:\Users\tamar\.jdks\openjdk-19.0.2\bin\instrument.dll
Event: 0.114 Loaded shared library C:\Users\tamar\.jdks\openjdk-19.0.2\bin\net.dll
Event: 0.116 Loaded shared library C:\Users\tamar\.jdks\openjdk-19.0.2\bin\nio.dll
Event: 0.118 Loaded shared library C:\Users\tamar\.jdks\openjdk-19.0.2\bin\zip.dll
Event: 0.128 Loaded shared library C:\Users\tamar\AppData\Local\JetBrains\Toolbox\apps\IDEA-U\ch-0\223.8617.56\bin\breakgen64.dll
Event: 0.139 Loaded shared library C:\Users\tamar\.jdks\openjdk-19.0.2\bin\extnet.dll
Event: 0.209 Loaded shared library C:\Users\tamar\.jdks\openjdk-19.0.2\bin\jimage.dll
Event: 0.263 Loaded shared library C:\Users\tamar\.jdks\openjdk-19.0.2\bin\verify.dll
Event: 1.169 Loaded shared library C:\Users\tamar\.jdks\openjdk-19.0.2\bin\management.dll
Event: 1.172 Loaded shared library C:\Users\tamar\.jdks\openjdk-19.0.2\bin\management_ext.dll
Event: 5.714 Loaded shared library C:\Users\tamar\.jdks\openjdk-19.0.2\bin\sunmscapi.dll

Deoptimization events (20 events):
Event: 7.536 Thread 0x000001d1b5acfde0 Uncommon trap: trap_request=0xffffffc6 fr.pc=0x000001d1c6f7ca18 relative=0x0000000000005758
Event: 7.536 Thread 0x000001d1b5acfde0 Uncommon trap: reason=bimorphic_or_optimized_type_check action=maybe_recompile pc=0x000001d1c6f7ca18 method=jdk.internal.loader.Resource.getBytes()[B @ 117 c2
Event: 7.536 Thread 0x000001d1b5acfde0 DEOPT PACKING pc=0x000001d1c6f7ca18 sp=0x000000cd4e4fc2a0
Event: 7.536 Thread 0x000001d1b5acfde0 DEOPT UNPACKING pc=0x000001d1c67aa5a3 sp=0x000000cd4e4fc2e0 mode 2
Event: 7.537 Thread 0x000001d1b5acfde0 Uncommon trap: trap_request=0xffffff45 fr.pc=0x000001d1c6d3f2ac relative=0x000000000000010c
Event: 7.537 Thread 0x000001d1b5acfde0 Uncommon trap: reason=unstable_if action=reinterpret pc=0x000001d1c6d3f2ac method=com.intellij.rt.execution.junit.MapSerializerUtil$1.escape(C)C @ 1 c2
Event: 7.537 Thread 0x000001d1b5acfde0 DEOPT PACKING pc=0x000001d1c6d3f2ac sp=0x000000cd4e4fd270
Event: 7.537 Thread 0x000001d1b5acfde0 DEOPT UNPACKING pc=0x000001d1c67aa5a3 sp=0x000000cd4e4fd200 mode 2
Event: 7.577 Thread 0x000001d1b5acfde0 Uncommon trap: trap_request=0xffffff45 fr.pc=0x000001d1c6ddbe3c relative=0x0000000000000d3c
Event: 7.577 Thread 0x000001d1b5acfde0 Uncommon trap: reason=unstable_if action=reinterpret pc=0x000001d1c6ddbe3c method=jdk.internal.reflect.DirectMethodHandleAccessor.checkArgumentCount(I[Ljava/lang/Object;)V @ 2 c2
Event: 7.578 Thread 0x000001d1b5acfde0 DEOPT PACKING pc=0x000001d1c6ddbe3c sp=0x000000cd4e4fc090
Event: 7.578 Thread 0x000001d1b5acfde0 DEOPT UNPACKING pc=0x000001d1c67aa5a3 sp=0x000000cd4e4fbfa8 mode 2
Event: 7.591 Thread 0x000001d1b5acfde0 Uncommon trap: trap_request=0xffffff45 fr.pc=0x000001d1c6e1887c relative=0x000000000000005c
Event: 7.591 Thread 0x000001d1b5acfde0 Uncommon trap: reason=unstable_if action=reinterpret pc=0x000001d1c6e1887c method=java.util.Objects.equals(Ljava/lang/Object;Ljava/lang/Object;)Z @ 6 c2
Event: 7.591 Thread 0x000001d1b5acfde0 DEOPT PACKING pc=0x000001d1c6e1887c sp=0x000000cd4e4fc180
Event: 7.591 Thread 0x000001d1b5acfde0 DEOPT UNPACKING pc=0x000001d1c67aa5a3 sp=0x000000cd4e4fc120 mode 2
Event: 7.593 Thread 0x000001d1b5acfde0 Uncommon trap: trap_request=0xffffff45 fr.pc=0x000001d1c6fa3034 relative=0x0000000000000034
Event: 7.593 Thread 0x000001d1b5acfde0 Uncommon trap: reason=unstable_if action=reinterpret pc=0x000001d1c6fa3034 method=org.springframework.util.Assert.state(ZLjava/lang/String;)V @ 1 c2
Event: 7.593 Thread 0x000001d1b5acfde0 DEOPT PACKING pc=0x000001d1c6fa3034 sp=0x000000cd4e4fc870
Event: 7.593 Thread 0x000001d1b5acfde0 DEOPT UNPACKING pc=0x000001d1c67aa5a3 sp=0x000000cd4e4fc810 mode 2

Classes loaded (20 events):
Event: 7.206 Loading class org/w3c/dom/TypeInfo
Event: 7.206 Loading class org/w3c/dom/TypeInfo done
Event: 7.477 Loading class java/io/WriteAbortedException
Event: 7.478 Loading class java/io/WriteAbortedException done
Event: 7.478 Loading class sun/security/provider/SecureRandom
Event: 7.478 Loading class sun/security/provider/SecureRandom done
Event: 7.478 Loading class sun/security/provider/SecureRandom$SeederHolder
Event: 7.478 Loading class sun/security/provider/SecureRandom$SeederHolder done
Event: 7.536 Loading class java/lang/Throwable$WrappedPrintWriter
Event: 7.536 Loading class java/lang/Throwable$PrintStreamOrWriter
Event: 7.536 Loading class java/lang/Throwable$PrintStreamOrWriter done
Event: 7.536 Loading class java/lang/Throwable$WrappedPrintWriter done
Event: 7.579 Loading class java/lang/ObjectCustomizer
Event: 7.579 Loading class java/lang/ObjectCustomizer done
Event: 7.579 Loading class java/lang/ObjectCustomizer
Event: 7.579 Loading class java/lang/ObjectCustomizer done
Event: 7.591 Loading class java/time/format/DateTimeFormatterBuilder$ZoneTextPrinterParser
Event: 7.591 Loading class java/time/format/DateTimeFormatterBuilder$ZoneTextPrinterParser done
Event: 7.591 Loading class java/time/format/DateTimeFormatterBuilder$ReducedPrinterParser
Event: 7.591 Loading class java/time/format/DateTimeFormatterBuilder$ReducedPrinterParser done

Classes unloaded (0 events):
No events

Classes redefined (0 events):
No events

Internal exceptions (20 events):
Event: 6.716 Thread 0x000001d1de0502b0 Exception <a 'java/lang/ClassNotFoundException'{0x000000008bf1bd88}: org/springframework/context/ApplicationContextAwareCustomizer> (0x000000008bf1bd88) 
thrown [s\open\src\hotspot\share\classfile\systemDictionary.cpp, line 255]
Event: 6.717 Thread 0x000001d1de0502b0 Exception <a 'java/lang/ClassNotFoundException'{0x000000008bf235c0}: org/springframework/beans/factory/AwareCustomizer> (0x000000008bf235c0) 
thrown [s\open\src\hotspot\share\classfile\systemDictionary.cpp, line 255]
Event: 7.066 Thread 0x000001d1b5acfde0 Exception <a 'java/lang/IncompatibleClassChangeError'{0x00000000888db790}: Found class java.lang.Object, but interface was expected> (0x00000000888db790) 
thrown [s\open\src\hotspot\share\interpreter\linkResolver.cpp, line 841]
Event: 7.067 Thread 0x000001d1dfacc490 Exception <a 'java/lang/InterruptedException'{0x000000008bf58080}: sleep interrupted> (0x000000008bf58080) 
thrown [s\open\src\hotspot\share\prims\jvm.cpp, line 3103]
Event: 7.211 Thread 0x000001d1b5acfde0 Exception <a 'java/lang/NoSuchMethodError'{0x000000008937d4b8}: 'java.lang.Object java.lang.invoke.DirectMethodHandle$Holder.newInvokeSpecial(java.lang.Object, java.lang.Object, java.lang.Object, int)'> (0x000000008937d4b8) 
thrown [s\open\src\hotspot\share\interpreter\linkResolver.cpp, line 774]
Event: 7.212 Thread 0x000001d1b5acfde0 Exception <a 'java/lang/NoSuchMethodError'{0x0000000089381a10}: 'java.lang.Object java.lang.invoke.DirectMethodHandle$Holder.invokeSpecial(java.lang.Object, java.lang.Object, java.lang.Object, java.lang.Object, int)'> (0x0000000089381a10) 
thrown [s\open\src\hotspot\share\interpreter\linkResolver.cpp, line 774]
Event: 7.212 Thread 0x000001d1b5acfde0 Exception <a 'java/lang/NoSuchMethodError'{0x00000000893853d8}: 'java.lang.Object java.lang.invoke.Invokers$Holder.linkToTargetMethod(java.lang.Object, java.lang.Object, int, java.lang.Object)'> (0x00000000893853d8) 
thrown [s\open\src\hotspot\share\interpreter\linkResolver.cpp, line 774]
Event: 7.349 Thread 0x000001d1dfac6a40 Exception <a 'java/lang/InterruptedException'{0x000000008bf7d990}: sleep interrupted> (0x000000008bf7d990) 
thrown [s\open\src\hotspot\share\prims\jvm.cpp, line 3103]
Event: 7.383 Thread 0x000001d1b5acfde0 Exception <a 'java/lang/IncompatibleClassChangeError'{0x000000008bf38820}: Found class java.lang.Object, but interface was expected> (0x000000008bf38820) 
thrown [s\open\src\hotspot\share\interpreter\linkResolver.cpp, line 841]
Event: 7.389 Thread 0x000001d1dfacd9d0 Exception <a 'java/lang/InterruptedException'{0x000000008bf58bc0}: sleep interrupted> (0x000000008bf58bc0) 
thrown [s\open\src\hotspot\share\prims\jvm.cpp, line 3103]
Event: 7.469 Thread 0x000001d1dfac9a10 Exception <a 'java/lang/NoSuchMethodError'{0x00000000893bfd38}: 'java.lang.Object java.lang.invoke.DirectMethodHandle$Holder.invokeStatic(java.lang.Object, int, java.lang.Object, java.lang.Object)'> (0x00000000893bfd38) 
thrown [s\open\src\hotspot\share\interpreter\linkResolver.cpp, line 774]
Event: 7.469 Thread 0x000001d1dfac9a10 Exception <a 'java/lang/NoSuchMethodError'{0x00000000893c7558}: 'java.lang.Object java.lang.invoke.DirectMethodHandle$Holder.newInvokeSpecial(java.lang.Object, int, java.lang.Object, java.lang.Object)'> (0x00000000893c7558) 
thrown [s\open\src\hotspot\share\interpreter\linkResolver.cpp, line 774]
Event: 7.470 Thread 0x000001d1dfac9a10 Exception <a 'java/lang/NoSuchMethodError'{0x00000000893cbb00}: 'java.lang.Object java.lang.invoke.DirectMethodHandle$Holder.invokeSpecial(java.lang.Object, java.lang.Object, int, java.lang.Object, java.lang.Object)'> (0x00000000893cbb00) 
thrown [s\open\src\hotspot\share\interpreter\linkResolver.cpp, line 774]
Event: 7.526 Thread 0x000001d1b5acfde0 Exception <a 'java/lang/NoSuchMethodError'{0x00000000895acfc0}: 'java.lang.Object java.lang.invoke.DirectMethodHandle$Holder.invokeInterface(java.lang.Object, java.lang.Object, int)'> (0x00000000895acfc0) 
thrown [s\open\src\hotspot\share\interpreter\linkResolver.cpp, line 774]
Event: 7.527 Thread 0x000001d1b5acfde0 Implicit null exception at 0x000001d1c70d074b to 0x000001d1c70d0870
Event: 7.531 Thread 0x000001d1dfac6a40 Exception <a 'java/lang/InterruptedException'{0x00000000895afb60}: sleep interrupted> (0x00000000895afb60) 
thrown [s\open\src\hotspot\share\prims\jvm.cpp, line 3103]
Event: 7.576 Thread 0x000001d1b5acfde0 Exception <a 'java/lang/NoSuchMethodError'{0x0000000088dcb898}: 'java.lang.Object java.lang.invoke.DirectMethodHandle$Holder.invokeVirtual(java.lang.Object, java.lang.Object, java.lang.Object, java.lang.Object, java.lang.Object, java.lang.Object, java.lang.Object)'> (0x0000000088dcb898) 
thrown [s\open\src\hotspot\share\interpreter\linkResolver.cpp, line 774]
Event: 7.579 Thread 0x000001d1b5acfde0 Exception <a 'java/lang/ClassNotFoundException'{0x0000000088df0728}: java/lang/ObjectCustomizer> (0x0000000088df0728) 
thrown [s\open\src\hotspot\share\classfile\systemDictionary.cpp, line 255]
Event: 7.580 Thread 0x000001d1b5acfde0 Exception <a 'java/lang/ClassNotFoundException'{0x0000000088df8470}: mk/ukim/finki/wp/september2021/model/NewsCustomizer> (0x0000000088df8470) 
thrown [s\open\src\hotspot\share\classfile\systemDictionary.cpp, line 255]
Event: 7.621 Thread 0x000001d1dfaccf30 Exception <a 'java/lang/InterruptedException'{0x0000000088e64ef0}: sleep interrupted> (0x0000000088e64ef0) 
thrown [s\open\src\hotspot\share\prims\jvm.cpp, line 3103]

VM Operations (20 events):
Event: 6.691 Executing VM operation: HandshakeAllThreads done
Event: 6.704 Executing VM operation: G1CollectForAllocation
Event: 6.712 Executing VM operation: G1CollectForAllocation done
Event: 7.092 Executing VM operation: ICBufferFull
Event: 7.093 Executing VM operation: ICBufferFull done
Event: 7.116 Executing VM operation: G1CollectForAllocation
Event: 7.122 Executing VM operation: G1CollectForAllocation done
Event: 7.214 Executing VM operation: HandshakeAllThreads
Event: 7.214 Executing VM operation: HandshakeAllThreads done
Event: 7.248 Executing VM operation: HandshakeAllThreads
Event: 7.248 Executing VM operation: HandshakeAllThreads done
Event: 7.261 Executing VM operation: HandshakeAllThreads
Event: 7.261 Executing VM operation: HandshakeAllThreads done
Event: 7.275 Executing VM operation: HandshakeAllThreads
Event: 7.275 Executing VM operation: HandshakeAllThreads done
Event: 7.279 Executing VM operation: ICBufferFull
Event: 7.279 Executing VM operation: ICBufferFull done
Event: 7.372 Executing VM operation: G1CollectForAllocation
Event: 7.376 Executing VM operation: G1CollectForAllocation done
Event: 7.628 Executing VM operation: G1CollectForAllocation

Events (20 events):
Event: 7.283 Thread 0x000001d1d60e4440 flushing nmethod 0x000001d1bfe6be90
Event: 7.283 Thread 0x000001d1d60e4440 flushing nmethod 0x000001d1bfe6cd90
Event: 7.283 Thread 0x000001d1d60e4440 flushing nmethod 0x000001d1bfe6d510
Event: 7.283 Thread 0x000001d1d60e4440 flushing nmethod 0x000001d1bfe80810
Event: 7.283 Thread 0x000001d1d60e4440 flushing nmethod 0x000001d1bfec3210
Event: 7.283 Thread 0x000001d1d60e4440 flushing nmethod 0x000001d1bfedb090
Event: 7.283 Thread 0x000001d1d60e4440 flushing nmethod 0x000001d1bfedb590
Event: 7.283 Thread 0x000001d1d60e4440 flushing nmethod 0x000001d1bfedbd10
Event: 7.283 Thread 0x000001d1d60e4440 flushing nmethod 0x000001d1bfedc190
Event: 7.283 Thread 0x000001d1d60e4440 flushing nmethod 0x000001d1bfedc590
Event: 7.349 Thread 0x000001d1dfac6a40 Thread exited: 0x000001d1dfac6a40
Event: 7.349 Thread 0x000001d1dfac5fa0 Thread exited: 0x000001d1dfac5fa0
Event: 7.362 Thread 0x000001d1dfacd9d0 Thread added: 0x000001d1dfacd9d0
Event: 7.389 Thread 0x000001d1dfacd9d0 Thread exited: 0x000001d1dfacd9d0
Event: 7.403 Thread 0x000001d1dfac6a40 Thread added: 0x000001d1dfac6a40
Event: 7.409 Thread 0x000001d1dfac64f0 Thread added: 0x000001d1dfac64f0
Event: 7.531 Thread 0x000001d1dfac6a40 Thread exited: 0x000001d1dfac6a40
Event: 7.531 Thread 0x000001d1dfac64f0 Thread exited: 0x000001d1dfac64f0
Event: 7.548 Thread 0x000001d1dfaccf30 Thread added: 0x000001d1dfaccf30
Event: 7.621 Thread 0x000001d1dfaccf30 Thread exited: 0x000001d1dfaccf30


Dynamic libraries:
0x00007ff6f3f20000 - 0x00007ff6f3f2e000 	C:\Users\tamar\.jdks\openjdk-19.0.2\bin\java.exe
0x00007ffd31170000 - 0x00007ffd31368000 	C:\Windows\SYSTEM32\ntdll.dll
0x00007ffd2f770000 - 0x00007ffd2f831000 	C:\Windows\System32\KERNEL32.DLL
0x00007ffd2ec90000 - 0x00007ffd2ef8d000 	C:\Windows\System32\KERNELBASE.dll
0x00007ffd2ef90000 - 0x00007ffd2f090000 	C:\Windows\System32\ucrtbase.dll
0x00007ffd1c460000 - 0x00007ffd1c47b000 	C:\Users\tamar\.jdks\openjdk-19.0.2\bin\VCRUNTIME140.dll
0x00007ffd1c4c0000 - 0x00007ffd1c4d7000 	C:\Users\tamar\.jdks\openjdk-19.0.2\bin\jli.dll
0x00007ffd2f970000 - 0x00007ffd2fb0d000 	C:\Windows\System32\USER32.dll
0x00007ffd2f170000 - 0x00007ffd2f192000 	C:\Windows\System32\win32u.dll
0x00007ffd0f870000 - 0x00007ffd0fb0a000 	C:\Windows\WinSxS\amd64_microsoft.windows.common-controls_6595b64144ccf1df_6.0.19041.4355_none_60b8b9eb71f62e16\COMCTL32.dll
0x00007ffd2f930000 - 0x00007ffd2f95b000 	C:\Windows\System32\GDI32.dll
0x00007ffd2f5c0000 - 0x00007ffd2f65e000 	C:\Windows\System32\msvcrt.dll
0x00007ffd2ea10000 - 0x00007ffd2eb27000 	C:\Windows\System32\gdi32full.dll
0x00007ffd2e8e0000 - 0x00007ffd2e97d000 	C:\Windows\System32\msvcp_win.dll
0x00007ffd2f660000 - 0x00007ffd2f68f000 	C:\Windows\System32\IMM32.DLL
0x00007ffd1c6b0000 - 0x00007ffd1c6bc000 	C:\Users\tamar\.jdks\openjdk-19.0.2\bin\vcruntime140_1.dll
0x00007ffd08d40000 - 0x00007ffd08dce000 	C:\Users\tamar\.jdks\openjdk-19.0.2\bin\msvcp140.dll
0x00007ffce1700000 - 0x00007ffce23c0000 	C:\Users\tamar\.jdks\openjdk-19.0.2\bin\server\jvm.dll
0x00007ffd30c00000 - 0x00007ffd30cb0000 	C:\Windows\System32\ADVAPI32.dll
0x00007ffd2fcb0000 - 0x00007ffd2fd50000 	C:\Windows\System32\sechost.dll
0x00007ffd2fb80000 - 0x00007ffd2fca3000 	C:\Windows\System32\RPCRT4.dll
0x00007ffd2f090000 - 0x00007ffd2f0b7000 	C:\Windows\System32\bcrypt.dll
0x00007ffd1fcd0000 - 0x00007ffd1fcf7000 	C:\Windows\SYSTEM32\WINMM.dll
0x00007ffcffdb0000 - 0x00007ffcffdb9000 	C:\Windows\SYSTEM32\WSOCK32.dll
0x00007ffd28080000 - 0x00007ffd2808a000 	C:\Windows\SYSTEM32\VERSION.dll
0x00007ffd2fb10000 - 0x00007ffd2fb7b000 	C:\Windows\System32\WS2_32.dll
0x00007ffd2cff0000 - 0x00007ffd2d002000 	C:\Windows\SYSTEM32\kernel.appcore.dll
0x00007ffd1c4a0000 - 0x00007ffd1c4aa000 	C:\Users\tamar\.jdks\openjdk-19.0.2\bin\jimage.dll
0x00007ffd2c3d0000 - 0x00007ffd2c5b4000 	C:\Windows\SYSTEM32\DBGHELP.DLL
0x00007ffd265c0000 - 0x00007ffd265f4000 	C:\Windows\SYSTEM32\dbgcore.DLL
0x00007ffd2e980000 - 0x00007ffd2ea02000 	C:\Windows\System32\bcryptPrimitives.dll
0x00007ffd28ef0000 - 0x00007ffd28efe000 	C:\Users\tamar\.jdks\openjdk-19.0.2\bin\instrument.dll
0x00007ffd16ed0000 - 0x00007ffd16ef6000 	C:\Users\tamar\.jdks\openjdk-19.0.2\bin\java.dll
0x00007ffd07ec0000 - 0x00007ffd07f97000 	C:\Users\tamar\.jdks\openjdk-19.0.2\bin\jsvml.dll
0x00007ffd2fdf0000 - 0x00007ffd3055f000 	C:\Windows\System32\SHELL32.dll
0x00007ffd2c840000 - 0x00007ffd2cfdf000 	C:\Windows\SYSTEM32\windows.storage.dll
0x00007ffd30cb0000 - 0x00007ffd31003000 	C:\Windows\System32\combase.dll
0x00007ffd2e160000 - 0x00007ffd2e18e000 	C:\Windows\SYSTEM32\Wldp.dll
0x00007ffd2f840000 - 0x00007ffd2f90d000 	C:\Windows\System32\OLEAUT32.dll
0x00007ffd31010000 - 0x00007ffd310bd000 	C:\Windows\System32\SHCORE.dll
0x00007ffd30730000 - 0x00007ffd30785000 	C:\Windows\System32\shlwapi.dll
0x00007ffd2e750000 - 0x00007ffd2e774000 	C:\Windows\SYSTEM32\profapi.dll
0x00007ffd16d30000 - 0x00007ffd16d48000 	C:\Users\tamar\.jdks\openjdk-19.0.2\bin\zip.dll
0x00007ffd1b9e0000 - 0x00007ffd1b9f3000 	C:\Users\tamar\.jdks\openjdk-19.0.2\bin\net.dll
0x00007ffd2acc0000 - 0x00007ffd2adcd000 	C:\Windows\SYSTEM32\WINHTTP.dll
0x00007ffd2df40000 - 0x00007ffd2dfaa000 	C:\Windows\system32\mswsock.dll
0x00007ffd183d0000 - 0x00007ffd183e6000 	C:\Users\tamar\.jdks\openjdk-19.0.2\bin\nio.dll
0x00007ffd256e0000 - 0x00007ffd256fa000 	C:\Users\tamar\AppData\Local\JetBrains\Toolbox\apps\IDEA-U\ch-0\223.8617.56\bin\breakgen64.dll
0x00007ffd1ba20000 - 0x00007ffd1ba28000 	C:\Users\tamar\.jdks\openjdk-19.0.2\bin\extnet.dll
0x00007ffd16cb0000 - 0x00007ffd16cc0000 	C:\Users\tamar\.jdks\openjdk-19.0.2\bin\verify.dll
0x00007ffd28eb0000 - 0x00007ffd28eba000 	C:\Users\tamar\.jdks\openjdk-19.0.2\bin\management.dll
0x00007ffd28e30000 - 0x00007ffd28e3b000 	C:\Users\tamar\.jdks\openjdk-19.0.2\bin\management_ext.dll
0x00007ffd2fde0000 - 0x00007ffd2fde8000 	C:\Windows\System32\PSAPI.DLL
0x00007ffd28ec0000 - 0x00007ffd28ed7000 	C:\Windows\system32\napinsp.dll
0x00007ffd26ad0000 - 0x00007ffd26aeb000 	C:\Windows\system32\pnrpnsp.dll
0x00007ffd2a640000 - 0x00007ffd2a655000 	C:\Windows\system32\wshbth.dll
0x00007ffd2ac50000 - 0x00007ffd2ac6d000 	C:\Windows\system32\NLAapi.dll
0x00007ffd2dbf0000 - 0x00007ffd2dc2b000 	C:\Windows\SYSTEM32\IPHLPAPI.DLL
0x00007ffd2dc30000 - 0x00007ffd2dcfa000 	C:\Windows\SYSTEM32\DNSAPI.dll
0x00007ffd31120000 - 0x00007ffd31128000 	C:\Windows\System32\NSI.dll
0x00007ffd25700000 - 0x00007ffd25712000 	C:\Windows\System32\winrnr.dll
0x000000005f7d0000 - 0x000000005f7f6000 	C:\Program Files\Bonjour\mdnsNSP.dll
0x00007ffd27db0000 - 0x00007ffd27dba000 	C:\Windows\System32\rasadhlp.dll
0x00007ffd26b90000 - 0x00007ffd26c10000 	C:\Windows\System32\fwpuclnt.dll
0x00007ffd2e1a0000 - 0x00007ffd2e1b8000 	C:\Windows\SYSTEM32\CRYPTSP.dll
0x00007ffd2d810000 - 0x00007ffd2d844000 	C:\Windows\system32\rsaenh.dll
0x00007ffd2e700000 - 0x00007ffd2e72e000 	C:\Windows\SYSTEM32\USERENV.dll
0x00007ffd2e0d0000 - 0x00007ffd2e0dc000 	C:\Windows\SYSTEM32\CRYPTBASE.dll
0x00007ffd27e00000 - 0x00007ffd27e17000 	C:\Windows\SYSTEM32\dhcpcsvc6.DLL
0x00007ffd280a0000 - 0x00007ffd280bd000 	C:\Windows\SYSTEM32\dhcpcsvc.DLL
0x00007ffd255e0000 - 0x00007ffd255ee000 	C:\Users\tamar\.jdks\openjdk-19.0.2\bin\sunmscapi.dll
0x00007ffd2eb30000 - 0x00007ffd2ec8e000 	C:\Windows\System32\CRYPT32.dll
0x00007ffd2e2b0000 - 0x00007ffd2e2d9000 	C:\Windows\SYSTEM32\ncrypt.dll
0x00007ffd2e270000 - 0x00007ffd2e2ab000 	C:\Windows\SYSTEM32\NTASN1.dll
0x00007ffd1caf0000 - 0x00007ffd1caf7000 	C:\Windows\system32\wshunix.dll

dbghelp: loaded successfully - version: 4.0.5 - missing functions: none
symbol engine: initialized successfully - sym options: 0x614 - pdb path: .;C:\Users\tamar\.jdks\openjdk-19.0.2\bin;C:\Windows\SYSTEM32;C:\Windows\WinSxS\amd64_microsoft.windows.common-controls_6595b64144ccf1df_6.0.19041.4355_none_60b8b9eb71f62e16;C:\Users\tamar\.jdks\openjdk-19.0.2\bin\server;C:\Users\tamar\AppData\Local\JetBrains\Toolbox\apps\IDEA-U\ch-0\223.8617.56\bin;C:\Program Files\Bonjour

VM Arguments:
jvm_args: -ea -Didea.test.cyclic.buffer.size=1048576 -javaagent:C:\Users\tamar\AppData\Local\JetBrains\Toolbox\apps\IDEA-U\ch-0\223.8617.56\lib\idea_rt.jar=49951:C:\Users\tamar\AppData\Local\JetBrains\Toolbox\apps\IDEA-U\ch-0\223.8617.56\bin -Dfile.encoding=UTF-8 -Dsun.stdout.encoding=UTF-8 -Dsun.stderr.encoding=UTF-8 
java_command: com.intellij.rt.junit.JUnitStarter -ideVersion5 -junit5 mk.ukim.finki.wp.september2021.SeleniumScenarioTest
java_class_path (initial): C:\Users\tamar\.m2\repository\org\junit\platform\junit-platform-launcher\1.7.0\junit-platform-launcher-1.7.0.jar;C:\Users\tamar\.m2\repository\org\junit\vintage\junit-vintage-engine\5.7.0\junit-vintage-engine-5.7.0.jar;C:\Users\tamar\AppData\Local\JetBrains\Toolbox\apps\IDEA-U\ch-0\223.8617.56\lib\idea_rt.jar;C:\Users\tamar\AppData\Local\JetBrains\Toolbox\apps\IDEA-U\ch-0\223.8617.56\plugins\junit\lib\junit5-rt.jar;C:\Users\tamar\AppData\Local\JetBrains\Toolbox\apps\IDEA-U\ch-0\223.8617.56\plugins\junit\lib\junit-rt.jar;C:\Users\tamar\Desktop\vezbanje VP pred ispit\2021-sept\exam-sept-2021-master\target\test-classes;C:\Users\tamar\Desktop\vezbanje VP pred ispit\2021-sept\exam-sept-2021-master\target\classes;C:\Users\tamar\.m2\repository\org\springframework\boot\spring-boot-starter-thymeleaf\2.4.1\spring-boot-starter-thymeleaf-2.4.1.jar;C:\Users\tamar\.m2\repository\org\springframework\boot\spring-boot-starter\2.4.1\spring-boot-starter-2.4.1.jar;C:\Users\tamar\.m2\repository\org\springframework\boot\spring-boot\2.4.1\spring-boot-2.4.1.jar;C:\Users\tamar\.m2\repository\org\springframework\boot\spring-boot-autoconfigure\2.4.1\spring-boot-autoconfigure-2.4.1.jar;C:\Users\tamar\.m2\repository\org\springframework\boot\spring-boot-starter-logging\2.4.1\spring-boot-starter-logging-2.4.1.jar;C:\Users\tamar\.m2\repository\ch\qos\logback\logback-classic\1.2.3\logback-classic-1.2.3.jar;C:\Users\tamar\.m2\repository\ch\qos\logback\logback-core\1.2.3\logback-core-1.2.3.jar;C:\Users\tamar\.m2\repository\org\apache\logging\log4j\log4j-to-slf4j\2.13.3\log4j-to-slf4j-2.13.3.jar;C:\Users\tamar\.m2\repository\org\apache\logging\log4j\log4j-api\2.13.3\log4j-api-2.13.3.jar;C:\Users\tamar\.m2\repository\org\slf4j\jul-to-slf4j\1.7.30\jul-to-slf4j-1.7.30.jar;C:\Users\tamar\.m2\repository\jakarta\annotation\jakarta.annotation-api\1.3.5\jakarta.annotation-api-1.3.5.jar;C:\Users\tamar\.m2\repository\org\yaml\snakeyaml\1.27\snakeyaml-1.27.jar;C:\Users\tamar\.m2\repository\org\thymeleaf\thymeleaf-spring5\3.0.11.RELEASE\thymeleaf-spring5-3.0.11.RELEASE.jar;C:\Users\tamar\.m2\repository\org\thymeleaf\thymeleaf\3.0.11.RELEASE\thymeleaf-3.0.11.RELEASE.jar;C:\Users\tamar\.m2\repository\org\attoparser\attoparser\2.0.5.RELEASE\attoparser-2.0.5.RELEASE.jar;C:\Users\tamar\.m2\repository\org\unbescape\unbescape\1.1.6.RELEASE\unbescape-1.1.6.RELEASE.jar;C:\Users\tamar\.m2\repository\org\thymeleaf\extras\thymeleaf-extras-java8time\3.0.4.RELEASE\thymeleaf-extras-java8time-3.0.4.RELEASE.jar;C:\Users\tamar\.m2\repository\org\springframework\boot\spring-boot-starter-web\2.4.1\spring-boot-starter-web-2.4.1.jar;C:\Users\tamar\.m2\repository\org\springframework\boot\spring-boot-starter-json\2.4.1\spring-boot-starter-json-2.4.1.jar;C:\Users\tamar\.m2\repository\com\fasterxml\jackson\core\jackson-databind\2.11.3\jackson-databind-2.11.3.jar;C:\Users\tamar\.m2\repository\com\fasterxml\jackson\core\jackson-annotations\2.11.3\jackson-annotations-2.11.3.jar;C:\Users\tamar\.m2\repository\com\fasterxml\jackson\core\jackson-core\2.11.3\jackson-core-2.11.3.jar;C:\Users\tamar\.m2\repository\com\fasterxml\jackson\datatype\jackson-datatype-jdk8\2.11.3\jackson-datatype-jdk8-2.11.3.jar;C:\Users\tamar\.m2\repository\com\fasterxml\jackson\datatype\jackson-datatype-jsr310\2.11.3\jackson-datatype-jsr310-2.11.3.jar;C:\Users\tamar\.m2\repository\com\fasterxml\jackson\module\jackson-module-parameter-names\2.11.3\jackson-module-parameter-names-2.11.3.jar;C:\Users\tamar\.m2\repository\org\springframework\boot\spring-boot-starter-tomcat\2.4.1\spring-boot-starter-tomcat-2.4.1.jar;C:\Users\tamar\.m2\repository\org\apache\tomcat\embed\tomcat-embed-core\9.0.41\tomcat-embed-core-9.0.41.jar;C:\Users\tamar\.m2\repository\org\glassfish\jakarta.el\3.0.3\jakarta.el-3.0.3.jar;C:\Users\tamar\.m2\repository\org\apache\tomcat\embed\tomcat-embed-websocket\9.0.41\tomcat-embed-websocket-9.0.41.jar;C:\Users\tamar\.m2\repository\org\springframework\spring-web\5.3.2\spring-web-5.3.2.jar;C:\Users\tamar\.m2\repository\org\springframework\spring-beans\5.3.2\spring-beans-5.3.2.jar;C:\Users\tamar\.m2\repository\org\springframework\spring-webmvc\5.3.2\spring-webmvc-5.3.2.jar;C:\Users\tamar\.m2\repository\org\springframework\spring-context\5.3.2\spring-context-5.3.2.jar;C:\Users\tamar\.m2\repository\org\springframework\spring-expression\5.3.2\spring-expression-5.3.2.jar;C:\Users\tamar\.m2\repository\org\springframework\boot\spring-boot-starter-data-jpa\2.4.1\spring-boot-starter-data-jpa-2.4.1.jar;C:\Users\tamar\.m2\repository\org\springframework\boot\spring-boot-starter-aop\2.4.1\spring-boot-starter-aop-2.4.1.jar;C:\Users\tamar\.m2\repository\org\aspectj\aspectjweaver\1.9.6\aspectjweaver-1.9.6.jar;C:\Users\tamar\.m2\repository\org\springframework\boot\spring-boot-starter-jdbc\2.4.1\spring-boot-starter-jdbc-2.4.1.jar;C:\Users\tamar\.m2\repository\com\zaxxer\HikariCP\3.4.5\HikariCP-3.4.5.jar;C:\Users\tamar\.m2\repository\org\springframework\spring-jdbc\5.3.2\spring-jdbc-5.3.2.jar;C:\Users\tamar\.m2\repository\jakarta\transaction\jakarta.transaction-api\1.3.3\jakarta.transaction-api-1.3.3.jar;C:\Users\tamar\.m2\repository\jakarta\persistence\jakarta.persistence-api\2.2.3\jakarta.persistence-api-2.2.3.jar;C:\Users\tamar\.m2\repository\org\hibernate\hibernate-core\5.4.25.Final\hibernate-core-5.4.25.Final.jar;C:\Users\tamar\.m2\repository\org\jboss\logging\jboss-logging\3.4.1.Final\jboss-logging-3.4.1.Final.jar;C:\Users\tamar\.m2\repository\org\javassist\javassist\3.27.0-GA\javassist-3.27.0-GA.jar;C:\Users\tamar\.m2\repository\antlr\antlr\2.7.7\antlr-2.7.7.jar;C:\Users\tamar\.m2\repository\org\jboss\jandex\2.1.3.Final\jandex-2.1.3.Final.jar;C:\Users\tamar\.m2\repository\com\fasterxml\classmate\1.5.1\classmate-1.5.1.jar;C:\Users\tamar\.m2\repository\org\dom4j\dom4j\2.1.3\dom4j-2.1.3.jar;C:\Users\tamar\.m2\repository\org\hibernate\common\hibernate-commons-annotations\5.1.2.Final\hibernate-commons-annotations-5.1.2.Final.jar;C:\Users\tamar\.m2\repository\org\glassfish\jaxb\jaxb-runtime\2.3.3\jaxb-runtime-2.3.3.jar;C:\Users\tamar\.m2\repository\org\glassfish\jaxb\txw2\2.3.3\txw2-2.3.3.jar;C:\Users\tamar\.m2\repository\com\sun\istack\istack-commons-runtime\3.0.11\istack-commons-runtime-3.0.11.jar;C:\Users\tamar\.m2\repository\com\sun\activation\jakarta.activation\1.2.2\jakarta.activation-1.2.2.jar;C:\Users\tamar\.m2\repository\org\springframework\data\spring-data-jpa\2.4.2\spring-data-jpa-2.4.2.jar;C:\Users\tamar\.m2\repository\org\springframework\data\spring-data-commons\2.4.2\spring-data-commons-2.4.2.jar;C:\Users\tamar\.m2\repository\org\springframework\spring-orm\5.3.2\spring-orm-5.3.2.jar;C:\Users\tamar\.m2\repository\org\springframework\spring-tx\5.3.2\spring-tx-5.3.2.jar;C:\Users\tamar\.m2\repository\org\springframework\spring-aspects\5.3.2\spring-aspects-5.3.2.jar;C:\Users\tamar\.m2\repository\org\springframework\boot\spring-boot-starter-security\2.4.1\spring-boot-starter-security-2.4.1.jar;C:\Users\tamar\.m2\repository\org\springframework\spring-aop\5.3.2\spring-aop-5.3.2.jar;C:\Users\tamar\.m2\repository\org\springframework\security\spring-security-config\5.4.2\spring-security-config-5.4.2.jar;C:\Users\tamar\.m2\repository\org\springframework\security\spring-security-core\5.4.2\spring-security-core-5.4.2.jar;C:\Users\tamar\.m2\repository\org\springframework\security\spring-security-web\5.4.2\spring-security-web-5.4.2.jar;C:\Users\tamar\.m2\repository\org\thymeleaf\extras\thymeleaf-extras-springsecurity5\3.0.4.RELEASE\thymeleaf-extras-springsecurity5-3.0.4.RELEASE.jar;C:\Users\tamar\.m2\repository\org\slf4j\slf4j-api\1.7.30\slf4j-api-1.7.30.jar;C:\Users\tamar\.m2\repository\com\h2database\h2\1.4.200\h2-1.4.200.jar;C:\Users\tamar\.m2\repository\org\postgresql\postgresql\42.2.18\postgresql-42.2.18.jar;C:\Users\tamar\.m2\repository\org\checkerframework\checker-qual\3.5.0\checker-qual-3.5.0.jar;C:\Users\tamar\.m2\repository\org\projectlombok\lombok\1.18.16\lombok-1.18.16.jar;C:\Users\tamar\.m2\repository\org\springframework\boot\spring-boot-starter-test\2.4.1\spring-boot-starter-test-2.4.1.jar;C:\Users\tamar\.m2\repository\org\springframework\boot\spring-boot-test\2.4.1\spring-boot-test-2.4.1.jar;C:\Users\tamar\.m2\repository\org\springframework\boot\spring-boot-test-autoconfigure\2.4.1\spring-boot-test-autoconfigure-2.4.1.jar;C:\Users\tamar\.m2\repository\com\jayway\jsonpath\json-path\2.4.0\json-path-2.4.0.jar;C:\Users\tamar\.m2\repository\net\minidev\json-smart\2.3\json-smart-2.3.jar;C:\Users\tamar\.m2\repository\net\minidev\accessors-smart\1.2\accessors-smart-1.2.jar;C:\Users\tamar\.m2\repository\org\ow2\asm\asm\5.0.4\asm-5.0.4.jar;C:\Users\tamar\.m2\repository\jakarta\xml\bind\jakarta.xml.bind-api\2.3.3\jakarta.xml.bind-api-2.3.3.jar;C:\Users\tamar\.m2\repository\jakarta\activation\jakarta.activation-api\1.2.2\jakarta.activation-api-1.2.2.jar;C:\Users\tamar\.m2\repository\org\assertj\assertj-core\3.18.1\assertj-core-3.18.1.jar;C:\Users\tamar\.m2\repository\org\hamcrest\hamcrest\2.2\hamcrest-2.2.jar;C:\Users\tamar\.m2\repository\org\junit\jupiter\junit-jupiter\5.7.0\junit-jupiter-5.7.0.jar;C:\Users\tamar\.m2\repository\org\junit\jupiter\junit-jupiter-api\5.7.0\junit-jupiter-api-5.7.0.jar;C:\Users\tamar\.m2\repository\org\apiguardian\apiguardian-api\1.1.0\apiguardian-api-1.1.0.jar;C:\Users\tamar\.m2\repository\org\opentest4j\opentest4j\1.2.0\opentest4j-1.2.0.jar;C:\Users\tamar\.m2\repository\org\junit\platform\junit-platform-commons\1.7.0\junit-platform-commons-1.7.0.jar;C:\Users\tamar\.m2\repository\org\junit\jupiter\junit-jupiter-params\5.7.0\junit-jupiter-params-5.7.0.jar;C:\Users\tamar\.m2\repository\org\junit\jupiter\junit-jupiter-engine\5.7.0\junit-jupiter-engine-5.7.0.jar;C:\Users\tamar\.m2\repository\org\junit\platform\junit-platform-engine\1.7.0\junit-platform-engine-1.7.0.jar;C:\Users\tamar\.m2\repository\org\mockito\mockito-core\3.6.28\mockito-core-3.6.28.jar;C:\Users\tamar\.m2\repository\net\bytebuddy\byte-buddy-agent\1.10.18\byte-buddy-agent-1.10.18.jar;C:\Users\tamar\.m2\repository\org\objenesis\objenesis\3.1\objenesis-3.1.jar;C:\Users\tamar\.m2\repository\org\mockito\mockito-junit-jupiter\3.6.28\mockito-junit-jupiter-3.6.28.jar;C:\Users\tamar\.m2\repository\org\skyscreamer\jsonassert\1.5.0\jsonassert-1.5.0.jar;C:\Users\tamar\.m2\repository\com\vaadin\external\google\android-json\0.0.20131108.vaadin1\android-json-0.0.20131108.vaadin1.jar;C:\Users\tamar\.m2\repository\org\springframework\spring-core\5.3.2\spring-core-5.3.2.jar;C:\Users\tamar\.m2\repository\org\springframework\spring-jcl\5.3.2\spring-jcl-5.3.2.jar;C:\Users\tamar\.m2\repository\org\springframework\spring-test\5.3.2\spring-test-5.3.2.jar;C:\Users\tamar\.m2\repository\org\xmlunit\xmlunit-core\2.7.0\xmlunit-core-2.7.0.jar;C:\Users\tamar\.m2\repository\junit\junit\4.13.1\junit-4.13.1.jar;C:\Users\tamar\.m2\repository\org\hamcrest\hamcrest-core\2.2\hamcrest-core-2.2.jar;C:\Users\tamar\.m2\repository\org\seleniumhq\selenium\selenium-java\3.141.59\selenium-java-3.141.59.jar;C:\Users\tamar\.m2\repository\org\seleniumhq\selenium\selenium-api\3.141.59\selenium-api-3.141.59.jar;C:\Users\tamar\.m2\repository\org\seleniumhq\selenium\selenium-chrome-driver\3.141.59\selenium-chrome-driver-3.141.59.jar;C:\Users\tamar\.m2\repository\org\seleniumhq\selenium\selenium-edge-driver\3.141.59\selenium-edge-driver-3.141.59.jar;C:\Users\tamar\.m2\repository\org\seleniumhq\selenium\selenium-firefox-driver\3.141.59\selenium-firefox-driver-3.141.59.jar;C:\Users\tamar\.m2\repository\org\seleniumhq\selenium\selenium-ie-driver\3.141.59\selenium-ie-driver-3.141.59.jar;C:\Users\tamar\.m2\repository\org\seleniumhq\selenium\selenium-opera-driver\3.141.59\selenium-opera-driver-3.141.59.jar;C:\Users\tamar\.m2\repository\org\seleniumhq\selenium\selenium-remote-driver\3.141.59\selenium-remote-driver-3.141.59.jar;C:\Users\tamar\.m2\repository\org\seleniumhq\selenium\selenium-safari-driver\3.141.59\selenium-safari-driver-3.141.59.jar;C:\Users\tamar\.m2\repository\org\seleniumhq\selenium\selenium-support\3.141.59\selenium-support-3.141.59.jar;C:\Users\tamar\.m2\repository\net\bytebuddy\byte-buddy\1.10.18\byte-buddy-1.10.18.jar;C:\Users\tamar\.m2\repository\org\apache\commons\commons-exec\1.3\commons-exec-1.3.jar;C:\Users\tamar\.m2\repository\com\google\guava\guava\25.0-jre\guava-25.0-jre.jar;C:\Users\tamar\.m2\repository\com\google\code\findbugs\jsr305\1.3.9\jsr305-1.3.9.jar;C:\Users\tamar\.m2\repository\org\checkerframework\checker-compat-qual\2.0.0\checker-compat-qual-2.0.0.jar;C:\Users\tamar\.m2\repository\com\google\errorprone\error_prone_annotations\2.1.3\error_prone_annotations-2.1.3.jar;C:\Users\tamar\.m2\repository\com\google\j2objc\j2objc-annotations\1.1\j2objc-annotations-1.1.jar;C:\Users\tamar\.m2\repository\org\codehaus\mojo\animal-sniffer-annotations\1.14\animal-sniffer-annotations-1.14.jar;C:\Users\tamar\.m2\repository\com\squareup\okhttp3\okhttp\3.14.9\okhttp-3.14.9.jar;C:\Users\tamar\.m2\repository\com\squareup\okio\okio\1.14.0\okio-1.14.0.jar;C:\Users\tamar\.m2\repository\org\seleniumhq\selenium\htmlunit-driver\2.44.0\htmlunit-driver-2.44.0.jar;C:\Users\tamar\.m2\repository\net\sourceforge\htmlunit\htmlunit\2.44.0\htmlunit-2.44.0.jar;C:\Users\tamar\.m2\repository\xalan\xalan\2.7.2\xalan-2.7.2.jar;C:\Users\tamar\.m2\repository\xalan\serializer\2.7.2\serializer-2.7.2.jar;C:\Users\tamar\.m2\repository\org\apache\commons\commons-lang3\3.11\commons-lang3-3.11.jar;C:\Users\tamar\.m2\repository\org\apache\commons\commons-text\1.9\commons-text-1.9.jar;C:\Users\tamar\.m2\repository\org\apache\httpcomponents\httpmime\4.5.13\httpmime-4.5.13.jar;C:\Users\tamar\.m2\repository\org\apache\httpcomponents\httpclient\4.5.13\httpclient-4.5.13.jar;C:\Users\tamar\.m2\repository\org\apache\httpcomponents\httpcore\4.4.14\httpcore-4.4.14.jar;C:\Users\tamar\.m2\repository\commons-codec\commons-codec\1.15\commons-codec-1.15.jar;C:\Users\tamar\.m2\repository\net\sourceforge\htmlunit\htmlunit-core-js\2.44.0\htmlunit-core-js-2.44.0.jar;C:\Users\tamar\.m2\repository\net\sourceforge\htmlunit\neko-htmlunit\2.44.0\neko-htmlunit-2.44.0.jar;C:\Users\tamar\.m2\repository\xerces\xercesImpl\2.12.0\xercesImpl-2.12.0.jar;C:\Users\tamar\.m2\repository\xml-apis\xml-apis\1.4.01\xml-apis-1.4.01.jar;C:\Users\tamar\.m2\repository\net\sourceforge\htmlunit\htmlunit-cssparser\1.6.0\htmlunit-cssparser-1.6.0.jar;C:\Users\tamar\.m2\repository\commons-io\commons-io\2.8.0\commons-io-2.8.0.jar;C:\Users\tamar\.m2\repository\commons-net\commons-net\3.7.1\commons-net-3.7.1.jar;C:\Users\tamar\.m2\repository\org\brotli\dec\0.1.2\dec-0.1.2.jar;C:\Users\tamar\.m2\repository\com\shapesecurity\salvation2\3.0.0\salvation2-3.0.0.jar;C:\Users\tamar\.m2\repository\org\eclipse\jetty\websocket\websocket-client\9.4.35.v20201120\websocket-client-9.4.35.v20201120.jar;C:\Users\tamar\.m2\repository\org\eclipse\jetty\jetty-client\9.4.35.v20201120\jetty-client-9.4.35.v20201120.jar;C:\Users\tamar\.m2\repository\org\eclipse\jetty\jetty-http\9.4.35.v20201120\jetty-http-9.4.35.v20201120.jar;C:\Users\tamar\.m2\repository\org\eclipse\jetty\jetty-util\9.4.35.v20201120\jetty-util-9.4.35.v20201120.jar;C:\Users\tamar\.m2\repository\org\eclipse\jetty\jetty-io\9.4.35.v20201120\jetty-io-9.4.35.v20201120.jar;C:\Users\tamar\.m2\repository\org\eclipse\jetty\websocket\websocket-common\9.4.35.v20201120\websocket-common-9.4.35.v20201120.jar;C:\Users\tamar\.m2\repository\org\eclipse\jetty\websocket\websocket-api\9.4.35.v20201120\websocket-api-9.4.35.v20201120.jar
Launcher Type: SUN_STANDARD

[Global flags]
     intx CICompilerCount                          = 4                                         {product} {ergonomic}
     uint ConcGCThreads                            = 2                                         {product} {ergonomic}
     uint G1ConcRefinementThreads                  = 8                                         {product} {ergonomic}
   size_t G1HeapRegionSize                         = 1048576                                   {product} {ergonomic}
    uintx GCDrainStackTargetSize                   = 64                                        {product} {ergonomic}
   size_t InitialHeapSize                          = 130023424                                 {product} {ergonomic}
   size_t MarkStackSize                            = 4194304                                   {product} {ergonomic}
   size_t MaxHeapSize                              = 2076180480                                {product} {ergonomic}
   size_t MaxNewSize                               = 1245708288                                {product} {ergonomic}
   size_t MinHeapDeltaBytes                        = 1048576                                   {product} {ergonomic}
   size_t MinHeapSize                              = 8388608                                   {product} {ergonomic}
    uintx NonNMethodCodeHeapSize                   = 5839372                                {pd product} {ergonomic}
    uintx NonProfiledCodeHeapSize                  = 122909434                              {pd product} {ergonomic}
    uintx ProfiledCodeHeapSize                     = 122909434                              {pd product} {ergonomic}
    uintx ReservedCodeCacheSize                    = 251658240                              {pd product} {ergonomic}
     bool SegmentedCodeCache                       = true                                      {product} {ergonomic}
   size_t SoftMaxHeapSize                          = 2076180480                             {manageable} {ergonomic}
     bool UseCompressedClassPointers               = true                           {product lp64_product} {ergonomic}
     bool UseCompressedOops                        = true                           {product lp64_product} {ergonomic}
     bool UseG1GC                                  = true                                      {product} {ergonomic}
     bool UseLargePagesIndividualAllocation        = false                                  {pd product} {ergonomic}

Logging:
Log output configuration:
 #0: stdout all=warning uptime,level,tags foldmultilines=false
 #1: stderr all=off uptime,level,tags foldmultilines=false

Environment Variables:
PATH=C:\Program Files\ImageMagick-7.1.1-Q16-HDRI;C:\ffmpeg\bin;C:\Windows\system32;C:\Windows;C:\Windows\System32\Wbem;C:\Windows\System32\WindowsPowerShell\v1.0\;C:\Windows\System32\OpenSSH\;C:\Program Files (x86)\NVIDIA Corporation\PhysX\Common;C:\Program Files\PuTTY\;C:\Program Files\Git\cmd;C:\Users\tamar\AppData\Local\Microsoft\WindowsApps;C:\Users\tamar\AppData\Local\JetBrains\Toolbox\scripts;C:\Program Files\Docker\Docker\resources\bin;C:\Users\tamar\AppData\Local\Programs\Python\Python312\Scripts\;C:\Users\tamar\AppData\Local\Programs\Python\Python312\;C:\Users\tamar\AppData\Local\Programs\Python\Launcher\;C:\Users\tamar\AppData\Local\JetBrains\Toolbox\scripts;C:\Users\tamar\AppData\Local\Microsoft\WindowsApps;
USERNAME=tamar
OS=Windows_NT
PROCESSOR_IDENTIFIER=Intel64 Family 6 Model 140 Stepping 1, GenuineIntel
TMP=C:\Users\tamar\AppData\Local\Temp
TEMP=C:\Users\tamar\AppData\Local\Temp



---------------  S Y S T E M  ---------------

OS:
 Windows 10 , 64 bit Build 19041 (10.0.19041.4717)
OS uptime: 2 days 22:50 hours
Hyper-V role detected

CPU: total 8 (initial active 8) (4 cores per cpu, 2 threads per core) family 6 model 140 stepping 1 microcode 0xb4, cx8, cmov, fxsr, ht, mmx, 3dnowpref, sse, sse2, sse3, ssse3, sse4.1, sse4.2, popcnt, lzcnt, tsc, tscinvbit, avx, avx2, aes, erms, clmul, bmi1, bmi2, adx, avx512f, avx512dq, avx512cd, avx512bw, avx512vl, sha, fma, vzeroupper, avx512_vpopcntdq, avx512_vpclmulqdq, avx512_vaes, avx512_vnni, clflush, clflushopt, clwb, avx512_vbmi2, avx512_vbmi, hv, rdtscp, rdpid, fsrm, gfni, avx512_bitalg

Memory: 4k page, system-wide physical 7918M (693M free)
TotalPageFile size 23615M (AvailPageFile size 9M)
current process WorkingSet (physical memory assigned to process): 319M, peak: 324M
current process commit charge ("private bytes"): 401M, peak: 436M

vm_info: OpenJDK 64-Bit Server VM (19.0.2+7-44) for windows-amd64 JRE (19.0.2+7-44), built on 2022-11-30T18:02:09Z by "mach5one" with MS VC++ 17.1 (VS2022)

END.
